Top 20 Sort By Count
Count   Total      Mean    Stddev    Min  P50.0  P90.0  P95.0  P99.0    Max  2xx  3xx  4xx  5xx  Request
  316   0.000  0.000000  0.000000  0.000  0.000  0.000  0.000  0.000  0.000  316    0    0    0  GET /favicon.ico HTTP/1.1
  315   0.000  0.000000  0.000000  0.000  0.000  0.000  0.000  0.000  0.000  315    0    0    0  GET /js/script.js HTTP/1.1
  314   0.000  0.000000  0.000000  0.000  0.000  0.000  0.000  0.000  0.000  314    0    0    0  GET /css/style.css HTTP/1.1
  175  69.573  0.397560  0.374569  0.003  0.341  0.896  1.075  1.357  1.362  175    0    0    0  GET / HTTP/1.1
   60   6.696  0.111600  0.218103  0.004  0.007  0.618  0.650  0.868  0.868    0   60    0    0  POST /login HTTP/1.1
   18   6.993  0.388500  0.294109  0.032  0.332  0.898  1.308  1.308  1.308   18    0    0    0  GET /noriaki HTTP/1.1
   18   6.435  0.357500  0.340482  0.033  0.324  0.910  1.269  1.269  1.269   18    0    0    0  GET /masuzo HTTP/1.1
   15   3.053  0.203533  0.138873  0.090  0.139  0.509  0.512  0.512  0.512   15    0    0    0  GET /toshihiro HTTP/1.1
   15   2.703  0.180200  0.151661  0.018  0.098  0.468  0.488  0.488  0.488    0   15    0    0  POST /follow HTTP/1.1
   15   1.943  0.129533  0.119293  0.016  0.090  0.309  0.462  0.462  0.462    0   15    0    0  POST /unfollow HTTP/1.1
   15   4.549  0.303267  0.217865  0.032  0.268  0.649  0.669  0.669  0.669    0   15    0    0  POST / HTTP/1.1
   15   8.977  0.598467  0.403106  0.005  0.623  1.223  1.237  1.237  1.237    0   15    0    0  POST /logout HTTP/1.1
   13   4.865  0.374231  0.248080  0.057  0.310  0.700  0.984  0.984  0.984   13    0    0    0  GET /kunimasa HTTP/1.1
   13   4.642  0.357077  0.281142  0.057  0.333  0.716  0.974  0.974  0.974   13    0    0    0  GET /masatoshi HTTP/1.1
    6   6.335  1.055833  0.261037  0.662  0.991  1.505  1.505  1.505  1.505    6    0    0    0  GET /hashtag/travel HTTP/1.1
    6   6.788  1.131333  0.318667  0.633  1.217  1.620  1.620  1.620  1.620    6    0    0    0  GET /search?q=travel HTTP/1.1
    5   5.665  1.133000  0.410372  0.356  1.236  1.580  1.580  1.580  1.580    5    0    0    0  GET /search?q=%E5%8B%9F%E9%9B%86 HTTP/1.1
    5   2.005  0.401000  0.398614  0.042  0.146  0.888  0.888  0.888  0.888    5    0    0    0  GET /hakaru HTTP/1.1
    5   6.766  1.353200  0.288068  0.948  1.559  1.601  1.601  1.601  1.601    5    0    0    0  GET /hashtag/%E3%83%80%E3%82%A4%E3%82%A8%E3%83%83%E3%83%88 HTTP/1.1
    5   6.372  1.274400  0.356929  0.743  1.512  1.635  1.635  1.635  1.635    5    0    0    0  GET /search?q=%E3%83%80%E3%82%A4%E3%82%A8%E3%83%83%E3%83%88 HTTP/1.1

Top 20 Sort By Total
Count   Total      Mean    Stddev    Min  P50.0  P90.0  P95.0  P99.0    Max  2xx  3xx  4xx  5xx  Request
  175  69.573  0.397560  0.374569  0.003  0.341  0.896  1.075  1.357  1.362  175    0    0    0  GET / HTTP/1.1
   15   8.977  0.598467  0.403106  0.005  0.623  1.223  1.237  1.237  1.237    0   15    0    0  POST /logout HTTP/1.1
   18   6.993  0.388500  0.294109  0.032  0.332  0.898  1.308  1.308  1.308   18    0    0    0  GET /noriaki HTTP/1.1
    6   6.788  1.131333  0.318667  0.633  1.217  1.620  1.620  1.620  1.620    6    0    0    0  GET /search?q=travel HTTP/1.1
    5   6.766  1.353200  0.288068  0.948  1.559  1.601  1.601  1.601  1.601    5    0    0    0  GET /hashtag/%E3%83%80%E3%82%A4%E3%82%A8%E3%83%83%E3%83%88 HTTP/1.1
   60   6.696  0.111600  0.218103  0.004  0.007  0.618  0.650  0.868  0.868    0   60    0    0  POST /login HTTP/1.1
   18   6.435  0.357500  0.340482  0.033  0.324  0.910  1.269  1.269  1.269   18    0    0    0  GET /masuzo HTTP/1.1
    5   6.372  1.274400  0.356929  0.743  1.512  1.635  1.635  1.635  1.635    5    0    0    0  GET /search?q=%E3%83%80%E3%82%A4%E3%82%A8%E3%83%83%E3%83%88 HTTP/1.1
    6   6.335  1.055833  0.261037  0.662  0.991  1.505  1.505  1.505  1.505    6    0    0    0  GET /hashtag/travel HTTP/1.1
    5   5.665  1.133000  0.410372  0.356  1.236  1.580  1.580  1.580  1.580    5    0    0    0  GET /search?q=%E5%8B%9F%E9%9B%86 HTTP/1.1
   13   4.865  0.374231  0.248080  0.057  0.310  0.700  0.984  0.984  0.984   13    0    0    0  GET /kunimasa HTTP/1.1
    4   4.707  1.176750  0.390946  0.624  1.498  1.589  1.589  1.589  1.589    4    0    0    0  GET /hashtag/%E9%A3%9F%E4%BA%8B HTTP/1.1
   13   4.642  0.357077  0.281142  0.057  0.333  0.716  0.974  0.974  0.974   13    0    0    0  GET /masatoshi HTTP/1.1
   15   4.549  0.303267  0.217865  0.032  0.268  0.649  0.669  0.669  0.669    0   15    0    0  POST / HTTP/1.1
    4   4.299  1.074750  0.332374  0.635  1.150  1.554  1.554  1.554  1.554    4    0    0    0  GET /hashtag/%E3%81%8A%E3%81%99%E3%81%99%E3%82%81 HTTP/1.1
    4   4.293  1.073250  0.497356  0.323  1.456  1.583  1.583  1.583  1.583    4    0    0    0  GET /search?q=%E7%BE%8E%E5%91%B3%E3%81%97%E3%81%84 HTTP/1.1
    3   3.931  1.310333  0.043775  1.262  1.301  1.368  1.368  1.368  1.368    3    0    0    0  GET /hashtag/sports HTTP/1.1
    3   3.739  1.246333  0.216383  0.960  1.296  1.483  1.483  1.483  1.483    3    0    0    0  GET /search?q=sports HTTP/1.1
    3   3.637  1.212333  0.344597  0.742  1.337  1.558  1.558  1.558  1.558    3    0    0    0  GET /hashtag/foods HTTP/1.1
   15   3.053  0.203533  0.138873  0.090  0.139  0.509  0.512  0.512  0.512   15    0    0    0  GET /toshihiro HTTP/1.1

Top 20 Sort By Mean
Count  Total      Mean    Stddev    Min  P50.0  P90.0  P95.0  P99.0    Max  2xx  3xx  4xx  5xx  Request
    5  6.766  1.353200  0.288068  0.948  1.559  1.601  1.601  1.601  1.601    5    0    0    0  GET /hashtag/%E3%83%80%E3%82%A4%E3%82%A8%E3%83%83%E3%83%88 HTTP/1.1
    2  2.655  1.327500  0.026500  1.301  1.354  1.354  1.354  1.354  1.354    2    0    0    0  GET /hashtag/%E6%97%85%E8%A1%8C HTTP/1.1
    3  3.931  1.310333  0.043775  1.262  1.301  1.368  1.368  1.368  1.368    3    0    0    0  GET /hashtag/sports HTTP/1.1
    5  6.372  1.274400  0.356929  0.743  1.512  1.635  1.635  1.635  1.635    5    0    0    0  GET /search?q=%E3%83%80%E3%82%A4%E3%82%A8%E3%83%83%E3%83%88 HTTP/1.1
    3  3.739  1.246333  0.216383  0.960  1.296  1.483  1.483  1.483  1.483    3    0    0    0  GET /search?q=sports HTTP/1.1
    3  3.637  1.212333  0.344597  0.742  1.337  1.558  1.558  1.558  1.558    3    0    0    0  GET /hashtag/foods HTTP/1.1
    2  2.371  1.185500  0.253500  0.932  1.439  1.439  1.439  1.439  1.439    2    0    0    0  GET /hashtag/%E5%8B%9F%E9%9B%86 HTTP/1.1
    4  4.707  1.176750  0.390946  0.624  1.498  1.589  1.589  1.589  1.589    4    0    0    0  GET /hashtag/%E9%A3%9F%E4%BA%8B HTTP/1.1
    2  2.336  1.168000  0.427000  0.741  1.595  1.595  1.595  1.595  1.595    2    0    0    0  GET /hashtag/%E3%82%B9%E3%83%9D%E3%83%BC%E3%83%84 HTTP/1.1
    2  2.290  1.145000  0.017000  1.128  1.162  1.162  1.162  1.162  1.162    2    0    0    0  GET /hashtag/%E6%B5%B7%E5%A4%96 HTTP/1.1
    5  5.665  1.133000  0.410372  0.356  1.236  1.580  1.580  1.580  1.580    5    0    0    0  GET /search?q=%E5%8B%9F%E9%9B%86 HTTP/1.1
    6  6.788  1.131333  0.318667  0.633  1.217  1.620  1.620  1.620  1.620    6    0    0    0  GET /search?q=travel HTTP/1.1
    1  1.111  1.111000  0.000000  1.111  1.111  1.111  1.111  1.111  1.111    1    0    0    0  GET /?append=1&until=2016-12-29+13%3A36%3A08 HTTP/1.1
    2  2.218  1.109000  0.001000  1.108  1.110  1.110  1.110  1.110  1.110    2    0    0    0  GET /?append=1&until=2016-12-28+19%3A49%3A08 HTTP/1.1
    1  1.106  1.106000  0.000000  1.106  1.106  1.106  1.106  1.106  1.106    1    0    0    0  GET /?append=1&until=2016-12-27+07%3A55%3A36 HTTP/1.1
    1  1.105  1.105000  0.000000  1.105  1.105  1.105  1.105  1.105  1.105    1    0    0    0  GET /?append=1&until=2016-12-27+04%3A07%3A55 HTTP/1.1
    1  1.104  1.104000  0.000000  1.104  1.104  1.104  1.104  1.104  1.104    1    0    0    0  GET /?append=1&until=2016-12-26+08%3A21%3A24 HTTP/1.1
    1  1.103  1.103000  0.000000  1.103  1.103  1.103  1.103  1.103  1.103    1    0    0    0  GET /?append=1&until=2016-12-25+23%3A00%3A15 HTTP/1.1
    1  1.103  1.103000  0.000000  1.103  1.103  1.103  1.103  1.103  1.103    1    0    0    0  GET /?append=1&until=2016-12-25+23%3A05%3A48 HTTP/1.1
    1  1.102  1.102000  0.000000  1.102  1.102  1.102  1.102  1.102  1.102    1    0    0    0  GET /?append=1&until=2016-12-28+18%3A59%3A11 HTTP/1.1

Top 20 Sort By Standard Deviation
Count   Total      Mean    Stddev    Min  P50.0  P90.0  P95.0  P99.0    Max  2xx  3xx  4xx  5xx  Request
    4   4.293  1.073250  0.497356  0.323  1.456  1.583  1.583  1.583  1.583    4    0    0    0  GET /search?q=%E7%BE%8E%E5%91%B3%E3%81%97%E3%81%84 HTTP/1.1
    3   1.931  0.643667  0.434475  0.032  0.899  1.000  1.000  1.000  1.000    3    0    0    0  GET /sachio HTTP/1.1
    3   1.129  0.376333  0.429923  0.055  0.090  0.984  0.984  0.984  0.984    3    0    0    0  GET /koichiro HTTP/1.1
    2   2.336  1.168000  0.427000  0.741  1.595  1.595  1.595  1.595  1.595    2    0    0    0  GET /hashtag/%E3%82%B9%E3%83%9D%E3%83%BC%E3%83%84 HTTP/1.1
    5   5.665  1.133000  0.410372  0.356  1.236  1.580  1.580  1.580  1.580    5    0    0    0  GET /search?q=%E5%8B%9F%E9%9B%86 HTTP/1.1
   15   8.977  0.598467  0.403106  0.005  0.623  1.223  1.237  1.237  1.237    0   15    0    0  POST /logout HTTP/1.1
    5   2.005  0.401000  0.398614  0.042  0.146  0.888  0.888  0.888  0.888    5    0    0    0  GET /hakaru HTTP/1.1
    3   1.768  0.589333  0.394230  0.057  0.712  0.999  0.999  0.999  0.999    3    0    0    0  GET /nobuo HTTP/1.1
    4   4.707  1.176750  0.390946  0.624  1.498  1.589  1.589  1.589  1.589    4    0    0    0  GET /hashtag/%E9%A3%9F%E4%BA%8B HTTP/1.1
  175  69.573  0.397560  0.374569  0.003  0.341  0.896  1.075  1.357  1.362  175    0    0    0  GET / HTTP/1.1
    5   6.372  1.274400  0.356929  0.743  1.512  1.635  1.635  1.635  1.635    5    0    0    0  GET /search?q=%E3%83%80%E3%82%A4%E3%82%A8%E3%83%83%E3%83%88 HTTP/1.1
    3   2.714  0.904667  0.356045  0.641  0.665  1.408  1.408  1.408  1.408    3    0    0    0  GET /search?q=%E3%82%B9%E3%83%9D%E3%83%BC%E3%83%84 HTTP/1.1
    3   3.637  1.212333  0.344597  0.742  1.337  1.558  1.558  1.558  1.558    3    0    0    0  GET /hashtag/foods HTTP/1.1
   18   6.435  0.357500  0.340482  0.033  0.324  0.910  1.269  1.269  1.269   18    0    0    0  GET /masuzo HTTP/1.1
    4   4.299  1.074750  0.332374  0.635  1.150  1.554  1.554  1.554  1.554    4    0    0    0  GET /hashtag/%E3%81%8A%E3%81%99%E3%81%99%E3%82%81 HTTP/1.1
    2   1.539  0.769500  0.328500  0.441  1.098  1.098  1.098  1.098  1.098    2    0    0    0  GET /?append=1&until=2016-12-30+03%3A36%3A04 HTTP/1.1
    2   1.314  0.657000  0.319000  0.338  0.976  0.976  0.976  0.976  0.976    2    0    0    0  GET /search?q=foods HTTP/1.1
    6   6.788  1.131333  0.318667  0.633  1.217  1.620  1.620  1.620  1.620    6    0    0    0  GET /search?q=travel HTTP/1.1
    2   1.853  0.926500  0.303500  0.623  1.230  1.230  1.230  1.230  1.230    2    0    0    0  GET /hashtag/%E7%BE%8E%E5%91%B3%E3%81%97%E3%81%84 HTTP/1.1
    5   1.680  0.336000  0.298975  0.066  0.145  0.702  0.702  0.702  0.702    5    0    0    0  GET /masaie HTTP/1.1

Top 20 Sort By Maximum(100 Percentile)
Count   Total      Mean    Stddev    Min  P50.0  P90.0  P95.0  P99.0    Max  2xx  3xx  4xx  5xx  Request
    5   6.372  1.274400  0.356929  0.743  1.512  1.635  1.635  1.635  1.635    5    0    0    0  GET /search?q=%E3%83%80%E3%82%A4%E3%82%A8%E3%83%83%E3%83%88 HTTP/1.1
    6   6.788  1.131333  0.318667  0.633  1.217  1.620  1.620  1.620  1.620    6    0    0    0  GET /search?q=travel HTTP/1.1
    5   6.766  1.353200  0.288068  0.948  1.559  1.601  1.601  1.601  1.601    5    0    0    0  GET /hashtag/%E3%83%80%E3%82%A4%E3%82%A8%E3%83%83%E3%83%88 HTTP/1.1
    2   2.336  1.168000  0.427000  0.741  1.595  1.595  1.595  1.595  1.595    2    0    0    0  GET /hashtag/%E3%82%B9%E3%83%9D%E3%83%BC%E3%83%84 HTTP/1.1
    4   4.707  1.176750  0.390946  0.624  1.498  1.589  1.589  1.589  1.589    4    0    0    0  GET /hashtag/%E9%A3%9F%E4%BA%8B HTTP/1.1
    4   4.293  1.073250  0.497356  0.323  1.456  1.583  1.583  1.583  1.583    4    0    0    0  GET /search?q=%E7%BE%8E%E5%91%B3%E3%81%97%E3%81%84 HTTP/1.1
    5   5.665  1.133000  0.410372  0.356  1.236  1.580  1.580  1.580  1.580    5    0    0    0  GET /search?q=%E5%8B%9F%E9%9B%86 HTTP/1.1
    3   3.637  1.212333  0.344597  0.742  1.337  1.558  1.558  1.558  1.558    3    0    0    0  GET /hashtag/foods HTTP/1.1
    4   4.299  1.074750  0.332374  0.635  1.150  1.554  1.554  1.554  1.554    4    0    0    0  GET /hashtag/%E3%81%8A%E3%81%99%E3%81%99%E3%82%81 HTTP/1.1
    6   6.335  1.055833  0.261037  0.662  0.991  1.505  1.505  1.505  1.505    6    0    0    0  GET /hashtag/travel HTTP/1.1
    3   3.739  1.246333  0.216383  0.960  1.296  1.483  1.483  1.483  1.483    3    0    0    0  GET /search?q=sports HTTP/1.1
    2   2.371  1.185500  0.253500  0.932  1.439  1.439  1.439  1.439  1.439    2    0    0    0  GET /hashtag/%E5%8B%9F%E9%9B%86 HTTP/1.1
    3   2.714  0.904667  0.356045  0.641  0.665  1.408  1.408  1.408  1.408    3    0    0    0  GET /search?q=%E3%82%B9%E3%83%9D%E3%83%BC%E3%83%84 HTTP/1.1
    3   3.931  1.310333  0.043775  1.262  1.301  1.368  1.368  1.368  1.368    3    0    0    0  GET /hashtag/sports HTTP/1.1
  175  69.573  0.397560  0.374569  0.003  0.341  0.896  1.075  1.357  1.362  175    0    0    0  GET / HTTP/1.1
    2   2.655  1.327500  0.026500  1.301  1.354  1.354  1.354  1.354  1.354    2    0    0    0  GET /hashtag/%E6%97%85%E8%A1%8C HTTP/1.1
   18   6.993  0.388500  0.294109  0.032  0.332  0.898  1.308  1.308  1.308   18    0    0    0  GET /noriaki HTTP/1.1
    3   2.837  0.945667  0.268232  0.619  0.942  1.276  1.276  1.276  1.276    3    0    0    0  GET /search?q=%E6%B5%B7%E5%A4%96 HTTP/1.1
   18   6.435  0.357500  0.340482  0.033  0.324  0.910  1.269  1.269  1.269   18    0    0    0  GET /masuzo HTTP/1.1
   15   8.977  0.598467  0.403106  0.005  0.623  1.223  1.237  1.237  1.237    0   15    0    0  POST /logout HTTP/1.1

TOP 37 Slow Requests
 1  1.635  GET /search?q=%E3%83%80%E3%82%A4%E3%82%A8%E3%83%83%E3%83%88 HTTP/1.1
 2  1.620  GET /search?q=travel HTTP/1.1
 3  1.601  GET /hashtag/%E3%83%80%E3%82%A4%E3%82%A8%E3%83%83%E3%83%88 HTTP/1.1
 4  1.599  GET /hashtag/%E3%83%80%E3%82%A4%E3%82%A8%E3%83%83%E3%83%88 HTTP/1.1
 5  1.595  GET /hashtag/%E3%82%B9%E3%83%9D%E3%83%BC%E3%83%84 HTTP/1.1
 6  1.589  GET /hashtag/%E9%A3%9F%E4%BA%8B HTTP/1.1
 7  1.583  GET /search?q=%E7%BE%8E%E5%91%B3%E3%81%97%E3%81%84 HTTP/1.1
 8  1.580  GET /search?q=%E5%8B%9F%E9%9B%86 HTTP/1.1
 9  1.559  GET /hashtag/%E3%83%80%E3%82%A4%E3%82%A8%E3%83%83%E3%83%88 HTTP/1.1
10  1.558  GET /hashtag/foods HTTP/1.1
11  1.554  GET /hashtag/%E3%81%8A%E3%81%99%E3%81%99%E3%82%81 HTTP/1.1
12  1.529  GET /search?q=%E3%83%80%E3%82%A4%E3%82%A8%E3%83%83%E3%83%88 HTTP/1.1
13  1.512  GET /search?q=%E3%83%80%E3%82%A4%E3%82%A8%E3%83%83%E3%83%88 HTTP/1.1
14  1.505  GET /hashtag/travel HTTP/1.1
15  1.498  GET /hashtag/%E9%A3%9F%E4%BA%8B HTTP/1.1
16  1.483  GET /search?q=sports HTTP/1.1
17  1.456  GET /search?q=%E7%BE%8E%E5%91%B3%E3%81%97%E3%81%84 HTTP/1.1
18  1.439  GET /hashtag/%E5%8B%9F%E9%9B%86 HTTP/1.1
19  1.408  GET /search?q=%E3%82%B9%E3%83%9D%E3%83%BC%E3%83%84 HTTP/1.1
20  1.368  GET /hashtag/sports HTTP/1.1
21  1.362  GET / HTTP/1.1
22  1.357  GET / HTTP/1.1
23  1.354  GET /hashtag/%E6%97%85%E8%A1%8C HTTP/1.1
24  1.337  GET /hashtag/foods HTTP/1.1
25  1.308  GET /noriaki HTTP/1.1
26  1.301  GET /hashtag/sports HTTP/1.1
27  1.301  GET /hashtag/%E6%97%85%E8%A1%8C HTTP/1.1
28  1.296  GET /search?q=sports HTTP/1.1
29  1.293  GET / HTTP/1.1
30  1.280  GET / HTTP/1.1
31  1.279  GET /search?q=%E5%8B%9F%E9%9B%86 HTTP/1.1
32  1.276  GET /search?q=%E6%B5%B7%E5%A4%96 HTTP/1.1
33  1.273  GET /search?q=travel HTTP/1.1
34  1.269  GET /masuzo HTTP/1.1
35  1.262  GET /hashtag/sports HTTP/1.1
36  1.237  POST /logout HTTP/1.1
37  1.236  GET /search?q=%E5%8B%9F%E9%9B%86 HTTP/1.1
