Top 20 Sort By Count
Count   Total      Mean    Stddev    Min  P50.0  P90.0  P95.0  P99.0    Max   2xx   3xx  4xx  5xx  Request
 7738   0.000  0.000000  0.000000  0.000  0.000  0.000  0.000  0.000  0.000  7738     0    0    0  GET /favicon.ico HTTP/1.1
 7735   0.000  0.000000  0.000000  0.000  0.000  0.000  0.000  0.000  0.000  7735     0    0    0  GET /css/*
 7735   0.000  0.000000  0.000000  0.000  0.000  0.000  0.000  0.000  0.000  7735     0    0    0  GET /js/*
 4074  72.001  0.017673  0.013793  0.001  0.019  0.036  0.041  0.051  0.073  4074     0    0    0  GET / HTTP/1.1
 2040  56.871  0.027878  0.007988  0.012  0.026  0.038  0.044  0.054  0.069  2040     0    0    0  GET /?append=1&until=*
 1224   6.194  0.005060  0.005403  0.001  0.003  0.012  0.017  0.028  0.043     0  1224    0    0  POST /login HTTP/1.1
  817  31.658  0.038749  0.014929  0.019  0.037  0.055  0.060  0.074  0.235   817     0    0    0  GET /search?q=*
  817  31.492  0.038546  0.014187  0.019  0.037  0.055  0.062  0.080  0.233   817     0    0    0  GET /hashtag/*
  408   4.188  0.010265  0.006448  0.004  0.008  0.018  0.024  0.038  0.046     0   408    0    0  POST /unfollow HTTP/1.1
  406   2.543  0.006264  0.005499  0.002  0.004  0.014  0.019  0.027  0.028     0   406    0    0  POST / HTTP/1.1
  406   1.763  0.004342  0.005049  0.001  0.002  0.011  0.016  0.023  0.027     0   406    0    0  POST /logout HTTP/1.1
  406   4.405  0.010850  0.006268  0.004  0.008  0.021  0.025  0.031  0.039     0   406    0    0  POST /follow HTTP/1.1
   28   0.347  0.012393  0.003958  0.005  0.012  0.018  0.020  0.021  0.021    28     0    0    0  GET /keiju HTTP/1.1
   23   0.350  0.015217  0.008246  0.007  0.012  0.030  0.032  0.033  0.033    23     0    0    0  GET /shigenaga HTTP/1.1
   23   0.375  0.016304  0.008317  0.006  0.014  0.028  0.033  0.038  0.038    23     0    0    0  GET /hitoshi HTTP/1.1
   23   0.336  0.014609  0.004771  0.008  0.013  0.021  0.021  0.027  0.027    23     0    0    0  GET /hisayuki HTTP/1.1
   23   0.323  0.014043  0.006259  0.008  0.013  0.027  0.028  0.029  0.029    23     0    0    0  GET /nobusada HTTP/1.1
   23   0.269  0.011696  0.004348  0.005  0.010  0.016  0.020  0.024  0.024    23     0    0    0  GET /kanematsu HTTP/1.1
   23   0.358  0.015565  0.005601  0.007  0.016  0.025  0.025  0.028  0.028    23     0    0    0  GET /yasuhisa HTTP/1.1
   23   0.329  0.014304  0.005401  0.006  0.013  0.021  0.026  0.026  0.026    23     0    0    0  GET /shozo HTTP/1.1

Top 20 Sort By Total
Count   Total      Mean    Stddev    Min  P50.0  P90.0  P95.0  P99.0    Max   2xx   3xx  4xx  5xx  Request
 4074  72.001  0.017673  0.013793  0.001  0.019  0.036  0.041  0.051  0.073  4074     0    0    0  GET / HTTP/1.1
 2040  56.871  0.027878  0.007988  0.012  0.026  0.038  0.044  0.054  0.069  2040     0    0    0  GET /?append=1&until=*
  817  31.658  0.038749  0.014929  0.019  0.037  0.055  0.060  0.074  0.235   817     0    0    0  GET /search?q=*
  817  31.492  0.038546  0.014187  0.019  0.037  0.055  0.062  0.080  0.233   817     0    0    0  GET /hashtag/*
 1224   6.194  0.005060  0.005403  0.001  0.003  0.012  0.017  0.028  0.043     0  1224    0    0  POST /login HTTP/1.1
  406   4.405  0.010850  0.006268  0.004  0.008  0.021  0.025  0.031  0.039     0   406    0    0  POST /follow HTTP/1.1
  408   4.188  0.010265  0.006448  0.004  0.008  0.018  0.024  0.038  0.046     0   408    0    0  POST /unfollow HTTP/1.1
  406   2.543  0.006264  0.005499  0.002  0.004  0.014  0.019  0.027  0.028     0   406    0    0  POST / HTTP/1.1
  406   1.763  0.004342  0.005049  0.001  0.002  0.011  0.016  0.023  0.027     0   406    0    0  POST /logout HTTP/1.1
    1   0.997  0.997000  0.000000  0.997  0.997  0.997  0.997  0.997  0.997     1     0    0    0  GET /initialize HTTP/1.1
   23   0.375  0.016304  0.008317  0.006  0.014  0.028  0.033  0.038  0.038    23     0    0    0  GET /hitoshi HTTP/1.1
   23   0.358  0.015565  0.005601  0.007  0.016  0.025  0.025  0.028  0.028    23     0    0    0  GET /yasuhisa HTTP/1.1
   23   0.350  0.015217  0.008246  0.007  0.012  0.030  0.032  0.033  0.033    23     0    0    0  GET /shigenaga HTTP/1.1
   28   0.347  0.012393  0.003958  0.005  0.012  0.018  0.020  0.021  0.021    28     0    0    0  GET /keiju HTTP/1.1
   23   0.336  0.014609  0.004771  0.008  0.013  0.021  0.021  0.027  0.027    23     0    0    0  GET /hisayuki HTTP/1.1
   23   0.329  0.014304  0.005401  0.006  0.013  0.021  0.026  0.026  0.026    23     0    0    0  GET /shozo HTTP/1.1
   23   0.328  0.014261  0.006771  0.006  0.012  0.019  0.026  0.037  0.037    23     0    0    0  GET /joji HTTP/1.1
   23   0.323  0.014043  0.006259  0.008  0.013  0.027  0.028  0.029  0.029    23     0    0    0  GET /nobusada HTTP/1.1
   23   0.306  0.013304  0.005744  0.008  0.012  0.018  0.018  0.036  0.036    23     0    0    0  GET /hideshi HTTP/1.1
   18   0.299  0.016611  0.007776  0.005  0.015  0.030  0.034  0.034  0.034    18     0    0    0  GET /kazuyuki HTTP/1.1

Top 20 Sort By Mean
Count   Total      Mean    Stddev    Min  P50.0  P90.0  P95.0  P99.0    Max   2xx  3xx  4xx  5xx  Request
    1   0.997  0.997000  0.000000  0.997  0.997  0.997  0.997  0.997  0.997     1    0    0    0  GET /initialize HTTP/1.1
  817  31.658  0.038749  0.014929  0.019  0.037  0.055  0.060  0.074  0.235   817    0    0    0  GET /search?q=*
  817  31.492  0.038546  0.014187  0.019  0.037  0.055  0.062  0.080  0.233   817    0    0    0  GET /hashtag/*
 2040  56.871  0.027878  0.007988  0.012  0.026  0.038  0.044  0.054  0.069  2040    0    0    0  GET /?append=1&until=*
    3   0.068  0.022667  0.008055  0.016  0.018  0.034  0.034  0.034  0.034     3    0    0    0  GET /jutaro HTTP/1.1
    3   0.063  0.021000  0.008524  0.009  0.026  0.028  0.028  0.028  0.028     3    0    0    0  GET /ichizo HTTP/1.1
    8   0.163  0.020375  0.010700  0.006  0.021  0.042  0.042  0.042  0.042     8    0    0    0  GET /jukichi HTTP/1.1
    3   0.060  0.020000  0.015748  0.006  0.012  0.042  0.042  0.042  0.042     3    0    0    0  GET /teiko HTTP/1.1
    8   0.160  0.020000  0.007746  0.010  0.021  0.033  0.033  0.033  0.033     8    0    0    0  GET /yukihiro HTTP/1.1
    8   0.159  0.019875  0.010373  0.007  0.019  0.036  0.036  0.036  0.036     8    0    0    0  GET /matsuki HTTP/1.1
    8   0.158  0.019750  0.013581  0.006  0.013  0.044  0.044  0.044  0.044     8    0    0    0  GET /aritomo HTTP/1.1
    3   0.059  0.019667  0.010873  0.011  0.013  0.035  0.035  0.035  0.035     3    0    0    0  GET /isao HTTP/1.1
   13   0.249  0.019154  0.014712  0.007  0.012  0.034  0.060  0.060  0.060    13    0    0    0  GET /gentaro HTTP/1.1
   13   0.244  0.018769  0.010154  0.008  0.018  0.030  0.045  0.045  0.045    13    0    0    0  GET /masakatsu HTTP/1.1
    3   0.056  0.018667  0.005907  0.014  0.015  0.027  0.027  0.027  0.027     3    0    0    0  GET /hiroyoshi HTTP/1.1
    3   0.055  0.018333  0.008498  0.010  0.015  0.030  0.030  0.030  0.030     3    0    0    0  GET /yasuji HTTP/1.1
    8   0.144  0.018000  0.008689  0.005  0.021  0.033  0.033  0.033  0.033     8    0    0    0  GET /kagemori HTTP/1.1
    8   0.144  0.018000  0.006205  0.006  0.019  0.025  0.025  0.025  0.025     8    0    0    0  GET /michiya HTTP/1.1
    3   0.054  0.018000  0.011776  0.006  0.014  0.034  0.034  0.034  0.034     3    0    0    0  GET /haruhiro HTTP/1.1
 4074  72.001  0.017673  0.013793  0.001  0.019  0.036  0.041  0.051  0.073  4074    0    0    0  GET / HTTP/1.1

Top 20 Sort By Standard Deviation
Count   Total      Mean    Stddev    Min  P50.0  P90.0  P95.0  P99.0    Max   2xx  3xx  4xx  5xx  Request
    3   0.060  0.020000  0.015748  0.006  0.012  0.042  0.042  0.042  0.042     3    0    0    0  GET /teiko HTTP/1.1
  817  31.658  0.038749  0.014929  0.019  0.037  0.055  0.060  0.074  0.235   817    0    0    0  GET /search?q=*
   13   0.249  0.019154  0.014712  0.007  0.012  0.034  0.060  0.060  0.060    13    0    0    0  GET /gentaro HTTP/1.1
  817  31.492  0.038546  0.014187  0.019  0.037  0.055  0.062  0.080  0.233   817    0    0    0  GET /hashtag/*
 4074  72.001  0.017673  0.013793  0.001  0.019  0.036  0.041  0.051  0.073  4074    0    0    0  GET / HTTP/1.1
    8   0.158  0.019750  0.013581  0.006  0.013  0.044  0.044  0.044  0.044     8    0    0    0  GET /aritomo HTTP/1.1
    3   0.049  0.016333  0.013300  0.005  0.009  0.035  0.035  0.035  0.035     3    0    0    0  GET /hiromasa HTTP/1.1
    3   0.050  0.016667  0.012499  0.005  0.011  0.034  0.034  0.034  0.034     3    0    0    0  GET /kanesuke HTTP/1.1
    3   0.046  0.015333  0.011898  0.005  0.009  0.032  0.032  0.032  0.032     3    0    0    0  GET /nobukazu HTTP/1.1
    3   0.054  0.018000  0.011776  0.006  0.014  0.034  0.034  0.034  0.034     3    0    0    0  GET /haruhiro HTTP/1.1
    8   0.139  0.017375  0.011456  0.007  0.014  0.045  0.045  0.045  0.045     8    0    0    0  GET /suketsugu HTTP/1.1
    8   0.118  0.014750  0.011421  0.005  0.011  0.042  0.042  0.042  0.042     8    0    0    0  GET /naoya HTTP/1.1
    3   0.046  0.015333  0.011146  0.006  0.009  0.031  0.031  0.031  0.031     3    0    0    0  GET /katsukiyo HTTP/1.1
    3   0.059  0.019667  0.010873  0.011  0.013  0.035  0.035  0.035  0.035     3    0    0    0  GET /isao HTTP/1.1
    8   0.163  0.020375  0.010700  0.006  0.021  0.042  0.042  0.042  0.042     8    0    0    0  GET /jukichi HTTP/1.1
    8   0.121  0.015125  0.010670  0.006  0.012  0.042  0.042  0.042  0.042     8    0    0    0  GET /toshiyuki HTTP/1.1
    8   0.125  0.015625  0.010665  0.004  0.016  0.039  0.039  0.039  0.039     8    0    0    0  GET /kimio HTTP/1.1
    8   0.130  0.016250  0.010545  0.005  0.014  0.036  0.036  0.036  0.036     8    0    0    0  GET /shigeo HTTP/1.1
   13   0.204  0.015692  0.010403  0.005  0.015  0.022  0.048  0.048  0.048    13    0    0    0  GET /masakuni HTTP/1.1
    8   0.159  0.019875  0.010373  0.007  0.019  0.036  0.036  0.036  0.036     8    0    0    0  GET /matsuki HTTP/1.1

Top 20 Sort By Maximum(100 Percentile)
Count   Total      Mean    Stddev    Min  P50.0  P90.0  P95.0  P99.0    Max   2xx   3xx  4xx  5xx  Request
    1   0.997  0.997000  0.000000  0.997  0.997  0.997  0.997  0.997  0.997     1     0    0    0  GET /initialize HTTP/1.1
  817  31.658  0.038749  0.014929  0.019  0.037  0.055  0.060  0.074  0.235   817     0    0    0  GET /search?q=*
  817  31.492  0.038546  0.014187  0.019  0.037  0.055  0.062  0.080  0.233   817     0    0    0  GET /hashtag/*
 4074  72.001  0.017673  0.013793  0.001  0.019  0.036  0.041  0.051  0.073  4074     0    0    0  GET / HTTP/1.1
 2040  56.871  0.027878  0.007988  0.012  0.026  0.038  0.044  0.054  0.069  2040     0    0    0  GET /?append=1&until=*
   13   0.249  0.019154  0.014712  0.007  0.012  0.034  0.060  0.060  0.060    13     0    0    0  GET /gentaro HTTP/1.1
   13   0.204  0.015692  0.010403  0.005  0.015  0.022  0.048  0.048  0.048    13     0    0    0  GET /masakuni HTTP/1.1
  408   4.188  0.010265  0.006448  0.004  0.008  0.018  0.024  0.038  0.046     0   408    0    0  POST /unfollow HTTP/1.1
    8   0.139  0.017375  0.011456  0.007  0.014  0.045  0.045  0.045  0.045     8     0    0    0  GET /suketsugu HTTP/1.1
   13   0.244  0.018769  0.010154  0.008  0.018  0.030  0.045  0.045  0.045    13     0    0    0  GET /masakatsu HTTP/1.1
   13   0.164  0.012615  0.009755  0.006  0.010  0.016  0.045  0.045  0.045    13     0    0    0  GET /kunihiro HTTP/1.1
    8   0.158  0.019750  0.013581  0.006  0.013  0.044  0.044  0.044  0.044     8     0    0    0  GET /aritomo HTTP/1.1
 1224   6.194  0.005060  0.005403  0.001  0.003  0.012  0.017  0.028  0.043     0  1224    0    0  POST /login HTTP/1.1
    8   0.163  0.020375  0.010700  0.006  0.021  0.042  0.042  0.042  0.042     8     0    0    0  GET /jukichi HTTP/1.1
    8   0.121  0.015125  0.010670  0.006  0.012  0.042  0.042  0.042  0.042     8     0    0    0  GET /toshiyuki HTTP/1.1
    8   0.118  0.014750  0.011421  0.005  0.011  0.042  0.042  0.042  0.042     8     0    0    0  GET /naoya HTTP/1.1
    3   0.060  0.020000  0.015748  0.006  0.012  0.042  0.042  0.042  0.042     3     0    0    0  GET /teiko HTTP/1.1
   18   0.280  0.015556  0.008308  0.005  0.013  0.028  0.040  0.040  0.040    18     0    0    0  GET /shigehiro HTTP/1.1
    8   0.137  0.017125  0.010018  0.007  0.017  0.040  0.040  0.040  0.040     8     0    0    0  GET /shigemi HTTP/1.1
    8   0.125  0.015625  0.010665  0.004  0.016  0.039  0.039  0.039  0.039     8     0    0    0  GET /kimio HTTP/1.1

TOP 37 Slow Requests
 1  0.997  GET /initialize HTTP/1.1
 2  0.235  GET /search?q=*
 3  0.233  GET /hashtag/*
 4  0.228  GET /search?q=*
 5  0.102  GET /hashtag/*
 6  0.102  GET /hashtag/*
 7  0.096  GET /search?q=*
 8  0.089  GET /hashtag/*
 9  0.087  GET /hashtag/*
10  0.084  GET /hashtag/*
11  0.083  GET /hashtag/*
12  0.083  GET /hashtag/*
13  0.081  GET /search?q=*
14  0.080  GET /hashtag/*
15  0.080  GET /search?q=*
16  0.079  GET /search?q=*
17  0.078  GET /hashtag/*
18  0.078  GET /search?q=*
19  0.077  GET /hashtag/*
20  0.075  GET /search?q=*
21  0.074  GET /search?q=*
22  0.074  GET /hashtag/*
23  0.074  GET /hashtag/*
24  0.073  GET / HTTP/1.1
25  0.073  GET /hashtag/*
26  0.073  GET /hashtag/*
27  0.073  GET /search?q=*
28  0.073  GET /search?q=*
29  0.073  GET /search?q=*
30  0.072  GET /hashtag/*
31  0.071  GET /hashtag/*
32  0.071  GET /search?q=*
33  0.071  GET /hashtag/*
34  0.069  GET /search?q=*
35  0.069  GET /?append=1&until=*
36  0.069  GET /hashtag/*
37  0.069  GET /search?q=*
