Top 20 Sort By Count
Count  Total      Mean    Stddev    Min  P50.0  P90.0  P95.0  P99.0    Max  2xx  3xx  4xx  5xx  Request
  506  0.000  0.000000  0.000000  0.000  0.000  0.000  0.000  0.000  0.000  506    0    0    0  GET /css/*
  506  0.000  0.000000  0.000000  0.000  0.000  0.000  0.000  0.000  0.000  506    0    0    0  GET /favicon.ico HTTP/1.1
  506  0.000  0.000000  0.000000  0.000  0.000  0.000  0.000  0.000  0.000  506    0    0    0  GET /js/*
  275  3.701  0.013458  0.009120  0.003  0.011  0.025  0.030  0.045  0.056  275    0    0    0  GET / HTTP/1.1
  135  2.762  0.020459  0.005450  0.012  0.020  0.027  0.030  0.040  0.043  135    0    0    0  GET /?append=1&until=*
   90  0.349  0.003878  0.003248  0.001  0.003  0.010  0.012  0.016  0.016    0   90    0    0  POST /login HTTP/1.1
   55  0.618  0.011236  0.004272  0.006  0.010  0.016  0.025  0.025  0.025   55    0    0    0  GET /search?q=*
   55  0.604  0.010982  0.003493  0.005  0.010  0.014  0.017  0.026  0.026   55    0    0    0  GET /hashtag/*
   25  0.136  0.005440  0.001791  0.002  0.006  0.008  0.008  0.010  0.010    0   25    0    0  POST / HTTP/1.1
   25  0.045  0.001800  0.000800  0.001  0.002  0.003  0.003  0.004  0.004    0   25    0    0  POST /logout HTTP/1.1
   25  0.241  0.009640  0.002770  0.006  0.009  0.013  0.016  0.017  0.017    0   25    0    0  POST /follow HTTP/1.1
   25  0.284  0.011360  0.005698  0.006  0.010  0.021  0.023  0.026  0.026    0   25    0    0  POST /unfollow HTTP/1.1
   23  0.345  0.015000  0.003477  0.009  0.014  0.021  0.021  0.022  0.022   23    0    0    0  GET /toshiya HTTP/1.1
   18  0.298  0.016556  0.004585  0.011  0.015  0.024  0.025  0.025  0.025   18    0    0    0  GET /naritaka HTTP/1.1
   18  0.247  0.013722  0.003461  0.009  0.014  0.019  0.021  0.021  0.021   18    0    0    0  GET /keinosuke HTTP/1.1
   15  0.233  0.015533  0.004031  0.010  0.016  0.021  0.026  0.026  0.026   15    0    0    0  GET /toshihiro HTTP/1.1
   13  0.200  0.015385  0.005457  0.008  0.015  0.022  0.027  0.027  0.027   13    0    0    0  GET /kazuo HTTP/1.1
   13  0.178  0.013692  0.004339  0.008  0.013  0.020  0.021  0.021  0.021   13    0    0    0  GET /ryunosuke HTTP/1.1
   13  0.192  0.014769  0.003117  0.009  0.016  0.019  0.020  0.020  0.020   13    0    0    0  GET /koki HTTP/1.1
   13  0.203  0.015615  0.005930  0.009  0.013  0.020  0.032  0.032  0.032   13    0    0    0  GET /toshinaga HTTP/1.1

Top 20 Sort By Total
Count  Total      Mean    Stddev    Min  P50.0  P90.0  P95.0  P99.0    Max  2xx  3xx  4xx  5xx  Request
  275  3.701  0.013458  0.009120  0.003  0.011  0.025  0.030  0.045  0.056  275    0    0    0  GET / HTTP/1.1
  135  2.762  0.020459  0.005450  0.012  0.020  0.027  0.030  0.040  0.043  135    0    0    0  GET /?append=1&until=*
   55  0.618  0.011236  0.004272  0.006  0.010  0.016  0.025  0.025  0.025   55    0    0    0  GET /search?q=*
   55  0.604  0.010982  0.003493  0.005  0.010  0.014  0.017  0.026  0.026   55    0    0    0  GET /hashtag/*
    1  0.492  0.492000  0.000000  0.492  0.492  0.492  0.492  0.492  0.492    1    0    0    0  GET /initialize HTTP/1.1
   90  0.349  0.003878  0.003248  0.001  0.003  0.010  0.012  0.016  0.016    0   90    0    0  POST /login HTTP/1.1
   23  0.345  0.015000  0.003477  0.009  0.014  0.021  0.021  0.022  0.022   23    0    0    0  GET /toshiya HTTP/1.1
   18  0.298  0.016556  0.004585  0.011  0.015  0.024  0.025  0.025  0.025   18    0    0    0  GET /naritaka HTTP/1.1
   25  0.284  0.011360  0.005698  0.006  0.010  0.021  0.023  0.026  0.026    0   25    0    0  POST /unfollow HTTP/1.1
   18  0.247  0.013722  0.003461  0.009  0.014  0.019  0.021  0.021  0.021   18    0    0    0  GET /keinosuke HTTP/1.1
   25  0.241  0.009640  0.002770  0.006  0.009  0.013  0.016  0.017  0.017    0   25    0    0  POST /follow HTTP/1.1
   15  0.233  0.015533  0.004031  0.010  0.016  0.021  0.026  0.026  0.026   15    0    0    0  GET /toshihiro HTTP/1.1
   13  0.203  0.015615  0.005930  0.009  0.013  0.020  0.032  0.032  0.032   13    0    0    0  GET /toshinaga HTTP/1.1
   13  0.200  0.015385  0.005457  0.008  0.015  0.022  0.027  0.027  0.027   13    0    0    0  GET /kazuo HTTP/1.1
   13  0.192  0.014769  0.003117  0.009  0.016  0.019  0.020  0.020  0.020   13    0    0    0  GET /koki HTTP/1.1
   13  0.178  0.013692  0.004339  0.008  0.013  0.020  0.021  0.021  0.021   13    0    0    0  GET /ryunosuke HTTP/1.1
   25  0.136  0.005440  0.001791  0.002  0.006  0.008  0.008  0.010  0.010    0   25    0    0  POST / HTTP/1.1
    8  0.128  0.016000  0.006461  0.006  0.016  0.029  0.029  0.029  0.029    8    0    0    0  GET /masamura HTTP/1.1
    8  0.103  0.012875  0.002571  0.009  0.014  0.016  0.016  0.016  0.016    8    0    0    0  GET /hatsuo HTTP/1.1
    5  0.084  0.016800  0.008183  0.008  0.015  0.032  0.032  0.032  0.032    5    0    0    0  GET /shuhei HTTP/1.1

Top 20 Sort By Mean
Count  Total      Mean    Stddev    Min  P50.0  P90.0  P95.0  P99.0    Max  2xx  3xx  4xx  5xx  Request
    1  0.492  0.492000  0.000000  0.492  0.492  0.492  0.492  0.492  0.492    1    0    0    0  GET /initialize HTTP/1.1
    3  0.079  0.026333  0.014885  0.010  0.023  0.046  0.046  0.046  0.046    3    0    0    0  GET /mitsugi HTTP/1.1
  135  2.762  0.020459  0.005450  0.012  0.020  0.027  0.030  0.040  0.043  135    0    0    0  GET /?append=1&until=*
    3  0.058  0.019333  0.015370  0.007  0.010  0.041  0.041  0.041  0.041    3    0    0    0  GET /masaya HTTP/1.1
    3  0.053  0.017667  0.006236  0.011  0.016  0.026  0.026  0.026  0.026    3    0    0    0  GET /takuo HTTP/1.1
    2  0.034  0.017000  0.009000  0.008  0.026  0.026  0.026  0.026  0.026    2    0    0    0  GET /sukemasa HTTP/1.1
    5  0.084  0.016800  0.008183  0.008  0.015  0.032  0.032  0.032  0.032    5    0    0    0  GET /shuhei HTTP/1.1
   18  0.298  0.016556  0.004585  0.011  0.015  0.024  0.025  0.025  0.025   18    0    0    0  GET /naritaka HTTP/1.1
    8  0.128  0.016000  0.006461  0.006  0.016  0.029  0.029  0.029  0.029    8    0    0    0  GET /masamura HTTP/1.1
    2  0.032  0.016000  0.002000  0.014  0.018  0.018  0.018  0.018  0.018    2    0    0    0  GET /yoshi HTTP/1.1
   13  0.203  0.015615  0.005930  0.009  0.013  0.020  0.032  0.032  0.032   13    0    0    0  GET /toshinaga HTTP/1.1
   15  0.233  0.015533  0.004031  0.010  0.016  0.021  0.026  0.026  0.026   15    0    0    0  GET /toshihiro HTTP/1.1
   13  0.200  0.015385  0.005457  0.008  0.015  0.022  0.027  0.027  0.027   13    0    0    0  GET /kazuo HTTP/1.1
    3  0.046  0.015333  0.000943  0.014  0.016  0.016  0.016  0.016  0.016    3    0    0    0  GET /hideharu HTTP/1.1
   23  0.345  0.015000  0.003477  0.009  0.014  0.021  0.021  0.022  0.022   23    0    0    0  GET /toshiya HTTP/1.1
    3  0.045  0.015000  0.007071  0.005  0.020  0.020  0.020  0.020  0.020    3    0    0    0  GET /masatsugu HTTP/1.1
   13  0.192  0.014769  0.003117  0.009  0.016  0.019  0.020  0.020  0.020   13    0    0    0  GET /koki HTTP/1.1
    3  0.044  0.014667  0.007040  0.007  0.013  0.024  0.024  0.024  0.024    3    0    0    0  GET /daishin HTTP/1.1
    2  0.029  0.014500  0.006500  0.008  0.021  0.021  0.021  0.021  0.021    2    0    0    0  GET /tomio HTTP/1.1
    3  0.043  0.014333  0.002055  0.012  0.014  0.017  0.017  0.017  0.017    3    0    0    0  GET /hidetsugu HTTP/1.1

Top 20 Sort By Standard Deviation
Count  Total      Mean    Stddev    Min  P50.0  P90.0  P95.0  P99.0    Max  2xx  3xx  4xx  5xx  Request
    3  0.058  0.019333  0.015370  0.007  0.010  0.041  0.041  0.041  0.041    3    0    0    0  GET /masaya HTTP/1.1
    3  0.079  0.026333  0.014885  0.010  0.023  0.046  0.046  0.046  0.046    3    0    0    0  GET /mitsugi HTTP/1.1
  275  3.701  0.013458  0.009120  0.003  0.011  0.025  0.030  0.045  0.056  275    0    0    0  GET / HTTP/1.1
    2  0.034  0.017000  0.009000  0.008  0.026  0.026  0.026  0.026  0.026    2    0    0    0  GET /sukemasa HTTP/1.1
    5  0.084  0.016800  0.008183  0.008  0.015  0.032  0.032  0.032  0.032    5    0    0    0  GET /shuhei HTTP/1.1
    3  0.045  0.015000  0.007071  0.005  0.020  0.020  0.020  0.020  0.020    3    0    0    0  GET /masatsugu HTTP/1.1
    3  0.044  0.014667  0.007040  0.007  0.013  0.024  0.024  0.024  0.024    3    0    0    0  GET /daishin HTTP/1.1
    3  0.040  0.013333  0.006848  0.008  0.009  0.023  0.023  0.023  0.023    3    0    0    0  GET /tadanari HTTP/1.1
    2  0.029  0.014500  0.006500  0.008  0.021  0.021  0.021  0.021  0.021    2    0    0    0  GET /tomio HTTP/1.1
    8  0.128  0.016000  0.006461  0.006  0.016  0.029  0.029  0.029  0.029    8    0    0    0  GET /masamura HTTP/1.1
    3  0.053  0.017667  0.006236  0.011  0.016  0.026  0.026  0.026  0.026    3    0    0    0  GET /takuo HTTP/1.1
   13  0.203  0.015615  0.005930  0.009  0.013  0.020  0.032  0.032  0.032   13    0    0    0  GET /toshinaga HTTP/1.1
   25  0.284  0.011360  0.005698  0.006  0.010  0.021  0.023  0.026  0.026    0   25    0    0  POST /unfollow HTTP/1.1
   13  0.200  0.015385  0.005457  0.008  0.015  0.022  0.027  0.027  0.027   13    0    0    0  GET /kazuo HTTP/1.1
  135  2.762  0.020459  0.005450  0.012  0.020  0.027  0.030  0.040  0.043  135    0    0    0  GET /?append=1&until=*
    3  0.036  0.012000  0.004967  0.008  0.009  0.019  0.019  0.019  0.019    3    0    0    0  GET /toshikazu HTTP/1.1
    3  0.029  0.009667  0.004643  0.005  0.008  0.016  0.016  0.016  0.016    3    0    0    0  GET /naokatsu HTTP/1.1
   18  0.298  0.016556  0.004585  0.011  0.015  0.024  0.025  0.025  0.025   18    0    0    0  GET /naritaka HTTP/1.1
    5  0.067  0.013400  0.004454  0.010  0.012  0.022  0.022  0.022  0.022    5    0    0    0  GET /masaie HTTP/1.1
   13  0.178  0.013692  0.004339  0.008  0.013  0.020  0.021  0.021  0.021   13    0    0    0  GET /ryunosuke HTTP/1.1

Top 20 Sort By Maximum(100 Percentile)
Count  Total      Mean    Stddev    Min  P50.0  P90.0  P95.0  P99.0    Max  2xx  3xx  4xx  5xx  Request
    1  0.492  0.492000  0.000000  0.492  0.492  0.492  0.492  0.492  0.492    1    0    0    0  GET /initialize HTTP/1.1
  275  3.701  0.013458  0.009120  0.003  0.011  0.025  0.030  0.045  0.056  275    0    0    0  GET / HTTP/1.1
    3  0.079  0.026333  0.014885  0.010  0.023  0.046  0.046  0.046  0.046    3    0    0    0  GET /mitsugi HTTP/1.1
  135  2.762  0.020459  0.005450  0.012  0.020  0.027  0.030  0.040  0.043  135    0    0    0  GET /?append=1&until=*
    3  0.058  0.019333  0.015370  0.007  0.010  0.041  0.041  0.041  0.041    3    0    0    0  GET /masaya HTTP/1.1
    5  0.084  0.016800  0.008183  0.008  0.015  0.032  0.032  0.032  0.032    5    0    0    0  GET /shuhei HTTP/1.1
   13  0.203  0.015615  0.005930  0.009  0.013  0.020  0.032  0.032  0.032   13    0    0    0  GET /toshinaga HTTP/1.1
    8  0.128  0.016000  0.006461  0.006  0.016  0.029  0.029  0.029  0.029    8    0    0    0  GET /masamura HTTP/1.1
   13  0.200  0.015385  0.005457  0.008  0.015  0.022  0.027  0.027  0.027   13    0    0    0  GET /kazuo HTTP/1.1
   55  0.604  0.010982  0.003493  0.005  0.010  0.014  0.017  0.026  0.026   55    0    0    0  GET /hashtag/*
    2  0.034  0.017000  0.009000  0.008  0.026  0.026  0.026  0.026  0.026    2    0    0    0  GET /sukemasa HTTP/1.1
    3  0.053  0.017667  0.006236  0.011  0.016  0.026  0.026  0.026  0.026    3    0    0    0  GET /takuo HTTP/1.1
   25  0.284  0.011360  0.005698  0.006  0.010  0.021  0.023  0.026  0.026    0   25    0    0  POST /unfollow HTTP/1.1
   15  0.233  0.015533  0.004031  0.010  0.016  0.021  0.026  0.026  0.026   15    0    0    0  GET /toshihiro HTTP/1.1
   18  0.298  0.016556  0.004585  0.011  0.015  0.024  0.025  0.025  0.025   18    0    0    0  GET /naritaka HTTP/1.1
   55  0.618  0.011236  0.004272  0.006  0.010  0.016  0.025  0.025  0.025   55    0    0    0  GET /search?q=*
    3  0.044  0.014667  0.007040  0.007  0.013  0.024  0.024  0.024  0.024    3    0    0    0  GET /daishin HTTP/1.1
    3  0.040  0.013333  0.006848  0.008  0.009  0.023  0.023  0.023  0.023    3    0    0    0  GET /tadanari HTTP/1.1
    5  0.067  0.013400  0.004454  0.010  0.012  0.022  0.022  0.022  0.022    5    0    0    0  GET /masaie HTTP/1.1
   23  0.345  0.015000  0.003477  0.009  0.014  0.021  0.021  0.022  0.022   23    0    0    0  GET /toshiya HTTP/1.1

TOP 37 Slow Requests
 1  0.492  GET /initialize HTTP/1.1
 2  0.056  GET / HTTP/1.1
 3  0.048  GET / HTTP/1.1
 4  0.046  GET /mitsugi HTTP/1.1
 5  0.045  GET / HTTP/1.1
 6  0.043  GET /?append=1&until=*
 7  0.041  GET /masaya HTTP/1.1
 8  0.040  GET /?append=1&until=*
 9  0.038  GET / HTTP/1.1
10  0.036  GET / HTTP/1.1
11  0.035  GET /?append=1&until=*
12  0.033  GET / HTTP/1.1
13  0.033  GET /?append=1&until=*
14  0.033  GET /?append=1&until=*
15  0.032  GET /toshinaga HTTP/1.1
16  0.032  GET / HTTP/1.1
17  0.032  GET /shuhei HTTP/1.1
18  0.031  GET /?append=1&until=*
19  0.031  GET / HTTP/1.1
20  0.031  GET / HTTP/1.1
21  0.031  GET / HTTP/1.1
22  0.031  GET / HTTP/1.1
23  0.031  GET / HTTP/1.1
24  0.030  GET / HTTP/1.1
25  0.030  GET / HTTP/1.1
26  0.030  GET /?append=1&until=*
27  0.029  GET /?append=1&until=*
28  0.029  GET / HTTP/1.1
29  0.029  GET / HTTP/1.1
30  0.029  GET / HTTP/1.1
31  0.029  GET /?append=1&until=*
32  0.029  GET /masamura HTTP/1.1
33  0.029  GET /?append=1&until=*
34  0.028  GET /?append=1&until=*
35  0.028  GET / HTTP/1.1
36  0.028  GET /?append=1&until=*
37  0.028  GET / HTTP/1.1
