Top 20 Sort By Count
Count    Total      Mean    Stddev    Min  P50.0  P90.0  P95.0  P99.0    Max  2xx  3xx  4xx  5xx  Request
  691    0.000  0.000000  0.000000  0.000  0.000  0.000  0.000  0.000  0.000  691    0    0    0  GET /favicon.ico HTTP/1.1
  686    0.000  0.000000  0.000000  0.000  0.000  0.000  0.000  0.000  0.000  686    0    0    0  GET /js/*
  682    0.000  0.000000  0.000000  0.000  0.000  0.000  0.000  0.000  0.000  682    0    0    0  GET /css/*
  367  164.265  0.447589  0.307324  0.002  0.449  0.837  0.872  1.181  1.254  367    0    0    0  GET / HTTP/1.1
  200  141.472  0.707360  0.188973  0.407  0.739  0.884  1.008  1.250  1.257  200    0    0    0  GET /?append=1&until=*
  120   29.230  0.243583  0.191571  0.002  0.228  0.463  0.567  0.643  0.794    0  120    0    0  POST /login HTTP/1.1
   71   60.671  0.854521  0.257069  0.498  0.896  1.177  1.347  1.431  1.431   71    0    0    0  GET /hashtag/*
   70   57.748  0.824971  0.251747  0.450  0.873  1.142  1.263  1.477  1.477   70    0    0    0  GET /search?q=*
   39   11.254  0.288564  0.143002  0.053  0.279  0.472  0.617  0.619  0.619    0   39    0    0  POST /unfollow HTTP/1.1
   35    9.442  0.269771  0.201431  0.028  0.286  0.509  0.629  0.794  0.794    0   35    0    0  POST /follow HTTP/1.1
   32    8.404  0.262625  0.192861  0.007  0.299  0.500  0.573  0.720  0.720    0   32    0    0  POST / HTTP/1.1
   30    9.566  0.318867  0.190465  0.025  0.399  0.542  0.544  0.636  0.636    0   30    0    0  POST /logout HTTP/1.1
   25    7.589  0.303560  0.196040  0.069  0.274  0.529  0.536  0.819  0.819   25    0    0    0  GET /toshihiro HTTP/1.1
   23    6.676  0.290261  0.171433  0.064  0.204  0.480  0.509  0.666  0.666   23    0    0    0  GET /takayuki HTTP/1.1
   23    7.637  0.332043  0.148109  0.059  0.396  0.473  0.476  0.518  0.518   23    0    0    0  GET /toshimichi HTTP/1.1
   23    8.115  0.352826  0.164857  0.112  0.389  0.540  0.598  0.672  0.672   23    0    0    0  GET /yasumichi HTTP/1.1
   18    5.687  0.315944  0.162245  0.051  0.375  0.480  0.590  0.590  0.590   18    0    0    0  GET /tadateru HTTP/1.1
   15    5.081  0.338733  0.162902  0.033  0.419  0.479  0.586  0.586  0.586   15    0    0    0  GET /nobuaki HTTP/1.1
   13    4.061  0.312385  0.189853  0.081  0.245  0.522  0.620  0.620  0.620   13    0    0    0  GET /ippei HTTP/1.1
   13    3.472  0.267077  0.150651  0.088  0.206  0.493  0.517  0.517  0.517   13    0    0    0  GET /daishin HTTP/1.1

Top 20 Sort By Total
Count    Total      Mean    Stddev    Min  P50.0  P90.0  P95.0  P99.0    Max  2xx  3xx  4xx  5xx  Request
  367  164.265  0.447589  0.307324  0.002  0.449  0.837  0.872  1.181  1.254  367    0    0    0  GET / HTTP/1.1
  200  141.472  0.707360  0.188973  0.407  0.739  0.884  1.008  1.250  1.257  200    0    0    0  GET /?append=1&until=*
   71   60.671  0.854521  0.257069  0.498  0.896  1.177  1.347  1.431  1.431   71    0    0    0  GET /hashtag/*
   70   57.748  0.824971  0.251747  0.450  0.873  1.142  1.263  1.477  1.477   70    0    0    0  GET /search?q=*
  120   29.230  0.243583  0.191571  0.002  0.228  0.463  0.567  0.643  0.794    0  120    0    0  POST /login HTTP/1.1
   39   11.254  0.288564  0.143002  0.053  0.279  0.472  0.617  0.619  0.619    0   39    0    0  POST /unfollow HTTP/1.1
   30    9.566  0.318867  0.190465  0.025  0.399  0.542  0.544  0.636  0.636    0   30    0    0  POST /logout HTTP/1.1
   35    9.442  0.269771  0.201431  0.028  0.286  0.509  0.629  0.794  0.794    0   35    0    0  POST /follow HTTP/1.1
   32    8.404  0.262625  0.192861  0.007  0.299  0.500  0.573  0.720  0.720    0   32    0    0  POST / HTTP/1.1
   23    8.115  0.352826  0.164857  0.112  0.389  0.540  0.598  0.672  0.672   23    0    0    0  GET /yasumichi HTTP/1.1
   23    7.637  0.332043  0.148109  0.059  0.396  0.473  0.476  0.518  0.518   23    0    0    0  GET /toshimichi HTTP/1.1
   25    7.589  0.303560  0.196040  0.069  0.274  0.529  0.536  0.819  0.819   25    0    0    0  GET /toshihiro HTTP/1.1
   23    6.676  0.290261  0.171433  0.064  0.204  0.480  0.509  0.666  0.666   23    0    0    0  GET /takayuki HTTP/1.1
   18    5.687  0.315944  0.162245  0.051  0.375  0.480  0.590  0.590  0.590   18    0    0    0  GET /tadateru HTTP/1.1
   15    5.081  0.338733  0.162902  0.033  0.419  0.479  0.586  0.586  0.586   15    0    0    0  GET /nobuaki HTTP/1.1
   13    4.061  0.312385  0.189853  0.081  0.245  0.522  0.620  0.620  0.620   13    0    0    0  GET /ippei HTTP/1.1
    7    3.700  0.528571  0.146631  0.194  0.607  0.628  0.628  0.628  0.628    2    0    0    5  GET /initialize HTTP/1.1
   13    3.472  0.267077  0.150651  0.088  0.206  0.493  0.517  0.517  0.517   13    0    0    0  GET /daishin HTTP/1.1
   10    2.896  0.289600  0.144126  0.104  0.322  0.524  0.524  0.524  0.524   10    0    0    0  GET /tomohide HTTP/1.1
    8    2.867  0.358375  0.280562  0.066  0.542  0.749  0.749  0.749  0.749    8    0    0    0  GET /masahiro HTTP/1.1

Top 20 Sort By Mean
Count    Total      Mean    Stddev    Min  P50.0  P90.0  P95.0  P99.0    Max  2xx  3xx  4xx  5xx  Request
   71   60.671  0.854521  0.257069  0.498  0.896  1.177  1.347  1.431  1.431   71    0    0    0  GET /hashtag/*
   70   57.748  0.824971  0.251747  0.450  0.873  1.142  1.263  1.477  1.477   70    0    0    0  GET /search?q=*
  200  141.472  0.707360  0.188973  0.407  0.739  0.884  1.008  1.250  1.257  200    0    0    0  GET /?append=1&until=*
    7    3.700  0.528571  0.146631  0.194  0.607  0.628  0.628  0.628  0.628    2    0    0    5  GET /initialize HTTP/1.1
    3    1.502  0.500667  0.347554  0.058  0.537  0.907  0.907  0.907  0.907    3    0    0    0  GET /haruhiko HTTP/1.1
    3    1.421  0.473667  0.323388  0.103  0.427  0.891  0.891  0.891  0.891    3    0    0    0  GET /kazuto HTTP/1.1
    3    1.389  0.463000  0.322006  0.051  0.501  0.837  0.837  0.837  0.837    3    0    0    0  GET /koichi HTTP/1.1
  367  164.265  0.447589  0.307324  0.002  0.449  0.837  0.872  1.181  1.254  367    0    0    0  GET / HTTP/1.1
    3    1.311  0.437000  0.053385  0.362  0.467  0.482  0.482  0.482  0.482    3    0    0    0  GET /osamu HTTP/1.1
    3    1.280  0.426667  0.264958  0.066  0.519  0.695  0.695  0.695  0.695    3    0    0    0  GET /yahiro HTTP/1.1
    6    2.538  0.423000  0.242984  0.051  0.441  0.842  0.842  0.842  0.842    6    0    0    0  GET /takeharu HTTP/1.1
    3    1.210  0.403333  0.266030  0.065  0.430  0.715  0.715  0.715  0.715    3    0    0    0  GET /toyokazu HTTP/1.1
    3    1.204  0.401333  0.264313  0.058  0.445  0.701  0.701  0.701  0.701    3    0    0    0  GET /norihiro HTTP/1.1
    3    1.187  0.395667  0.168346  0.162  0.473  0.552  0.552  0.552  0.552    3    0    0    0  GET /kohei HTTP/1.1
    6    2.355  0.392500  0.220209  0.050  0.468  0.682  0.682  0.682  0.682    6    0    0    0  GET /tadatomo HTTP/1.1
    3    1.145  0.381667  0.222756  0.067  0.526  0.552  0.552  0.552  0.552    3    0    0    0  GET /katsunori HTTP/1.1
    3    1.142  0.380667  0.242998  0.099  0.351  0.692  0.692  0.692  0.692    3    0    0    0  GET /seikichi HTTP/1.1
    3    1.096  0.365333  0.185095  0.104  0.483  0.509  0.509  0.509  0.509    3    0    0    0  GET /tadanaga HTTP/1.1
    3    1.093  0.364333  0.220442  0.053  0.506  0.534  0.534  0.534  0.534    3    0    0    0  GET /ryuya HTTP/1.1
    8    2.867  0.358375  0.280562  0.066  0.542  0.749  0.749  0.749  0.749    8    0    0    0  GET /masahiro HTTP/1.1

Top 20 Sort By Standard Deviation
Count    Total      Mean    Stddev    Min  P50.0  P90.0  P95.0  P99.0    Max  2xx  3xx  4xx  5xx  Request
    3    1.502  0.500667  0.347554  0.058  0.537  0.907  0.907  0.907  0.907    3    0    0    0  GET /haruhiko HTTP/1.1
    3    1.421  0.473667  0.323388  0.103  0.427  0.891  0.891  0.891  0.891    3    0    0    0  GET /kazuto HTTP/1.1
    3    1.389  0.463000  0.322006  0.051  0.501  0.837  0.837  0.837  0.837    3    0    0    0  GET /koichi HTTP/1.1
  367  164.265  0.447589  0.307324  0.002  0.449  0.837  0.872  1.181  1.254  367    0    0    0  GET / HTTP/1.1
    8    2.867  0.358375  0.280562  0.066  0.542  0.749  0.749  0.749  0.749    8    0    0    0  GET /masahiro HTTP/1.1
    3    1.210  0.403333  0.266030  0.065  0.430  0.715  0.715  0.715  0.715    3    0    0    0  GET /toyokazu HTTP/1.1
    3    1.280  0.426667  0.264958  0.066  0.519  0.695  0.695  0.695  0.695    3    0    0    0  GET /yahiro HTTP/1.1
    3    1.204  0.401333  0.264313  0.058  0.445  0.701  0.701  0.701  0.701    3    0    0    0  GET /norihiro HTTP/1.1
   71   60.671  0.854521  0.257069  0.498  0.896  1.177  1.347  1.431  1.431   71    0    0    0  GET /hashtag/*
   70   57.748  0.824971  0.251747  0.450  0.873  1.142  1.263  1.477  1.477   70    0    0    0  GET /search?q=*
    3    1.142  0.380667  0.242998  0.099  0.351  0.692  0.692  0.692  0.692    3    0    0    0  GET /seikichi HTTP/1.1
    6    2.538  0.423000  0.242984  0.051  0.441  0.842  0.842  0.842  0.842    6    0    0    0  GET /takeharu HTTP/1.1
    3    1.145  0.381667  0.222756  0.067  0.526  0.552  0.552  0.552  0.552    3    0    0    0  GET /katsunori HTTP/1.1
    3    1.093  0.364333  0.220442  0.053  0.506  0.534  0.534  0.534  0.534    3    0    0    0  GET /ryuya HTTP/1.1
    6    2.355  0.392500  0.220209  0.050  0.468  0.682  0.682  0.682  0.682    6    0    0    0  GET /tadatomo HTTP/1.1
   35    9.442  0.269771  0.201431  0.028  0.286  0.509  0.629  0.794  0.794    0   35    0    0  POST /follow HTTP/1.1
    3    0.851  0.283667  0.200001  0.070  0.230  0.551  0.551  0.551  0.551    3    0    0    0  GET /toshikatsu HTTP/1.1
   25    7.589  0.303560  0.196040  0.069  0.274  0.529  0.536  0.819  0.819   25    0    0    0  GET /toshihiro HTTP/1.1
   32    8.404  0.262625  0.192861  0.007  0.299  0.500  0.573  0.720  0.720    0   32    0    0  POST / HTTP/1.1
  120   29.230  0.243583  0.191571  0.002  0.228  0.463  0.567  0.643  0.794    0  120    0    0  POST /login HTTP/1.1

Top 20 Sort By Maximum(100 Percentile)
Count    Total      Mean    Stddev    Min  P50.0  P90.0  P95.0  P99.0    Max  2xx  3xx  4xx  5xx  Request
   70   57.748  0.824971  0.251747  0.450  0.873  1.142  1.263  1.477  1.477   70    0    0    0  GET /search?q=*
   71   60.671  0.854521  0.257069  0.498  0.896  1.177  1.347  1.431  1.431   71    0    0    0  GET /hashtag/*
  200  141.472  0.707360  0.188973  0.407  0.739  0.884  1.008  1.250  1.257  200    0    0    0  GET /?append=1&until=*
  367  164.265  0.447589  0.307324  0.002  0.449  0.837  0.872  1.181  1.254  367    0    0    0  GET / HTTP/1.1
    3    1.502  0.500667  0.347554  0.058  0.537  0.907  0.907  0.907  0.907    3    0    0    0  GET /haruhiko HTTP/1.1
    3    1.421  0.473667  0.323388  0.103  0.427  0.891  0.891  0.891  0.891    3    0    0    0  GET /kazuto HTTP/1.1
    6    2.538  0.423000  0.242984  0.051  0.441  0.842  0.842  0.842  0.842    6    0    0    0  GET /takeharu HTTP/1.1
    3    1.389  0.463000  0.322006  0.051  0.501  0.837  0.837  0.837  0.837    3    0    0    0  GET /koichi HTTP/1.1
   25    7.589  0.303560  0.196040  0.069  0.274  0.529  0.536  0.819  0.819   25    0    0    0  GET /toshihiro HTTP/1.1
   35    9.442  0.269771  0.201431  0.028  0.286  0.509  0.629  0.794  0.794    0   35    0    0  POST /follow HTTP/1.1
  120   29.230  0.243583  0.191571  0.002  0.228  0.463  0.567  0.643  0.794    0  120    0    0  POST /login HTTP/1.1
    8    2.867  0.358375  0.280562  0.066  0.542  0.749  0.749  0.749  0.749    8    0    0    0  GET /masahiro HTTP/1.1
   32    8.404  0.262625  0.192861  0.007  0.299  0.500  0.573  0.720  0.720    0   32    0    0  POST / HTTP/1.1
    3    1.210  0.403333  0.266030  0.065  0.430  0.715  0.715  0.715  0.715    3    0    0    0  GET /toyokazu HTTP/1.1
    3    1.204  0.401333  0.264313  0.058  0.445  0.701  0.701  0.701  0.701    3    0    0    0  GET /norihiro HTTP/1.1
    3    1.280  0.426667  0.264958  0.066  0.519  0.695  0.695  0.695  0.695    3    0    0    0  GET /yahiro HTTP/1.1
    3    1.142  0.380667  0.242998  0.099  0.351  0.692  0.692  0.692  0.692    3    0    0    0  GET /seikichi HTTP/1.1
    6    2.355  0.392500  0.220209  0.050  0.468  0.682  0.682  0.682  0.682    6    0    0    0  GET /tadatomo HTTP/1.1
   23    8.115  0.352826  0.164857  0.112  0.389  0.540  0.598  0.672  0.672   23    0    0    0  GET /yasumichi HTTP/1.1
   23    6.676  0.290261  0.171433  0.064  0.204  0.480  0.509  0.666  0.666   23    0    0    0  GET /takayuki HTTP/1.1

TOP 37 Slow Requests
 1  1.477  GET /search?q=*
 2  1.432  GET /search?q=*
 3  1.431  GET /hashtag/*
 4  1.418  GET /hashtag/*
 5  1.373  GET /hashtag/*
 6  1.347  GET /hashtag/*
 7  1.319  GET /hashtag/*
 8  1.295  GET /search?q=*
 9  1.277  GET /hashtag/*
10  1.263  GET /search?q=*
11  1.257  GET /?append=1&until=*
12  1.254  GET / HTTP/1.1
13  1.250  GET /?append=1&until=*
14  1.249  GET /?append=1&until=*
15  1.237  GET /?append=1&until=*
16  1.224  GET /?append=1&until=*
17  1.219  GET /?append=1&until=*
18  1.212  GET /hashtag/*
19  1.195  GET / HTTP/1.1
20  1.189  GET / HTTP/1.1
21  1.181  GET / HTTP/1.1
22  1.177  GET /hashtag/*
23  1.176  GET / HTTP/1.1
24  1.175  GET / HTTP/1.1
25  1.171  GET /search?q=*
26  1.168  GET / HTTP/1.1
27  1.167  GET /search?q=*
28  1.156  GET / HTTP/1.1
29  1.150  GET /hashtag/*
30  1.150  GET /hashtag/*
31  1.142  GET /search?q=*
32  1.142  GET /search?q=*
33  1.135  GET /search?q=*
34  1.126  GET /search?q=*
35  1.102  GET /hashtag/*
36  1.098  GET /hashtag/*
37  1.093  GET / HTTP/1.1
