Top 20 Sort By Count
Count   Total      Mean    Stddev    Min  P50.0  P90.0  P95.0  P99.0    Max   2xx  3xx  4xx  5xx  Request
 4985   0.000  0.000000  0.000000  0.000  0.000  0.000  0.000  0.000  0.000  4985    0    0    0  GET /favicon.ico HTTP/1.1
 4981   0.000  0.000000  0.000000  0.000  0.000  0.000  0.000  0.000  0.000  4981    0    0    0  GET /js/*
 4981   0.000  0.000000  0.000000  0.000  0.000  0.000  0.000  0.000  0.000  4981    0    0    0  GET /css/*
 2626  74.029  0.028191  0.017649  0.002  0.028  0.052  0.057  0.071  0.103  2626    0    0    0  GET / HTTP/1.1
 1320  54.357  0.041180  0.012094  0.013  0.040  0.057  0.063  0.078  0.096  1320    0    0    0  GET /?append=1&until=*
  792  12.254  0.015472  0.009653  0.001  0.014  0.029  0.033  0.041  0.053     0  792    0    0  POST /login HTTP/1.1
  526  17.528  0.033323  0.010219  0.015  0.033  0.047  0.051  0.061  0.071   526    0    0    0  GET /search?q=*
  526  17.898  0.034027  0.010422  0.015  0.032  0.049  0.053  0.064  0.072   526    0    0    0  GET /hashtag/*
  262   5.845  0.022309  0.011465  0.005  0.021  0.037  0.044  0.060  0.067     0  262    0    0  POST /unfollow HTTP/1.1
  261   4.009  0.015360  0.008118  0.002  0.014  0.026  0.030  0.039  0.047     0  261    0    0  POST / HTTP/1.1
  261   5.963  0.022847  0.010969  0.005  0.022  0.037  0.042  0.059  0.074     0  261    0    0  POST /follow HTTP/1.1
  260   3.655  0.014058  0.009007  0.001  0.013  0.027  0.032  0.036  0.039     0  260    0    0  POST /logout HTTP/1.1
   28   0.802  0.028643  0.015522  0.010  0.025  0.058  0.067  0.079  0.079    28    0    0    0  GET /masahito HTTP/1.1
   28   0.844  0.030143  0.014759  0.010  0.029  0.050  0.054  0.078  0.078    28    0    0    0  GET /shinsaku HTTP/1.1
   28   0.955  0.034107  0.016614  0.009  0.030  0.067  0.067  0.069  0.069    28    0    0    0  GET /toyokazu HTTP/1.1
   23   0.670  0.029130  0.010161  0.008  0.029  0.044  0.045  0.050  0.050    23    0    0    0  GET /hironari HTTP/1.1
   23   0.660  0.028696  0.009857  0.012  0.029  0.039  0.043  0.060  0.060    23    0    0    0  GET /taiga HTTP/1.1
   23   0.585  0.025435  0.007643  0.013  0.027  0.035  0.036  0.038  0.038    23    0    0    0  GET /ryuichi HTTP/1.1
   23   0.680  0.029565  0.012900  0.014  0.025  0.050  0.054  0.058  0.058    23    0    0    0  GET /haruo HTTP/1.1
   23   0.754  0.032783  0.016865  0.012  0.027  0.061  0.067  0.072  0.072    23    0    0    0  GET /shunsaku HTTP/1.1

Top 20 Sort By Total
Count   Total      Mean    Stddev    Min  P50.0  P90.0  P95.0  P99.0    Max   2xx  3xx  4xx  5xx  Request
 2626  74.029  0.028191  0.017649  0.002  0.028  0.052  0.057  0.071  0.103  2626    0    0    0  GET / HTTP/1.1
 1320  54.357  0.041180  0.012094  0.013  0.040  0.057  0.063  0.078  0.096  1320    0    0    0  GET /?append=1&until=*
  526  17.898  0.034027  0.010422  0.015  0.032  0.049  0.053  0.064  0.072   526    0    0    0  GET /hashtag/*
  526  17.528  0.033323  0.010219  0.015  0.033  0.047  0.051  0.061  0.071   526    0    0    0  GET /search?q=*
  792  12.254  0.015472  0.009653  0.001  0.014  0.029  0.033  0.041  0.053     0  792    0    0  POST /login HTTP/1.1
  261   5.963  0.022847  0.010969  0.005  0.022  0.037  0.042  0.059  0.074     0  261    0    0  POST /follow HTTP/1.1
  262   5.845  0.022309  0.011465  0.005  0.021  0.037  0.044  0.060  0.067     0  262    0    0  POST /unfollow HTTP/1.1
  261   4.009  0.015360  0.008118  0.002  0.014  0.026  0.030  0.039  0.047     0  261    0    0  POST / HTTP/1.1
  260   3.655  0.014058  0.009007  0.001  0.013  0.027  0.032  0.036  0.039     0  260    0    0  POST /logout HTTP/1.1
   28   0.955  0.034107  0.016614  0.009  0.030  0.067  0.067  0.069  0.069    28    0    0    0  GET /toyokazu HTTP/1.1
   28   0.844  0.030143  0.014759  0.010  0.029  0.050  0.054  0.078  0.078    28    0    0    0  GET /shinsaku HTTP/1.1
   28   0.802  0.028643  0.015522  0.010  0.025  0.058  0.067  0.079  0.079    28    0    0    0  GET /masahito HTTP/1.1
   23   0.754  0.032783  0.016865  0.012  0.027  0.061  0.067  0.072  0.072    23    0    0    0  GET /shunsaku HTTP/1.1
   23   0.680  0.029565  0.012900  0.014  0.025  0.050  0.054  0.058  0.058    23    0    0    0  GET /haruo HTTP/1.1
   23   0.670  0.029130  0.010161  0.008  0.029  0.044  0.045  0.050  0.050    23    0    0    0  GET /hironari HTTP/1.1
   23   0.660  0.028696  0.009857  0.012  0.029  0.039  0.043  0.060  0.060    23    0    0    0  GET /taiga HTTP/1.1
   18   0.622  0.034556  0.017886  0.012  0.030  0.066  0.076  0.076  0.076    18    0    0    0  GET /hideki HTTP/1.1
   23   0.591  0.025696  0.011168  0.010  0.026  0.042  0.043  0.054  0.054    23    0    0    0  GET /taketora HTTP/1.1
   23   0.585  0.025435  0.007643  0.013  0.027  0.035  0.036  0.038  0.038    23    0    0    0  GET /ryuichi HTTP/1.1
   18   0.556  0.030889  0.014453  0.011  0.028  0.052  0.057  0.057  0.057    18    0    0    0  GET /naotaka HTTP/1.1

Top 20 Sort By Mean
Count   Total      Mean    Stddev    Min  P50.0  P90.0  P95.0  P99.0    Max   2xx  3xx  4xx  5xx  Request
    1   0.546  0.546000  0.000000  0.546  0.546  0.546  0.546  0.546  0.546     1    0    0    0  GET /initialize HTTP/1.1
 1320  54.357  0.041180  0.012094  0.013  0.040  0.057  0.063  0.078  0.096  1320    0    0    0  GET /?append=1&until=*
    3   0.119  0.039667  0.009741  0.030  0.036  0.053  0.053  0.053  0.053     3    0    0    0  GET /fumito HTTP/1.1
    5   0.187  0.037400  0.013048  0.023  0.031  0.055  0.055  0.055  0.055     5    0    0    0  GET /hakaru HTTP/1.1
    8   0.292  0.036500  0.013360  0.023  0.035  0.063  0.063  0.063  0.063     8    0    0    0  GET /munenobu HTTP/1.1
    3   0.107  0.035667  0.020742  0.021  0.021  0.065  0.065  0.065  0.065     3    0    0    0  GET /toyomatsu HTTP/1.1
    3   0.107  0.035667  0.005558  0.028  0.038  0.041  0.041  0.041  0.041     3    0    0    0  GET /taro HTTP/1.1
    3   0.106  0.035333  0.030214  0.012  0.016  0.078  0.078  0.078  0.078     3    0    0    0  GET /yasunari HTTP/1.1
    8   0.282  0.035250  0.019227  0.008  0.034  0.068  0.068  0.068  0.068     8    0    0    0  GET /shigemi HTTP/1.1
    8   0.280  0.035000  0.014816  0.017  0.030  0.059  0.059  0.059  0.059     8    0    0    0  GET /hideto HTTP/1.1
   18   0.622  0.034556  0.017886  0.012  0.030  0.066  0.076  0.076  0.076    18    0    0    0  GET /hideki HTTP/1.1
   28   0.955  0.034107  0.016614  0.009  0.030  0.067  0.067  0.069  0.069    28    0    0    0  GET /toyokazu HTTP/1.1
  526  17.898  0.034027  0.010422  0.015  0.032  0.049  0.053  0.064  0.072   526    0    0    0  GET /hashtag/*
    3   0.102  0.034000  0.004546  0.029  0.033  0.040  0.040  0.040  0.040     3    0    0    0  GET /kazuro HTTP/1.1
    3   0.100  0.033333  0.022896  0.009  0.027  0.064  0.064  0.064  0.064     3    0    0    0  GET /takahiro HTTP/1.1
  526  17.528  0.033323  0.010219  0.015  0.033  0.047  0.051  0.061  0.071   526    0    0    0  GET /search?q=*
    8   0.266  0.033250  0.033379  0.009  0.020  0.110  0.110  0.110  0.110     8    0    0    0  GET /katsuyuki HTTP/1.1
    8   0.265  0.033125  0.010179  0.020  0.033  0.054  0.054  0.054  0.054     8    0    0    0  GET /iwao HTTP/1.1
   23   0.754  0.032783  0.016865  0.012  0.027  0.061  0.067  0.072  0.072    23    0    0    0  GET /shunsaku HTTP/1.1
    3   0.098  0.032667  0.007040  0.025  0.031  0.042  0.042  0.042  0.042     3    0    0    0  GET /katsuki HTTP/1.1

Top 20 Sort By Standard Deviation
Count   Total      Mean    Stddev    Min  P50.0  P90.0  P95.0  P99.0    Max   2xx  3xx  4xx  5xx  Request
    8   0.266  0.033250  0.033379  0.009  0.020  0.110  0.110  0.110  0.110     8    0    0    0  GET /katsuyuki HTTP/1.1
    3   0.106  0.035333  0.030214  0.012  0.016  0.078  0.078  0.078  0.078     3    0    0    0  GET /yasunari HTTP/1.1
    8   0.247  0.030875  0.023882  0.007  0.032  0.081  0.081  0.081  0.081     8    0    0    0  GET /michiro HTTP/1.1
    3   0.100  0.033333  0.022896  0.009  0.027  0.064  0.064  0.064  0.064     3    0    0    0  GET /takahiro HTTP/1.1
    3   0.107  0.035667  0.020742  0.021  0.021  0.065  0.065  0.065  0.065     3    0    0    0  GET /toyomatsu HTTP/1.1
    8   0.257  0.032125  0.020636  0.010  0.032  0.072  0.072  0.072  0.072     8    0    0    0  GET /katsuo HTTP/1.1
    3   0.093  0.031000  0.020607  0.010  0.024  0.059  0.059  0.059  0.059     3    0    0    0  GET /tomohito HTTP/1.1
    8   0.282  0.035250  0.019227  0.008  0.034  0.068  0.068  0.068  0.068     8    0    0    0  GET /shigemi HTTP/1.1
   18   0.622  0.034556  0.017886  0.012  0.030  0.066  0.076  0.076  0.076    18    0    0    0  GET /hideki HTTP/1.1
   13   0.400  0.030769  0.017850  0.011  0.026  0.060  0.068  0.068  0.068    13    0    0    0  GET /mitsugi HTTP/1.1
 2626  74.029  0.028191  0.017649  0.002  0.028  0.052  0.057  0.071  0.103  2626    0    0    0  GET / HTTP/1.1
    3   0.075  0.025000  0.017049  0.011  0.015  0.049  0.049  0.049  0.049     3    0    0    0  GET /nobutoshi HTTP/1.1
   23   0.754  0.032783  0.016865  0.012  0.027  0.061  0.067  0.072  0.072    23    0    0    0  GET /shunsaku HTTP/1.1
   13   0.332  0.025538  0.016695  0.007  0.020  0.053  0.063  0.063  0.063    13    0    0    0  GET /riichi HTTP/1.1
   28   0.955  0.034107  0.016614  0.009  0.030  0.067  0.067  0.069  0.069    28    0    0    0  GET /toyokazu HTTP/1.1
    3   0.070  0.023333  0.016049  0.011  0.013  0.046  0.046  0.046  0.046     3    0    0    0  GET /tokutaro HTTP/1.1
    3   0.070  0.023333  0.016028  0.012  0.012  0.046  0.046  0.046  0.046     3    0    0    0  GET /atsuto HTTP/1.1
    3   0.082  0.027333  0.015965  0.007  0.029  0.046  0.046  0.046  0.046     3    0    0    0  GET /katsuhiro HTTP/1.1
   18   0.478  0.026556  0.015742  0.008  0.022  0.044  0.076  0.076  0.076    18    0    0    0  GET /kumataro HTTP/1.1
   18   0.500  0.027778  0.015576  0.010  0.026  0.051  0.059  0.059  0.059    18    0    0    0  GET /azuma HTTP/1.1

Top 20 Sort By Maximum(100 Percentile)
Count   Total      Mean    Stddev    Min  P50.0  P90.0  P95.0  P99.0    Max   2xx  3xx  4xx  5xx  Request
    1   0.546  0.546000  0.000000  0.546  0.546  0.546  0.546  0.546  0.546     1    0    0    0  GET /initialize HTTP/1.1
    8   0.266  0.033250  0.033379  0.009  0.020  0.110  0.110  0.110  0.110     8    0    0    0  GET /katsuyuki HTTP/1.1
 2626  74.029  0.028191  0.017649  0.002  0.028  0.052  0.057  0.071  0.103  2626    0    0    0  GET / HTTP/1.1
 1320  54.357  0.041180  0.012094  0.013  0.040  0.057  0.063  0.078  0.096  1320    0    0    0  GET /?append=1&until=*
    8   0.247  0.030875  0.023882  0.007  0.032  0.081  0.081  0.081  0.081     8    0    0    0  GET /michiro HTTP/1.1
   28   0.802  0.028643  0.015522  0.010  0.025  0.058  0.067  0.079  0.079    28    0    0    0  GET /masahito HTTP/1.1
   28   0.844  0.030143  0.014759  0.010  0.029  0.050  0.054  0.078  0.078    28    0    0    0  GET /shinsaku HTTP/1.1
    3   0.106  0.035333  0.030214  0.012  0.016  0.078  0.078  0.078  0.078     3    0    0    0  GET /yasunari HTTP/1.1
   18   0.478  0.026556  0.015742  0.008  0.022  0.044  0.076  0.076  0.076    18    0    0    0  GET /kumataro HTTP/1.1
   18   0.622  0.034556  0.017886  0.012  0.030  0.066  0.076  0.076  0.076    18    0    0    0  GET /hideki HTTP/1.1
  261   5.963  0.022847  0.010969  0.005  0.022  0.037  0.042  0.059  0.074     0  261    0    0  POST /follow HTTP/1.1
   23   0.754  0.032783  0.016865  0.012  0.027  0.061  0.067  0.072  0.072    23    0    0    0  GET /shunsaku HTTP/1.1
    8   0.257  0.032125  0.020636  0.010  0.032  0.072  0.072  0.072  0.072     8    0    0    0  GET /katsuo HTTP/1.1
  526  17.898  0.034027  0.010422  0.015  0.032  0.049  0.053  0.064  0.072   526    0    0    0  GET /hashtag/*
  526  17.528  0.033323  0.010219  0.015  0.033  0.047  0.051  0.061  0.071   526    0    0    0  GET /search?q=*
   28   0.955  0.034107  0.016614  0.009  0.030  0.067  0.067  0.069  0.069    28    0    0    0  GET /toyokazu HTTP/1.1
   13   0.400  0.030769  0.017850  0.011  0.026  0.060  0.068  0.068  0.068    13    0    0    0  GET /mitsugi HTTP/1.1
    8   0.282  0.035250  0.019227  0.008  0.034  0.068  0.068  0.068  0.068     8    0    0    0  GET /shigemi HTTP/1.1
  262   5.845  0.022309  0.011465  0.005  0.021  0.037  0.044  0.060  0.067     0  262    0    0  POST /unfollow HTTP/1.1
    3   0.107  0.035667  0.020742  0.021  0.021  0.065  0.065  0.065  0.065     3    0    0    0  GET /toyomatsu HTTP/1.1

TOP 37 Slow Requests
 1  0.546  GET /initialize HTTP/1.1
 2  0.110  GET /katsuyuki HTTP/1.1
 3  0.103  GET / HTTP/1.1
 4  0.098  GET / HTTP/1.1
 5  0.098  GET / HTTP/1.1
 6  0.097  GET / HTTP/1.1
 7  0.096  GET /?append=1&until=*
 8  0.093  GET /?append=1&until=*
 9  0.090  GET /?append=1&until=*
10  0.087  GET /?append=1&until=*
11  0.087  GET / HTTP/1.1
12  0.086  GET /?append=1&until=*
13  0.085  GET / HTTP/1.1
14  0.084  GET /?append=1&until=*
15  0.084  GET /?append=1&until=*
16  0.084  GET /?append=1&until=*
17  0.081  GET / HTTP/1.1
18  0.081  GET /?append=1&until=*
19  0.081  GET / HTTP/1.1
20  0.081  GET /michiro HTTP/1.1
21  0.080  GET /?append=1&until=*
22  0.080  GET /?append=1&until=*
23  0.079  GET /?append=1&until=*
24  0.079  GET /masahito HTTP/1.1
25  0.079  GET / HTTP/1.1
26  0.079  GET /?append=1&until=*
27  0.078  GET /?append=1&until=*
28  0.078  GET /shinsaku HTTP/1.1
29  0.078  GET /yasunari HTTP/1.1
30  0.077  GET /?append=1&until=*
31  0.077  GET / HTTP/1.1
32  0.077  GET / HTTP/1.1
33  0.077  GET / HTTP/1.1
34  0.077  GET /?append=1&until=*
35  0.076  GET / HTTP/1.1
36  0.076  GET /?append=1&until=*
37  0.076  GET / HTTP/1.1
