Top 20 Sort By Count
Count   Total      Mean    Stddev    Min  P50.0  P90.0  P95.0  P99.0    Max    2xx   3xx  4xx  5xx  Request
10523   0.000  0.000000  0.000000  0.000  0.000  0.000  0.000  0.000  0.000  10523     0    0    0  GET /favicon.ico HTTP/1.1
10521   0.000  0.000000  0.000000  0.000  0.000  0.000  0.000  0.000  0.000  10521     0    0    0  GET /js/*
10519   0.000  0.000000  0.000000  0.000  0.000  0.000  0.000  0.000  0.000  10519     0    0    0  GET /css/*
 5539  74.773  0.013499  0.016186  0.002  0.011  0.025  0.028  0.039  1.025   5539     0    0    0  GET / HTTP/1.1
 2775  55.282  0.019921  0.005755  0.009  0.019  0.027  0.030  0.040  0.092   2775     0    0    0  GET /?append=1&until=*
 1665   5.490  0.003297  0.002465  0.001  0.002  0.006  0.009  0.013  0.018      0  1665    0    0  POST /login HTTP/1.1
 1108  12.171  0.010985  0.003995  0.004  0.010  0.016  0.018  0.025  0.040   1108     0    0    0  GET /hashtag/*
 1108  11.985  0.010817  0.003775  0.004  0.010  0.016  0.018  0.024  0.035   1108     0    0    0  GET /search?q=*
  554   6.176  0.011148  0.004608  0.005  0.010  0.018  0.020  0.024  0.032      0   554    0    0  POST /unfollow HTTP/1.1
  553   6.096  0.011024  0.004973  0.005  0.010  0.017  0.021  0.028  0.039      0   553    0    0  POST /follow HTTP/1.1
  552   3.389  0.006139  0.003103  0.002  0.005  0.010  0.013  0.017  0.024      0   552    0    0  POST / HTTP/1.1
  551   1.194  0.002167  0.001449  0.001  0.002  0.004  0.005  0.009  0.015      0   551    0    0  POST /logout HTTP/1.1
   28   0.468  0.016714  0.006295  0.009  0.016  0.029  0.029  0.031  0.031     28     0    0    0  GET /kanehiro HTTP/1.1
   28   0.412  0.014714  0.003990  0.009  0.015  0.021  0.021  0.024  0.024     28     0    0    0  GET /daisuke HTTP/1.1
   23   0.348  0.015130  0.004937  0.006  0.016  0.021  0.022  0.025  0.025     23     0    0    0  GET /munetaka HTTP/1.1
   23   0.382  0.016609  0.006774  0.008  0.016  0.026  0.027  0.037  0.037     23     0    0    0  GET /yoji HTTP/1.1
   23   0.333  0.014478  0.005531  0.007  0.012  0.023  0.024  0.025  0.025     23     0    0    0  GET /kazunori HTTP/1.1
   23   0.319  0.013870  0.004776  0.008  0.012  0.021  0.022  0.027  0.027     23     0    0    0  GET /naotaka HTTP/1.1
   23   0.295  0.012826  0.003319  0.007  0.012  0.018  0.018  0.019  0.019     23     0    0    0  GET /akio HTTP/1.1
   23   0.382  0.016609  0.006170  0.008  0.016  0.026  0.026  0.032  0.032     23     0    0    0  GET /tetsuya HTTP/1.1

Top 20 Sort By Total
Count   Total      Mean    Stddev    Min  P50.0  P90.0  P95.0  P99.0    Max   2xx   3xx  4xx  5xx  Request
 5539  74.773  0.013499  0.016186  0.002  0.011  0.025  0.028  0.039  1.025  5539     0    0    0  GET / HTTP/1.1
 2775  55.282  0.019921  0.005755  0.009  0.019  0.027  0.030  0.040  0.092  2775     0    0    0  GET /?append=1&until=*
 1108  12.171  0.010985  0.003995  0.004  0.010  0.016  0.018  0.025  0.040  1108     0    0    0  GET /hashtag/*
 1108  11.985  0.010817  0.003775  0.004  0.010  0.016  0.018  0.024  0.035  1108     0    0    0  GET /search?q=*
  554   6.176  0.011148  0.004608  0.005  0.010  0.018  0.020  0.024  0.032     0   554    0    0  POST /unfollow HTTP/1.1
  553   6.096  0.011024  0.004973  0.005  0.010  0.017  0.021  0.028  0.039     0   553    0    0  POST /follow HTTP/1.1
 1665   5.490  0.003297  0.002465  0.001  0.002  0.006  0.009  0.013  0.018     0  1665    0    0  POST /login HTTP/1.1
  552   3.389  0.006139  0.003103  0.002  0.005  0.010  0.013  0.017  0.024     0   552    0    0  POST / HTTP/1.1
  551   1.194  0.002167  0.001449  0.001  0.002  0.004  0.005  0.009  0.015     0   551    0    0  POST /logout HTTP/1.1
    1   0.492  0.492000  0.000000  0.492  0.492  0.492  0.492  0.492  0.492     1     0    0    0  GET /initialize HTTP/1.1
   28   0.468  0.016714  0.006295  0.009  0.016  0.029  0.029  0.031  0.031    28     0    0    0  GET /kanehiro HTTP/1.1
   28   0.412  0.014714  0.003990  0.009  0.015  0.021  0.021  0.024  0.024    28     0    0    0  GET /daisuke HTTP/1.1
   23   0.400  0.017391  0.007517  0.009  0.015  0.024  0.033  0.043  0.043    23     0    0    0  GET /kiyotake HTTP/1.1
   23   0.385  0.016739  0.008461  0.008  0.014  0.027  0.039  0.040  0.040    23     0    0    0  GET /takahide HTTP/1.1
   23   0.382  0.016609  0.006774  0.008  0.016  0.026  0.027  0.037  0.037    23     0    0    0  GET /yoji HTTP/1.1
   23   0.382  0.016609  0.006170  0.008  0.016  0.026  0.026  0.032  0.032    23     0    0    0  GET /tetsuya HTTP/1.1
   23   0.374  0.016261  0.007272  0.009  0.014  0.027  0.034  0.037  0.037    23     0    0    0  GET /yoritsune HTTP/1.1
   23   0.365  0.015870  0.004514  0.006  0.016  0.021  0.025  0.027  0.027    23     0    0    0  GET /toshinori HTTP/1.1
   23   0.360  0.015652  0.006663  0.008  0.013  0.019  0.024  0.042  0.042    23     0    0    0  GET /tateo HTTP/1.1
   23   0.358  0.015565  0.004528  0.009  0.016  0.022  0.024  0.027  0.027    23     0    0    0  GET /mineo HTTP/1.1

Top 20 Sort By Mean
Count   Total      Mean    Stddev    Min  P50.0  P90.0  P95.0  P99.0    Max   2xx  3xx  4xx  5xx  Request
    1   0.492  0.492000  0.000000  0.492  0.492  0.492  0.492  0.492  0.492     1    0    0    0  GET /initialize HTTP/1.1
    3   0.079  0.026333  0.014885  0.010  0.023  0.046  0.046  0.046  0.046     3    0    0    0  GET /mitsugi HTTP/1.1
    3   0.069  0.023000  0.014720  0.008  0.018  0.043  0.043  0.043  0.043     3    0    0    0  GET /kosaku HTTP/1.1
    3   0.067  0.022333  0.013225  0.012  0.014  0.041  0.041  0.041  0.041     3    0    0    0  GET /hirotami HTTP/1.1
    3   0.063  0.021000  0.004320  0.017  0.019  0.027  0.027  0.027  0.027     3    0    0    0  GET /shozo HTTP/1.1
    8   0.167  0.020875  0.009727  0.008  0.019  0.038  0.038  0.038  0.038     8    0    0    0  GET /hirotoki HTTP/1.1
   13   0.261  0.020077  0.006533  0.010  0.020  0.027  0.033  0.033  0.033    13    0    0    0  GET /hideaki HTTP/1.1
    8   0.160  0.020000  0.008261  0.008  0.022  0.036  0.036  0.036  0.036     8    0    0    0  GET /masabumi HTTP/1.1
    3   0.060  0.020000  0.008832  0.011  0.017  0.032  0.032  0.032  0.032     3    0    0    0  GET /katsutoshi HTTP/1.1
 2775  55.282  0.019921  0.005755  0.009  0.019  0.027  0.030  0.040  0.092  2775    0    0    0  GET /?append=1&until=*
    8   0.155  0.019375  0.013105  0.008  0.016  0.049  0.049  0.049  0.049     8    0    0    0  GET /takeharu HTTP/1.1
    3   0.058  0.019333  0.004497  0.014  0.019  0.025  0.025  0.025  0.025     3    0    0    0  GET /kimiya HTTP/1.1
    3   0.058  0.019333  0.015370  0.007  0.010  0.041  0.041  0.041  0.041     3    0    0    0  GET /masaya HTTP/1.1
    3   0.058  0.019333  0.009978  0.006  0.022  0.030  0.030  0.030  0.030     3    0    0    0  GET /katsusuke HTTP/1.1
    3   0.058  0.019333  0.004922  0.013  0.020  0.025  0.025  0.025  0.025     3    0    0    0  GET /shinjiro HTTP/1.1
    8   0.153  0.019125  0.009075  0.008  0.020  0.038  0.038  0.038  0.038     8    0    0    0  GET /hiroshi HTTP/1.1
    8   0.152  0.019000  0.010828  0.009  0.015  0.045  0.045  0.045  0.045     8    0    0    0  GET /kaiji HTTP/1.1
    8   0.151  0.018875  0.009293  0.008  0.017  0.040  0.040  0.040  0.040     8    0    0    0  GET /keigo HTTP/1.1
    3   0.056  0.018667  0.013768  0.007  0.011  0.038  0.038  0.038  0.038     3    0    0    0  GET /hitoshi HTTP/1.1
    8   0.149  0.018625  0.005023  0.010  0.020  0.025  0.025  0.025  0.025     8    0    0    0  GET /kinichi HTTP/1.1

Top 20 Sort By Standard Deviation
Count   Total      Mean    Stddev    Min  P50.0  P90.0  P95.0  P99.0    Max   2xx  3xx  4xx  5xx  Request
 5539  74.773  0.013499  0.016186  0.002  0.011  0.025  0.028  0.039  1.025  5539    0    0    0  GET / HTTP/1.1
    3   0.058  0.019333  0.015370  0.007  0.010  0.041  0.041  0.041  0.041     3    0    0    0  GET /masaya HTTP/1.1
    3   0.079  0.026333  0.014885  0.010  0.023  0.046  0.046  0.046  0.046     3    0    0    0  GET /mitsugi HTTP/1.1
    3   0.069  0.023000  0.014720  0.008  0.018  0.043  0.043  0.043  0.043     3    0    0    0  GET /kosaku HTTP/1.1
    3   0.056  0.018667  0.013768  0.007  0.011  0.038  0.038  0.038  0.038     3    0    0    0  GET /hitoshi HTTP/1.1
    3   0.054  0.018000  0.013736  0.005  0.012  0.037  0.037  0.037  0.037     3    0    0    0  GET /satsuo HTTP/1.1
    3   0.067  0.022333  0.013225  0.012  0.014  0.041  0.041  0.041  0.041     3    0    0    0  GET /hirotami HTTP/1.1
    8   0.155  0.019375  0.013105  0.008  0.016  0.049  0.049  0.049  0.049     8    0    0    0  GET /takeharu HTTP/1.1
    3   0.050  0.016667  0.011557  0.008  0.009  0.033  0.033  0.033  0.033     3    0    0    0  GET /hidekazu HTTP/1.1
    8   0.152  0.019000  0.010828  0.009  0.015  0.045  0.045  0.045  0.045     8    0    0    0  GET /kaiji HTTP/1.1
    8   0.132  0.016500  0.010173  0.007  0.012  0.040  0.040  0.040  0.040     8    0    0    0  GET /akito HTTP/1.1
    3   0.058  0.019333  0.009978  0.006  0.022  0.030  0.030  0.030  0.030     3    0    0    0  GET /katsusuke HTTP/1.1
    8   0.120  0.015000  0.009862  0.007  0.012  0.040  0.040  0.040  0.040     8    0    0    0  GET /shigetoshi HTTP/1.1
    3   0.046  0.015333  0.009741  0.007  0.010  0.029  0.029  0.029  0.029     3    0    0    0  GET /masaharu HTTP/1.1
    8   0.167  0.020875  0.009727  0.008  0.019  0.038  0.038  0.038  0.038     8    0    0    0  GET /hirotoki HTTP/1.1
    3   0.052  0.017333  0.009672  0.010  0.011  0.031  0.031  0.031  0.031     3    0    0    0  GET /mototsugu HTTP/1.1
    8   0.151  0.018875  0.009293  0.008  0.017  0.040  0.040  0.040  0.040     8    0    0    0  GET /keigo HTTP/1.1
    3   0.054  0.018000  0.009274  0.010  0.013  0.031  0.031  0.031  0.031     3    0    0    0  GET /shigenori HTTP/1.1
    3   0.054  0.018000  0.009201  0.011  0.012  0.031  0.031  0.031  0.031     3    0    0    0  GET /toshiyasu HTTP/1.1
    8   0.153  0.019125  0.009075  0.008  0.020  0.038  0.038  0.038  0.038     8    0    0    0  GET /hiroshi HTTP/1.1

Top 20 Sort By Maximum(100 Percentile)
Count   Total      Mean    Stddev    Min  P50.0  P90.0  P95.0  P99.0    Max   2xx  3xx  4xx  5xx  Request
 5539  74.773  0.013499  0.016186  0.002  0.011  0.025  0.028  0.039  1.025  5539    0    0    0  GET / HTTP/1.1
    1   0.492  0.492000  0.000000  0.492  0.492  0.492  0.492  0.492  0.492     1    0    0    0  GET /initialize HTTP/1.1
 2775  55.282  0.019921  0.005755  0.009  0.019  0.027  0.030  0.040  0.092  2775    0    0    0  GET /?append=1&until=*
    8   0.155  0.019375  0.013105  0.008  0.016  0.049  0.049  0.049  0.049     8    0    0    0  GET /takeharu HTTP/1.1
    3   0.079  0.026333  0.014885  0.010  0.023  0.046  0.046  0.046  0.046     3    0    0    0  GET /mitsugi HTTP/1.1
    8   0.152  0.019000  0.010828  0.009  0.015  0.045  0.045  0.045  0.045     8    0    0    0  GET /kaiji HTTP/1.1
    3   0.069  0.023000  0.014720  0.008  0.018  0.043  0.043  0.043  0.043     3    0    0    0  GET /kosaku HTTP/1.1
   13   0.230  0.017692  0.008489  0.008  0.017  0.021  0.043  0.043  0.043    13    0    0    0  GET /koji HTTP/1.1
   23   0.400  0.017391  0.007517  0.009  0.015  0.024  0.033  0.043  0.043    23    0    0    0  GET /kiyotake HTTP/1.1
   23   0.360  0.015652  0.006663  0.008  0.013  0.019  0.024  0.042  0.042    23    0    0    0  GET /tateo HTTP/1.1
    3   0.067  0.022333  0.013225  0.012  0.014  0.041  0.041  0.041  0.041     3    0    0    0  GET /hirotami HTTP/1.1
    3   0.058  0.019333  0.015370  0.007  0.010  0.041  0.041  0.041  0.041     3    0    0    0  GET /masaya HTTP/1.1
   18   0.268  0.014889  0.007179  0.006  0.014  0.021  0.040  0.040  0.040    18    0    0    0  GET /hidenori HTTP/1.1
    8   0.132  0.016500  0.010173  0.007  0.012  0.040  0.040  0.040  0.040     8    0    0    0  GET /akito HTTP/1.1
    8   0.151  0.018875  0.009293  0.008  0.017  0.040  0.040  0.040  0.040     8    0    0    0  GET /keigo HTTP/1.1
    8   0.120  0.015000  0.009862  0.007  0.012  0.040  0.040  0.040  0.040     8    0    0    0  GET /shigetoshi HTTP/1.1
   23   0.385  0.016739  0.008461  0.008  0.014  0.027  0.039  0.040  0.040    23    0    0    0  GET /takahide HTTP/1.1
   18   0.295  0.016389  0.007380  0.007  0.014  0.026  0.040  0.040  0.040    18    0    0    0  GET /satoru HTTP/1.1
 1108  12.171  0.010985  0.003995  0.004  0.010  0.016  0.018  0.025  0.040  1108    0    0    0  GET /hashtag/*
   13   0.215  0.016538  0.007376  0.009  0.015  0.022  0.039  0.039  0.039    13    0    0    0  GET /yoritaka HTTP/1.1

TOP 37 Slow Requests
 1  1.025  GET / HTTP/1.1
 2  0.492  GET /initialize HTTP/1.1
 3  0.092  GET /?append=1&until=*
 4  0.060  GET /?append=1&until=*
 5  0.056  GET /?append=1&until=*
 6  0.056  GET / HTTP/1.1
 7  0.055  GET / HTTP/1.1
 8  0.054  GET / HTTP/1.1
 9  0.053  GET /?append=1&until=*
10  0.053  GET /?append=1&until=*
11  0.052  GET / HTTP/1.1
12  0.052  GET / HTTP/1.1
13  0.052  GET / HTTP/1.1
14  0.052  GET /?append=1&until=*
15  0.052  GET /?append=1&until=*
16  0.051  GET / HTTP/1.1
17  0.051  GET / HTTP/1.1
18  0.051  GET / HTTP/1.1
19  0.050  GET / HTTP/1.1
20  0.049  GET /takeharu HTTP/1.1
21  0.049  GET / HTTP/1.1
22  0.049  GET / HTTP/1.1
23  0.048  GET /?append=1&until=*
24  0.048  GET / HTTP/1.1
25  0.048  GET / HTTP/1.1
26  0.047  GET / HTTP/1.1
27  0.047  GET / HTTP/1.1
28  0.047  GET / HTTP/1.1
29  0.046  GET /?append=1&until=*
30  0.046  GET / HTTP/1.1
31  0.046  GET /?append=1&until=*
32  0.046  GET /?append=1&until=*
33  0.046  GET / HTTP/1.1
34  0.046  GET /mitsugi HTTP/1.1
35  0.046  GET / HTTP/1.1
36  0.045  GET / HTTP/1.1
37  0.045  GET /?append=1&until=*
