Top 20 Sort By Count
Count     Total      Mean    Stddev     Min   P50.0   P90.0   P95.0   P99.0     Max    2xx   3xx  4xx   5xx  Request
22879     0.000  0.000000  0.000000   0.000   0.000   0.000   0.000   0.000   0.000  22879     0    0     0  GET /favicon.ico HTTP/1.1
22798     0.000  0.000000  0.000000   0.000   0.000   0.000   0.000   0.000   0.000  22798     0    0     0  GET /js/*
22762     0.000  0.000000  0.000000   0.000   0.000   0.000   0.000   0.000   0.000  22762     0    0     0  GET /css/*
 9794  1812.424  0.185055  0.200427   0.000   0.104   0.517   0.573   0.813   1.254   6501     0    0  3293  GET / HTTP/1.1
 3652   500.078  0.136933  0.169053   0.000   0.060   0.465   0.507   0.565   0.976      0  3609    0    43  POST /login HTTP/1.1
 2441  1837.831  0.752901  0.251923   0.000   0.653   1.071   1.140   1.557   1.642   2412     0    1    28  GET /hashtag/*
 2422  1816.258  0.749900  0.236597   0.000   0.659   1.066   1.122   1.502   1.687   2392     0    2    28  GET /search?q=*
 1194   203.533  0.170463  0.168577   0.000   0.095   0.441   0.505   0.597   0.939      0  1179    1    14  POST / HTTP/1.1
 1141   274.005  0.240145  0.211770   0.000   0.153   0.530   0.563   0.803   1.075      0  1127    0    14  POST /logout HTTP/1.1
  519   175.837  0.338800  0.327207   0.024   0.127   0.838   0.861   1.219   1.257    519     0    0     0  GET /?append=1&until=*
  102    17.884  0.175333  0.160815   0.018   0.091   0.431   0.502   0.617   0.619      0   102    0     0  POST /unfollow HTTP/1.1
   96    15.609  0.162594  0.175423   0.008   0.076   0.450   0.509   0.794   0.794      0    96    0     0  POST /follow HTTP/1.1
   65    12.175  0.187308  0.162051   0.062   0.115   0.472   0.529   0.819   0.819     65     0    0     0  GET /toshihiro HTTP/1.1
   38    49.781  1.310026  2.985048   0.180   0.196  10.000  10.000  10.000  10.000     27     0    4     7  GET /initialize HTTP/1.1
   35    10.999  0.314257  0.168772   0.059   0.371   0.516   0.531   0.663   0.663     35     0    0     0  GET /toshimichi HTTP/1.1
   34     6.181  0.181794  0.164170   0.050   0.114   0.499   0.600   0.608   0.608     34     0    0     0  GET /tsunemi HTTP/1.1
   31     4.069  0.131258  0.123737   0.062   0.099   0.142   0.549   0.634   0.634     31     0    0     0  GET /naomichi HTTP/1.1
   29     3.168  0.109241  0.030837   0.054   0.114   0.154   0.157   0.167   0.167     29     0    0     0  GET /mitsuyo HTTP/1.1
   28     3.511  0.125393  0.098985   0.069   0.109   0.127   0.138   0.633   0.633     28     0    0     0  GET /hisahito HTTP/1.1
   26     8.937  0.343731  0.167702   0.110   0.389   0.540   0.598   0.672   0.672     26     0    0     0  GET /yasumichi HTTP/1.1

Top 20 Sort By Total
Count     Total      Mean    Stddev     Min   P50.0   P90.0   P95.0   P99.0     Max   2xx   3xx  4xx   5xx  Request
 2441  1837.831  0.752901  0.251923   0.000   0.653   1.071   1.140   1.557   1.642  2412     0    1    28  GET /hashtag/*
 2422  1816.258  0.749900  0.236597   0.000   0.659   1.066   1.122   1.502   1.687  2392     0    2    28  GET /search?q=*
 9794  1812.424  0.185055  0.200427   0.000   0.104   0.517   0.573   0.813   1.254  6501     0    0  3293  GET / HTTP/1.1
 3652   500.078  0.136933  0.169053   0.000   0.060   0.465   0.507   0.565   0.976     0  3609    0    43  POST /login HTTP/1.1
 1141   274.005  0.240145  0.211770   0.000   0.153   0.530   0.563   0.803   1.075     0  1127    0    14  POST /logout HTTP/1.1
 1194   203.533  0.170463  0.168577   0.000   0.095   0.441   0.505   0.597   0.939     0  1179    1    14  POST / HTTP/1.1
  519   175.837  0.338800  0.327207   0.024   0.127   0.838   0.861   1.219   1.257   519     0    0     0  GET /?append=1&until=*
   38    49.781  1.310026  2.985048   0.180   0.196  10.000  10.000  10.000  10.000    27     0    4     7  GET /initialize HTTP/1.1
  102    17.884  0.175333  0.160815   0.018   0.091   0.431   0.502   0.617   0.619     0   102    0     0  POST /unfollow HTTP/1.1
   96    15.609  0.162594  0.175423   0.008   0.076   0.450   0.509   0.794   0.794     0    96    0     0  POST /follow HTTP/1.1
   65    12.175  0.187308  0.162051   0.062   0.115   0.472   0.529   0.819   0.819    65     0    0     0  GET /toshihiro HTTP/1.1
   35    10.999  0.314257  0.168772   0.059   0.371   0.516   0.531   0.663   0.663    35     0    0     0  GET /toshimichi HTTP/1.1
   26     8.937  0.343731  0.167702   0.110   0.389   0.540   0.598   0.672   0.672    26     0    0     0  GET /yasumichi HTTP/1.1
   26     7.489  0.288038  0.178494   0.064   0.204   0.509   0.585   0.666   0.666    26     0    0     0  GET /takayuki HTTP/1.1
   21     6.736  0.320762  0.174062   0.051   0.367   0.480   0.590   0.623   0.623    21     0    0     0  GET /tadateru HTTP/1.1
   34     6.181  0.181794  0.164170   0.050   0.114   0.499   0.600   0.608   0.608    34     0    0     0  GET /tsunemi HTTP/1.1
   18     5.432  0.301778  0.170278   0.033   0.371   0.479   0.586   0.586   0.586    18     0    0     0  GET /nobuaki HTTP/1.1
   24     5.269  0.219542  0.175733   0.073   0.140   0.565   0.571   0.600   0.600    24     0    0     0  GET /masaie HTTP/1.1
   25     5.070  0.202800  0.179757   0.057   0.108   0.545   0.556   0.626   0.626    25     0    0     0  GET /yasunari HTTP/1.1
   15     4.656  0.310400  0.227513   0.052   0.224   0.648   0.674   0.674   0.674    15     0    0     0  GET /tomokazu HTTP/1.1

Top 20 Sort By Mean
Count     Total      Mean    Stddev     Min   P50.0   P90.0   P95.0   P99.0     Max   2xx  3xx  4xx  5xx  Request
   38    49.781  1.310026  2.985048   0.180   0.196  10.000  10.000  10.000  10.000    27    0    4    7  GET /initialize HTTP/1.1
 2441  1837.831  0.752901  0.251923   0.000   0.653   1.071   1.140   1.557   1.642  2412    0    1   28  GET /hashtag/*
 2422  1816.258  0.749900  0.236597   0.000   0.659   1.066   1.122   1.502   1.687  2392    0    2   28  GET /search?q=*
    3     1.653  0.551000  0.026621   0.517   0.554   0.582   0.582   0.582   0.582     3    0    0    0  GET /yanosuke HTTP/1.1
    1     0.520  0.520000  0.000000   0.520   0.520   0.520   0.520   0.520   0.520     1    0    0    0  GET /taisuke HTTP/1.1
    2     1.009  0.504500  0.048500   0.456   0.553   0.553   0.553   0.553   0.553     2    0    0    0  GET /hidemi HTTP/1.1
    3     1.390  0.463333  0.340709   0.104   0.365   0.921   0.921   0.921   0.921     3    0    0    0  GET /hayanari HTTP/1.1
    3     1.389  0.463000  0.322006   0.051   0.501   0.837   0.837   0.837   0.837     3    0    0    0  GET /koichi HTTP/1.1
    1     0.445  0.445000  0.000000   0.445   0.445   0.445   0.445   0.445   0.445     1    0    0    0  GET /takahito HTTP/1.1
    3     1.323  0.441000  0.335799   0.125   0.292   0.906   0.906   0.906   0.906     3    0    0    0  GET /masaya HTTP/1.1
    3     1.311  0.437000  0.053385   0.362   0.467   0.482   0.482   0.482   0.482     3    0    0    0  GET /osamu HTTP/1.1
    3     1.305  0.435000  0.218414   0.128   0.559   0.618   0.618   0.618   0.618     3    0    0    0  GET /katsuhisa HTTP/1.1
    3     1.280  0.426667  0.264958   0.066   0.519   0.695   0.695   0.695   0.695     3    0    0    0  GET /yahiro HTTP/1.1
    3     1.276  0.425333  0.193524   0.152   0.550   0.574   0.574   0.574   0.574     3    0    0    0  GET /shunsuke HTTP/1.1
    6     2.538  0.423000  0.242984   0.051   0.441   0.842   0.842   0.842   0.842     6    0    0    0  GET /takeharu HTTP/1.1
    3     1.266  0.422000  0.452763   0.056   0.150   1.060   1.060   1.060   1.060     3    0    0    0  GET /toshiaki HTTP/1.1
    4     1.679  0.419750  0.190905   0.107   0.569   0.580   0.580   0.580   0.580     4    0    0    0  GET /seishiro HTTP/1.1
    3     1.256  0.418667  0.225303   0.105   0.527   0.624   0.624   0.624   0.624     3    0    0    0  GET /teijiro HTTP/1.1
    3     1.249  0.416333  0.390864   0.058   0.231   0.960   0.960   0.960   0.960     3    0    0    0  GET /sonosuke HTTP/1.1
    3     1.230  0.410000  0.236018   0.093   0.478   0.659   0.659   0.659   0.659     3    0    0    0  GET /nobuhisa HTTP/1.1

Top 20 Sort By Standard Deviation
Count   Total      Mean    Stddev     Min   P50.0   P90.0   P95.0   P99.0     Max  2xx  3xx  4xx  5xx  Request
   38  49.781  1.310026  2.985048   0.180   0.196  10.000  10.000  10.000  10.000   27    0    4    7  GET /initialize HTTP/1.1
    3   1.138  0.379333  0.457971   0.054   0.057   1.027   1.027   1.027   1.027    3    0    0    0  GET /tomoyuki HTTP/1.1
    3   1.266  0.422000  0.452763   0.056   0.150   1.060   1.060   1.060   1.060    3    0    0    0  GET /toshiaki HTTP/1.1
    3   1.181  0.393667  0.428483   0.053   0.130   0.998   0.998   0.998   0.998    3    0    0    0  GET /taro HTTP/1.1
    3   1.145  0.381667  0.427796   0.055   0.104   0.986   0.986   0.986   0.986    3    0    0    0  GET /terumasa HTTP/1.1
    3   1.124  0.374667  0.405236   0.063   0.114   0.947   0.947   0.947   0.947    3    0    0    0  GET /ryuji HTTP/1.1
    3   1.065  0.355000  0.400492   0.054   0.090   0.921   0.921   0.921   0.921    3    0    0    0  GET /nankichi HTTP/1.1
    3   1.249  0.416333  0.390864   0.058   0.231   0.960   0.960   0.960   0.960    3    0    0    0  GET /sonosuke HTTP/1.1
    6   2.006  0.334333  0.379021   0.059   0.116   1.087   1.087   1.087   1.087    6    0    0    0  GET /tadanari HTTP/1.1
    6   2.016  0.336000  0.370948   0.058   0.128   1.046   1.046   1.046   1.046    6    0    0    0  GET /kanemoto HTTP/1.1
    3   1.084  0.361333  0.369837   0.058   0.144   0.882   0.882   0.882   0.882    3    0    0    0  GET /ichiei HTTP/1.1
    6   1.884  0.314000  0.363467   0.058   0.116   1.034   1.034   1.034   1.034    6    0    0    0  GET /shunpei HTTP/1.1
    6   1.566  0.261000  0.355799   0.058   0.128   1.053   1.053   1.053   1.053    6    0    0    0  GET /shunsaku HTTP/1.1
    6   1.805  0.300833  0.344811   0.052   0.163   1.050   1.050   1.050   1.050    6    0    0    0  GET /taiji HTTP/1.1
    6   1.936  0.322667  0.343442   0.077   0.241   1.041   1.041   1.041   1.041    6    0    0    0  GET /yoichiro HTTP/1.1
    3   1.390  0.463333  0.340709   0.104   0.365   0.921   0.921   0.921   0.921    3    0    0    0  GET /hayanari HTTP/1.1
    6   2.085  0.347500  0.340187   0.051   0.267   1.037   1.037   1.037   1.037    6    0    0    0  GET /iemon HTTP/1.1
    6   1.720  0.286667  0.338520   0.057   0.148   1.027   1.027   1.027   1.027    6    0    0    0  GET /goro HTTP/1.1
    3   1.323  0.441000  0.335799   0.125   0.292   0.906   0.906   0.906   0.906    3    0    0    0  GET /masaya HTTP/1.1
    6   1.495  0.249167  0.329492   0.056   0.165   0.977   0.977   0.977   0.977    6    0    0    0  GET /haruki HTTP/1.1

Top 20 Sort By Maximum(100 Percentile)
Count     Total      Mean    Stddev     Min   P50.0   P90.0   P95.0   P99.0     Max   2xx   3xx  4xx   5xx  Request
   38    49.781  1.310026  2.985048   0.180   0.196  10.000  10.000  10.000  10.000    27     0    4     7  GET /initialize HTTP/1.1
 2422  1816.258  0.749900  0.236597   0.000   0.659   1.066   1.122   1.502   1.687  2392     0    2    28  GET /search?q=*
 2441  1837.831  0.752901  0.251923   0.000   0.653   1.071   1.140   1.557   1.642  2412     0    1    28  GET /hashtag/*
  519   175.837  0.338800  0.327207   0.024   0.127   0.838   0.861   1.219   1.257   519     0    0     0  GET /?append=1&until=*
 9794  1812.424  0.185055  0.200427   0.000   0.104   0.517   0.573   0.813   1.254  6501     0    0  3293  GET / HTTP/1.1
    6     2.006  0.334333  0.379021   0.059   0.116   1.087   1.087   1.087   1.087     6     0    0     0  GET /tadanari HTTP/1.1
 1141   274.005  0.240145  0.211770   0.000   0.153   0.530   0.563   0.803   1.075     0  1127    0    14  POST /logout HTTP/1.1
   12     3.793  0.316083  0.295944   0.058   0.154   0.641   1.072   1.072   1.072    12     0    0     0  GET /atsuhiko HTTP/1.1
    3     1.266  0.422000  0.452763   0.056   0.150   1.060   1.060   1.060   1.060     3     0    0     0  GET /toshiaki HTTP/1.1
    6     1.566  0.261000  0.355799   0.058   0.128   1.053   1.053   1.053   1.053     6     0    0     0  GET /shunsaku HTTP/1.1
    6     1.805  0.300833  0.344811   0.052   0.163   1.050   1.050   1.050   1.050     6     0    0     0  GET /taiji HTTP/1.1
    6     2.016  0.336000  0.370948   0.058   0.128   1.046   1.046   1.046   1.046     6     0    0     0  GET /kanemoto HTTP/1.1
   10     2.758  0.275800  0.314962   0.056   0.119   1.046   1.046   1.046   1.046    10     0    0     0  GET /taketora HTTP/1.1
    6     1.936  0.322667  0.343442   0.077   0.241   1.041   1.041   1.041   1.041     6     0    0     0  GET /yoichiro HTTP/1.1
    9     1.979  0.219889  0.293047   0.060   0.152   1.040   1.040   1.040   1.040     9     0    0     0  GET /takatoshi HTTP/1.1
    9     2.306  0.256222  0.313740   0.053   0.120   1.038   1.038   1.038   1.038     9     0    0     0  GET /kansuke HTTP/1.1
    9     2.792  0.310222  0.292692   0.051   0.168   1.037   1.037   1.037   1.037     9     0    0     0  GET /tatsuhiko HTTP/1.1
    6     2.085  0.347500  0.340187   0.051   0.267   1.037   1.037   1.037   1.037     6     0    0     0  GET /iemon HTTP/1.1
    6     1.884  0.314000  0.363467   0.058   0.116   1.034   1.034   1.034   1.034     6     0    0     0  GET /shunpei HTTP/1.1
    3     1.138  0.379333  0.457971   0.054   0.057   1.027   1.027   1.027   1.027     3     0    0     0  GET /tomoyuki HTTP/1.1

TOP 37 Slow Requests
 1  10.000  GET /initialize HTTP/1.1
 2  10.000  GET /initialize HTTP/1.1
 3  10.000  GET /initialize HTTP/1.1
 4  10.000  GET /initialize HTTP/1.1
 5   1.687  GET /search?q=*
 6   1.645  GET /search?q=*
 7   1.642  GET /hashtag/*
 8   1.633  GET /search?q=*
 9   1.633  GET /search?q=*
10   1.625  GET /hashtag/*
11   1.617  GET /search?q=*
12   1.613  GET /search?q=*
13   1.605  GET /hashtag/*
14   1.604  GET /hashtag/*
15   1.604  GET /hashtag/*
16   1.603  GET /search?q=*
17   1.603  GET /hashtag/*
18   1.598  GET /hashtag/*
19   1.597  GET /hashtag/*
20   1.597  GET /hashtag/*
21   1.593  GET /search?q=*
22   1.591  GET /hashtag/*
23   1.590  GET /hashtag/*
24   1.587  GET /hashtag/*
25   1.586  GET /search?q=*
26   1.584  GET /hashtag/*
27   1.583  GET /hashtag/*
28   1.582  GET /hashtag/*
29   1.582  GET /search?q=*
30   1.581  GET /hashtag/*
31   1.581  GET /search?q=*
32   1.581  GET /hashtag/*
33   1.580  GET /search?q=*
34   1.579  GET /hashtag/*
35   1.578  GET /hashtag/*
36   1.576  GET /search?q=*
37   1.574  GET /search?q=*
