Top 20 Sort By Count
Count   Total      Mean    Stddev    Min  P50.0  P90.0  P95.0  P99.0    Max   2xx  3xx  4xx  5xx  Request
 2983   0.000  0.000000  0.000000  0.000  0.000  0.000  0.000  0.000  0.000  2983    0    0    0  GET /favicon.ico HTTP/1.1
 2979   0.000  0.000000  0.000000  0.000  0.000  0.000  0.000  0.000  0.000  2979    0    0    0  GET /js/*
 2979   0.000  0.000000  0.000000  0.000  0.000  0.000  0.000  0.000  0.000  2979    0    0    0  GET /css/*
 1570  52.616  0.033513  0.024295  0.002  0.029  0.069  0.079  0.103  0.128  1570    0    0    0  GET / HTTP/1.1
  790  37.645  0.047652  0.019712  0.016  0.044  0.077  0.085  0.099  0.113   790    0    0    0  GET /?append=1&until=*
  474   8.319  0.017551  0.014189  0.001  0.014  0.035  0.047  0.065  0.079     0  474    0    0  POST /login HTTP/1.1
  315  12.838  0.040756  0.017825  0.015  0.037  0.070  0.077  0.094  0.103   315    0    0    0  GET /hashtag/*
  314  12.248  0.039006  0.017093  0.016  0.037  0.062  0.075  0.087  0.096   314    0    0    0  GET /search?q=*
  158   5.780  0.036582  0.020490  0.006  0.032  0.067  0.080  0.096  0.109     0  158    0    0  POST /unfollow HTTP/1.1
  156   3.742  0.023987  0.016532  0.003  0.020  0.047  0.057  0.079  0.088     0  156    0    0  POST / HTTP/1.1
  156   4.847  0.031071  0.018390  0.006  0.028  0.059  0.067  0.079  0.090     0  156    0    0  POST /follow HTTP/1.1
  154   2.613  0.016968  0.014076  0.001  0.013  0.037  0.049  0.058  0.060     0  154    0    0  POST /logout HTTP/1.1
   28   2.784  0.099429  0.028562  0.058  0.095  0.143  0.149  0.174  0.174    28    0    0    0  GET /haruaki HTTP/1.1
   23   2.337  0.101609  0.027230  0.058  0.100  0.138  0.139  0.143  0.143    23    0    0    0  GET /toru HTTP/1.1
   23   2.340  0.101739  0.032083  0.062  0.099  0.149  0.150  0.187  0.187    23    0    0    0  GET /kohei HTTP/1.1
   23   2.448  0.106435  0.033567  0.062  0.105  0.147  0.168  0.175  0.175    23    0    0    0  GET /shigeyasu HTTP/1.1
   23   2.377  0.103348  0.034365  0.058  0.088  0.150  0.170  0.171  0.171    23    0    0    0  GET /naoyuki HTTP/1.1
   20   2.274  0.113700  0.033937  0.058  0.110  0.173  0.179  0.179  0.179    20    0    0    0  GET /toshihiro HTTP/1.1
   18   1.860  0.103333  0.033495  0.055  0.107  0.145  0.164  0.164  0.164    18    0    0    0  GET /iemon HTTP/1.1
   18   1.630  0.090556  0.028103  0.053  0.085  0.137  0.159  0.159  0.159    18    0    0    0  GET /koichi HTTP/1.1

Top 20 Sort By Total
Count   Total      Mean    Stddev    Min  P50.0  P90.0  P95.0  P99.0    Max   2xx  3xx  4xx  5xx  Request
 1570  52.616  0.033513  0.024295  0.002  0.029  0.069  0.079  0.103  0.128  1570    0    0    0  GET / HTTP/1.1
  790  37.645  0.047652  0.019712  0.016  0.044  0.077  0.085  0.099  0.113   790    0    0    0  GET /?append=1&until=*
  315  12.838  0.040756  0.017825  0.015  0.037  0.070  0.077  0.094  0.103   315    0    0    0  GET /hashtag/*
  314  12.248  0.039006  0.017093  0.016  0.037  0.062  0.075  0.087  0.096   314    0    0    0  GET /search?q=*
  474   8.319  0.017551  0.014189  0.001  0.014  0.035  0.047  0.065  0.079     0  474    0    0  POST /login HTTP/1.1
  158   5.780  0.036582  0.020490  0.006  0.032  0.067  0.080  0.096  0.109     0  158    0    0  POST /unfollow HTTP/1.1
  156   4.847  0.031071  0.018390  0.006  0.028  0.059  0.067  0.079  0.090     0  156    0    0  POST /follow HTTP/1.1
  156   3.742  0.023987  0.016532  0.003  0.020  0.047  0.057  0.079  0.088     0  156    0    0  POST / HTTP/1.1
   28   2.784  0.099429  0.028562  0.058  0.095  0.143  0.149  0.174  0.174    28    0    0    0  GET /haruaki HTTP/1.1
  154   2.613  0.016968  0.014076  0.001  0.013  0.037  0.049  0.058  0.060     0  154    0    0  POST /logout HTTP/1.1
   23   2.448  0.106435  0.033567  0.062  0.105  0.147  0.168  0.175  0.175    23    0    0    0  GET /shigeyasu HTTP/1.1
   23   2.377  0.103348  0.034365  0.058  0.088  0.150  0.170  0.171  0.171    23    0    0    0  GET /naoyuki HTTP/1.1
   23   2.340  0.101739  0.032083  0.062  0.099  0.149  0.150  0.187  0.187    23    0    0    0  GET /kohei HTTP/1.1
   23   2.337  0.101609  0.027230  0.058  0.100  0.138  0.139  0.143  0.143    23    0    0    0  GET /toru HTTP/1.1
   20   2.274  0.113700  0.033937  0.058  0.110  0.173  0.179  0.179  0.179    20    0    0    0  GET /toshihiro HTTP/1.1
   18   1.886  0.104778  0.030353  0.062  0.110  0.153  0.163  0.163  0.163    18    0    0    0  GET /nobumasa HTTP/1.1
   18   1.860  0.103333  0.033495  0.055  0.107  0.145  0.164  0.164  0.164    18    0    0    0  GET /iemon HTTP/1.1
   18   1.735  0.096389  0.021507  0.051  0.103  0.124  0.137  0.137  0.137    18    0    0    0  GET /yojiro HTTP/1.1
   18   1.723  0.095722  0.024937  0.057  0.099  0.131  0.146  0.146  0.146    18    0    0    0  GET /naomasa HTTP/1.1
   18   1.706  0.094778  0.023583  0.065  0.088  0.136  0.146  0.146  0.146    18    0    0    0  GET /tomoyasu HTTP/1.1

Top 20 Sort By Mean
Count  Total      Mean    Stddev    Min  P50.0  P90.0  P95.0  P99.0    Max  2xx  3xx  4xx  5xx  Request
    1  0.196  0.196000  0.000000  0.196  0.196  0.196  0.196  0.196  0.196    1    0    0    0  GET /initialize HTTP/1.1
    3  0.390  0.130000  0.015513  0.109  0.135  0.146  0.146  0.146  0.146    3    0    0    0  GET /bunji HTTP/1.1
    3  0.389  0.129667  0.023977  0.098  0.135  0.156  0.156  0.156  0.156    3    0    0    0  GET /masanori HTTP/1.1
    3  0.358  0.119333  0.023171  0.094  0.114  0.150  0.150  0.150  0.150    3    0    0    0  GET /hisao HTTP/1.1
   13  1.512  0.116308  0.033368  0.060  0.113  0.159  0.173  0.173  0.173   13    0    0    0  GET /seiki HTTP/1.1
    8  0.916  0.114500  0.019975  0.085  0.115  0.144  0.144  0.144  0.144    8    0    0    0  GET /ryuhei HTTP/1.1
   13  1.485  0.114231  0.030842  0.064  0.121  0.156  0.157  0.157  0.157   13    0    0    0  GET /dairoku HTTP/1.1
    8  0.912  0.114000  0.022666  0.080  0.118  0.152  0.152  0.152  0.152    8    0    0    0  GET /keisuke HTTP/1.1
    8  0.912  0.114000  0.028289  0.061  0.131  0.142  0.142  0.142  0.142    8    0    0    0  GET /katsumoto HTTP/1.1
   20  2.274  0.113700  0.033937  0.058  0.110  0.173  0.179  0.179  0.179   20    0    0    0  GET /toshihiro HTTP/1.1
    3  0.341  0.113667  0.033767  0.078  0.104  0.159  0.159  0.159  0.159    3    0    0    0  GET /toshikazu HTTP/1.1
    3  0.340  0.113333  0.002357  0.110  0.115  0.115  0.115  0.115  0.115    3    0    0    0  GET /takamasa HTTP/1.1
   11  1.244  0.113091  0.028789  0.065  0.113  0.142  0.172  0.172  0.172   11    0    0    0  GET /haruto HTTP/1.1
    8  0.899  0.112375  0.034565  0.055  0.133  0.152  0.152  0.152  0.152    8    0    0    0  GET /tadayoshi HTTP/1.1
    5  0.552  0.110400  0.042495  0.073  0.104  0.190  0.190  0.190  0.190    5    0    0    0  GET /hakaru HTTP/1.1
    8  0.883  0.110375  0.021494  0.079  0.118  0.149  0.149  0.149  0.149    8    0    0    0  GET /kikuo HTTP/1.1
    3  0.331  0.110333  0.012392  0.094  0.113  0.124  0.124  0.124  0.124    3    0    0    0  GET /munenobu HTTP/1.1
    3  0.325  0.108333  0.034779  0.074  0.095  0.156  0.156  0.156  0.156    3    0    0    0  GET /kazuharu HTTP/1.1
    3  0.325  0.108333  0.037959  0.073  0.091  0.161  0.161  0.161  0.161    3    0    0    0  GET /hiroyuki HTTP/1.1
    8  0.864  0.108000  0.024341  0.056  0.113  0.150  0.150  0.150  0.150    8    0    0    0  GET /rikiya HTTP/1.1

Top 20 Sort By Standard Deviation
Count  Total      Mean    Stddev    Min  P50.0  P90.0  P95.0  P99.0    Max  2xx  3xx  4xx  5xx  Request
    5  0.552  0.110400  0.042495  0.073  0.104  0.190  0.190  0.190  0.190    5    0    0    0  GET /hakaru HTTP/1.1
    8  0.827  0.103375  0.041255  0.054  0.117  0.176  0.176  0.176  0.176    8    0    0    0  GET /masanao HTTP/1.1
    3  0.315  0.105000  0.038944  0.060  0.100  0.155  0.155  0.155  0.155    3    0    0    0  GET /katsutoshi HTTP/1.1
   13  1.133  0.087154  0.038722  0.056  0.068  0.153  0.181  0.181  0.181   13    0    0    0  GET /norio HTTP/1.1
    8  0.843  0.105375  0.038548  0.065  0.116  0.186  0.186  0.186  0.186    8    0    0    0  GET /shunsuke HTTP/1.1
    3  0.309  0.103000  0.037974  0.056  0.104  0.149  0.149  0.149  0.149    3    0    0    0  GET /nobuyasu HTTP/1.1
    3  0.325  0.108333  0.037959  0.073  0.091  0.161  0.161  0.161  0.161    3    0    0    0  GET /hiroyuki HTTP/1.1
    8  0.811  0.101375  0.037884  0.060  0.106  0.169  0.169  0.169  0.169    8    0    0    0  GET /hiromori HTTP/1.1
    3  0.317  0.105667  0.036917  0.054  0.125  0.138  0.138  0.138  0.138    3    0    0    0  GET /ryu HTTP/1.1
    8  0.744  0.093000  0.035277  0.058  0.082  0.157  0.157  0.157  0.157    8    0    0    0  GET /mitsutoshi HTTP/1.1
    3  0.325  0.108333  0.034779  0.074  0.095  0.156  0.156  0.156  0.156    3    0    0    0  GET /kazuharu HTTP/1.1
    8  0.899  0.112375  0.034565  0.055  0.133  0.152  0.152  0.152  0.152    8    0    0    0  GET /tadayoshi HTTP/1.1
   13  1.302  0.100154  0.034489  0.056  0.084  0.151  0.160  0.160  0.160   13    0    0    0  GET /kimio HTTP/1.1
   23  2.377  0.103348  0.034365  0.058  0.088  0.150  0.170  0.171  0.171   23    0    0    0  GET /naoyuki HTTP/1.1
    8  0.856  0.107000  0.034253  0.053  0.098  0.163  0.163  0.163  0.163    8    0    0    0  GET /tomonori HTTP/1.1
   20  2.274  0.113700  0.033937  0.058  0.110  0.173  0.179  0.179  0.179   20    0    0    0  GET /toshihiro HTTP/1.1
    3  0.341  0.113667  0.033767  0.078  0.104  0.159  0.159  0.159  0.159    3    0    0    0  GET /toshikazu HTTP/1.1
    3  0.256  0.085333  0.033639  0.054  0.070  0.132  0.132  0.132  0.132    3    0    0    0  GET /katsunari HTTP/1.1
   23  2.448  0.106435  0.033567  0.062  0.105  0.147  0.168  0.175  0.175   23    0    0    0  GET /shigeyasu HTTP/1.1
   18  1.860  0.103333  0.033495  0.055  0.107  0.145  0.164  0.164  0.164   18    0    0    0  GET /iemon HTTP/1.1

Top 20 Sort By Maximum(100 Percentile)
Count  Total      Mean    Stddev    Min  P50.0  P90.0  P95.0  P99.0    Max  2xx  3xx  4xx  5xx  Request
    1  0.196  0.196000  0.000000  0.196  0.196  0.196  0.196  0.196  0.196    1    0    0    0  GET /initialize HTTP/1.1
    5  0.552  0.110400  0.042495  0.073  0.104  0.190  0.190  0.190  0.190    5    0    0    0  GET /hakaru HTTP/1.1
   23  2.340  0.101739  0.032083  0.062  0.099  0.149  0.150  0.187  0.187   23    0    0    0  GET /kohei HTTP/1.1
    8  0.843  0.105375  0.038548  0.065  0.116  0.186  0.186  0.186  0.186    8    0    0    0  GET /shunsuke HTTP/1.1
   13  1.133  0.087154  0.038722  0.056  0.068  0.153  0.181  0.181  0.181   13    0    0    0  GET /norio HTTP/1.1
   20  2.274  0.113700  0.033937  0.058  0.110  0.173  0.179  0.179  0.179   20    0    0    0  GET /toshihiro HTTP/1.1
   13  1.335  0.102692  0.032452  0.056  0.106  0.142  0.177  0.177  0.177   13    0    0    0  GET /hironori HTTP/1.1
    8  0.827  0.103375  0.041255  0.054  0.117  0.176  0.176  0.176  0.176    8    0    0    0  GET /masanao HTTP/1.1
   23  2.448  0.106435  0.033567  0.062  0.105  0.147  0.168  0.175  0.175   23    0    0    0  GET /shigeyasu HTTP/1.1
   28  2.784  0.099429  0.028562  0.058  0.095  0.143  0.149  0.174  0.174   28    0    0    0  GET /haruaki HTTP/1.1
   13  1.512  0.116308  0.033368  0.060  0.113  0.159  0.173  0.173  0.173   13    0    0    0  GET /seiki HTTP/1.1
   13  1.076  0.082769  0.030637  0.055  0.071  0.120  0.172  0.172  0.172   13    0    0    0  GET /kazushi HTTP/1.1
   11  1.244  0.113091  0.028789  0.065  0.113  0.142  0.172  0.172  0.172   11    0    0    0  GET /haruto HTTP/1.1
   23  2.377  0.103348  0.034365  0.058  0.088  0.150  0.170  0.171  0.171   23    0    0    0  GET /naoyuki HTTP/1.1
    8  0.811  0.101375  0.037884  0.060  0.106  0.169  0.169  0.169  0.169    8    0    0    0  GET /hiromori HTTP/1.1
   13  1.337  0.102846  0.028420  0.065  0.103  0.134  0.166  0.166  0.166   13    0    0    0  GET /kaichi HTTP/1.1
   13  1.378  0.106000  0.023583  0.076  0.105  0.122  0.166  0.166  0.166   13    0    0    0  GET /naruhisa HTTP/1.1
   18  1.860  0.103333  0.033495  0.055  0.107  0.145  0.164  0.164  0.164   18    0    0    0  GET /iemon HTTP/1.1
    8  0.856  0.107000  0.034253  0.053  0.098  0.163  0.163  0.163  0.163    8    0    0    0  GET /tomonori HTTP/1.1
   18  1.886  0.104778  0.030353  0.062  0.110  0.153  0.163  0.163  0.163   18    0    0    0  GET /nobumasa HTTP/1.1

TOP 37 Slow Requests
 1  0.196  GET /initialize HTTP/1.1
 2  0.190  GET /hakaru HTTP/1.1
 3  0.187  GET /kohei HTTP/1.1
 4  0.186  GET /shunsuke HTTP/1.1
 5  0.181  GET /norio HTTP/1.1
 6  0.179  GET /toshihiro HTTP/1.1
 7  0.177  GET /hironori HTTP/1.1
 8  0.176  GET /masanao HTTP/1.1
 9  0.175  GET /shigeyasu HTTP/1.1
10  0.174  GET /haruaki HTTP/1.1
11  0.173  GET /seiki HTTP/1.1
12  0.173  GET /toshihiro HTTP/1.1
13  0.172  GET /kazushi HTTP/1.1
14  0.172  GET /haruto HTTP/1.1
15  0.171  GET /naoyuki HTTP/1.1
16  0.170  GET /naoyuki HTTP/1.1
17  0.170  GET /toshihiro HTTP/1.1
18  0.169  GET /hiromori HTTP/1.1
19  0.168  GET /shigeyasu HTTP/1.1
20  0.166  GET /kaichi HTTP/1.1
21  0.166  GET /naruhisa HTTP/1.1
22  0.164  GET /iemon HTTP/1.1
23  0.163  GET /nobumasa HTTP/1.1
24  0.163  GET /tomonori HTTP/1.1
25  0.161  GET /ryunosuke HTTP/1.1
26  0.161  GET /munetaka HTTP/1.1
27  0.161  GET /hiroyuki HTTP/1.1
28  0.160  GET /kagenori HTTP/1.1
29  0.160  GET /kimio HTTP/1.1
30  0.160  GET /teiko HTTP/1.1
31  0.160  GET /sadaharu HTTP/1.1
32  0.160  GET /katsushi HTTP/1.1
33  0.159  GET /koichi HTTP/1.1
34  0.159  GET /toshikazu HTTP/1.1
35  0.159  GET /seiki HTTP/1.1
36  0.158  GET /keishi HTTP/1.1
37  0.157  GET /mitsutoshi HTTP/1.1
