Top 20 Sort By Count
Count   Total      Mean    Stddev    Min  P50.0  P90.0  P95.0  P99.0    Max  2xx  3xx  4xx  5xx  Request
  788   0.000  0.000000  0.000000  0.000  0.000  0.000  0.000  0.000  0.000  788    0    0    0  GET /js/*
  788   0.000  0.000000  0.000000  0.000  0.000  0.000  0.000  0.000  0.000  788    0    0    0  GET /css/*
  788   0.000  0.000000  0.000000  0.000  0.000  0.000  0.000  0.000  0.000  788    0    0    0  GET /favicon.ico HTTP/1.1
  421  61.022  0.144945  0.173544  0.002  0.071  0.461  0.538  0.594  0.969  421    0    0    0  GET / HTTP/1.1
  210  18.781  0.089433  0.075525  0.025  0.068  0.197  0.315  0.378  0.448  210    0    0    0  GET /?append=1&until=*
  132  14.339  0.108629  0.136795  0.001  0.050  0.335  0.403  0.534  0.723    0  132    0    0  POST /login HTTP/1.1
   85  63.131  0.742718  0.235661  0.491  0.613  1.057  1.092  1.534  1.534   85    0    0    0  GET /hashtag/*
   85  62.244  0.732282  0.213678  0.499  0.622  1.045  1.061  1.579  1.579   85    0    0    0  GET /search?q=*
   40   6.211  0.155275  0.171782  0.019  0.059  0.482  0.519  0.547  0.547    0   40    0    0  POST / HTTP/1.1
   40   2.797  0.069925  0.100806  0.012  0.038  0.119  0.477  0.506  0.506    0   40    0    0  POST /unfollow HTTP/1.1
   40   3.256  0.081400  0.100210  0.016  0.054  0.118  0.395  0.534  0.534    0   40    0    0  POST /follow HTTP/1.1
   40   5.419  0.135475  0.148533  0.003  0.084  0.457  0.516  0.550  0.550    0   40    0    0  POST /logout HTTP/1.1
   23   3.365  0.146304  0.125363  0.069  0.104  0.386  0.458  0.537  0.537   23    0    0    0  GET /masuzo HTTP/1.1
   23   2.860  0.124348  0.095039  0.072  0.097  0.154  0.164  0.554  0.554   23    0    0    0  GET /kunimitsu HTTP/1.1
   23   3.293  0.143174  0.129985  0.070  0.093  0.185  0.525  0.579  0.579   23    0    0    0  GET /takeshi HTTP/1.1
   23   3.588  0.156000  0.088796  0.072  0.119  0.297  0.351  0.368  0.368   23    0    0    0  GET /chikashi HTTP/1.1
   23   3.308  0.143826  0.139142  0.071  0.106  0.144  0.572  0.609  0.609   23    0    0    0  GET /tetsuji HTTP/1.1
   23   3.499  0.152130  0.169077  0.060  0.090  0.538  0.572  0.642  0.642   23    0    0    0  GET /toshihito HTTP/1.1
   20   2.171  0.108550  0.021655  0.069  0.109  0.138  0.164  0.164  0.164   20    0    0    0  GET /toshihiro HTTP/1.1
   18   1.919  0.106611  0.039922  0.056  0.102  0.162  0.217  0.217  0.217   18    0    0    0  GET /toshizo HTTP/1.1

Top 20 Sort By Total
Count   Total      Mean    Stddev    Min  P50.0  P90.0  P95.0  P99.0    Max  2xx  3xx  4xx  5xx  Request
   85  63.131  0.742718  0.235661  0.491  0.613  1.057  1.092  1.534  1.534   85    0    0    0  GET /hashtag/*
   85  62.244  0.732282  0.213678  0.499  0.622  1.045  1.061  1.579  1.579   85    0    0    0  GET /search?q=*
  421  61.022  0.144945  0.173544  0.002  0.071  0.461  0.538  0.594  0.969  421    0    0    0  GET / HTTP/1.1
  210  18.781  0.089433  0.075525  0.025  0.068  0.197  0.315  0.378  0.448  210    0    0    0  GET /?append=1&until=*
  132  14.339  0.108629  0.136795  0.001  0.050  0.335  0.403  0.534  0.723    0  132    0    0  POST /login HTTP/1.1
   40   6.211  0.155275  0.171782  0.019  0.059  0.482  0.519  0.547  0.547    0   40    0    0  POST / HTTP/1.1
   40   5.419  0.135475  0.148533  0.003  0.084  0.457  0.516  0.550  0.550    0   40    0    0  POST /logout HTTP/1.1
   23   3.588  0.156000  0.088796  0.072  0.119  0.297  0.351  0.368  0.368   23    0    0    0  GET /chikashi HTTP/1.1
   23   3.499  0.152130  0.169077  0.060  0.090  0.538  0.572  0.642  0.642   23    0    0    0  GET /toshihito HTTP/1.1
   23   3.365  0.146304  0.125363  0.069  0.104  0.386  0.458  0.537  0.537   23    0    0    0  GET /masuzo HTTP/1.1
   23   3.308  0.143826  0.139142  0.071  0.106  0.144  0.572  0.609  0.609   23    0    0    0  GET /tetsuji HTTP/1.1
   23   3.293  0.143174  0.129985  0.070  0.093  0.185  0.525  0.579  0.579   23    0    0    0  GET /takeshi HTTP/1.1
   40   3.256  0.081400  0.100210  0.016  0.054  0.118  0.395  0.534  0.534    0   40    0    0  POST /follow HTTP/1.1
   23   2.860  0.124348  0.095039  0.072  0.097  0.154  0.164  0.554  0.554   23    0    0    0  GET /kunimitsu HTTP/1.1
   40   2.797  0.069925  0.100806  0.012  0.038  0.119  0.477  0.506  0.506    0   40    0    0  POST /unfollow HTTP/1.1
    8   2.704  0.338000  0.222496  0.057  0.523  0.609  0.609  0.609  0.609    8    0    0    0  GET /teiji HTTP/1.1
   20   2.171  0.108550  0.021655  0.069  0.109  0.138  0.164  0.164  0.164   20    0    0    0  GET /toshihiro HTTP/1.1
   18   1.919  0.106611  0.039922  0.056  0.102  0.162  0.217  0.217  0.217   18    0    0    0  GET /toshizo HTTP/1.1
    8   1.726  0.215750  0.301986  0.053  0.109  1.013  1.013  1.013  1.013    8    0    0    0  GET /yasuharu HTTP/1.1
    8   1.561  0.195125  0.161041  0.061  0.134  0.560  0.560  0.560  0.560    8    0    0    0  GET /nagamichi HTTP/1.1

Top 20 Sort By Mean
Count   Total      Mean    Stddev    Min  P50.0  P90.0  P95.0  P99.0    Max  2xx  3xx  4xx  5xx  Request
   85  63.131  0.742718  0.235661  0.491  0.613  1.057  1.092  1.534  1.534   85    0    0    0  GET /hashtag/*
   85  62.244  0.732282  0.213678  0.499  0.622  1.045  1.061  1.579  1.579   85    0    0    0  GET /search?q=*
    8   2.704  0.338000  0.222496  0.057  0.523  0.609  0.609  0.609  0.609    8    0    0    0  GET /teiji HTTP/1.1
    2   0.653  0.326500  0.247500  0.079  0.574  0.574  0.574  0.574  0.574    2    0    0    0  GET /kaku HTTP/1.1
    3   0.915  0.305000  0.185523  0.059  0.349  0.507  0.507  0.507  0.507    3    0    0    0  GET /mitsuyo HTTP/1.1
    3   0.867  0.289000  0.133364  0.146  0.254  0.467  0.467  0.467  0.467    3    0    0    0  GET /akiyuki HTTP/1.1
    3   0.796  0.265333  0.210771  0.103  0.130  0.563  0.563  0.563  0.563    3    0    0    0  GET /katsutaro HTTP/1.1
    2   0.522  0.261000  0.209000  0.052  0.470  0.470  0.470  0.470  0.470    2    0    0    0  GET /jukichi HTTP/1.1
    3   0.761  0.253667  0.210957  0.103  0.106  0.552  0.552  0.552  0.552    3    0    0    0  GET /shinichiro HTTP/1.1
    3   0.757  0.252333  0.231957  0.075  0.102  0.580  0.580  0.580  0.580    3    0    0    0  GET /junya HTTP/1.1
    3   0.748  0.249333  0.160989  0.134  0.137  0.477  0.477  0.477  0.477    3    0    0    0  GET /mitsuo HTTP/1.1
    3   0.725  0.241667  0.233697  0.053  0.101  0.571  0.571  0.571  0.571    3    0    0    0  GET /kiyotaka HTTP/1.1
    3   0.720  0.240000  0.230661  0.067  0.087  0.566  0.566  0.566  0.566    3    0    0    0  GET /tadanaga HTTP/1.1
    3   0.686  0.228667  0.231552  0.057  0.073  0.556  0.556  0.556  0.556    3    0    0    0  GET /takamitsu HTTP/1.1
    3   0.649  0.216333  0.183632  0.067  0.107  0.475  0.475  0.475  0.475    3    0    0    0  GET /tadahito HTTP/1.1
    8   1.726  0.215750  0.301986  0.053  0.109  1.013  1.013  1.013  1.013    8    0    0    0  GET /yasuharu HTTP/1.1
    8   1.561  0.195125  0.161041  0.061  0.134  0.560  0.560  0.560  0.560    8    0    0    0  GET /nagamichi HTTP/1.1
    3   0.564  0.188000  0.089189  0.106  0.146  0.312  0.312  0.312  0.312    3    0    0    0  GET /masato HTTP/1.1
    3   0.554  0.184667  0.139574  0.082  0.090  0.382  0.382  0.382  0.382    3    0    0    0  GET /kanehiro HTTP/1.1
    3   0.535  0.178333  0.117588  0.083  0.108  0.344  0.344  0.344  0.344    3    0    0    0  GET /takahiko HTTP/1.1

Top 20 Sort By Standard Deviation
Count   Total      Mean    Stddev    Min  P50.0  P90.0  P95.0  P99.0    Max  2xx  3xx  4xx  5xx  Request
    8   1.726  0.215750  0.301986  0.053  0.109  1.013  1.013  1.013  1.013    8    0    0    0  GET /yasuharu HTTP/1.1
    2   0.653  0.326500  0.247500  0.079  0.574  0.574  0.574  0.574  0.574    2    0    0    0  GET /kaku HTTP/1.1
   85  63.131  0.742718  0.235661  0.491  0.613  1.057  1.092  1.534  1.534   85    0    0    0  GET /hashtag/*
    3   0.725  0.241667  0.233697  0.053  0.101  0.571  0.571  0.571  0.571    3    0    0    0  GET /kiyotaka HTTP/1.1
    3   0.757  0.252333  0.231957  0.075  0.102  0.580  0.580  0.580  0.580    3    0    0    0  GET /junya HTTP/1.1
    3   0.686  0.228667  0.231552  0.057  0.073  0.556  0.556  0.556  0.556    3    0    0    0  GET /takamitsu HTTP/1.1
    3   0.720  0.240000  0.230661  0.067  0.087  0.566  0.566  0.566  0.566    3    0    0    0  GET /tadanaga HTTP/1.1
    8   2.704  0.338000  0.222496  0.057  0.523  0.609  0.609  0.609  0.609    8    0    0    0  GET /teiji HTTP/1.1
   85  62.244  0.732282  0.213678  0.499  0.622  1.045  1.061  1.579  1.579   85    0    0    0  GET /search?q=*
    3   0.761  0.253667  0.210957  0.103  0.106  0.552  0.552  0.552  0.552    3    0    0    0  GET /shinichiro HTTP/1.1
    3   0.796  0.265333  0.210771  0.103  0.130  0.563  0.563  0.563  0.563    3    0    0    0  GET /katsutaro HTTP/1.1
    2   0.522  0.261000  0.209000  0.052  0.470  0.470  0.470  0.470  0.470    2    0    0    0  GET /jukichi HTTP/1.1
    3   0.915  0.305000  0.185523  0.059  0.349  0.507  0.507  0.507  0.507    3    0    0    0  GET /mitsuyo HTTP/1.1
    3   0.649  0.216333  0.183632  0.067  0.107  0.475  0.475  0.475  0.475    3    0    0    0  GET /tadahito HTTP/1.1
  421  61.022  0.144945  0.173544  0.002  0.071  0.461  0.538  0.594  0.969  421    0    0    0  GET / HTTP/1.1
   40   6.211  0.155275  0.171782  0.019  0.059  0.482  0.519  0.547  0.547    0   40    0    0  POST / HTTP/1.1
   23   3.499  0.152130  0.169077  0.060  0.090  0.538  0.572  0.642  0.642   23    0    0    0  GET /toshihito HTTP/1.1
    8   1.561  0.195125  0.161041  0.061  0.134  0.560  0.560  0.560  0.560    8    0    0    0  GET /nagamichi HTTP/1.1
    3   0.748  0.249333  0.160989  0.134  0.137  0.477  0.477  0.477  0.477    3    0    0    0  GET /mitsuo HTTP/1.1
   40   5.419  0.135475  0.148533  0.003  0.084  0.457  0.516  0.550  0.550    0   40    0    0  POST /logout HTTP/1.1

Top 20 Sort By Maximum(100 Percentile)
Count   Total      Mean    Stddev    Min  P50.0  P90.0  P95.0  P99.0    Max  2xx  3xx  4xx  5xx  Request
   85  62.244  0.732282  0.213678  0.499  0.622  1.045  1.061  1.579  1.579   85    0    0    0  GET /search?q=*
   85  63.131  0.742718  0.235661  0.491  0.613  1.057  1.092  1.534  1.534   85    0    0    0  GET /hashtag/*
    8   1.726  0.215750  0.301986  0.053  0.109  1.013  1.013  1.013  1.013    8    0    0    0  GET /yasuharu HTTP/1.1
  421  61.022  0.144945  0.173544  0.002  0.071  0.461  0.538  0.594  0.969  421    0    0    0  GET / HTTP/1.1
  132  14.339  0.108629  0.136795  0.001  0.050  0.335  0.403  0.534  0.723    0  132    0    0  POST /login HTTP/1.1
   23   3.499  0.152130  0.169077  0.060  0.090  0.538  0.572  0.642  0.642   23    0    0    0  GET /toshihito HTTP/1.1
   23   3.308  0.143826  0.139142  0.071  0.106  0.144  0.572  0.609  0.609   23    0    0    0  GET /tetsuji HTTP/1.1
    8   2.704  0.338000  0.222496  0.057  0.523  0.609  0.609  0.609  0.609    8    0    0    0  GET /teiji HTTP/1.1
    3   0.757  0.252333  0.231957  0.075  0.102  0.580  0.580  0.580  0.580    3    0    0    0  GET /junya HTTP/1.1
   23   3.293  0.143174  0.129985  0.070  0.093  0.185  0.525  0.579  0.579   23    0    0    0  GET /takeshi HTTP/1.1
    2   0.653  0.326500  0.247500  0.079  0.574  0.574  0.574  0.574  0.574    2    0    0    0  GET /kaku HTTP/1.1
    3   0.725  0.241667  0.233697  0.053  0.101  0.571  0.571  0.571  0.571    3    0    0    0  GET /kiyotaka HTTP/1.1
    3   0.720  0.240000  0.230661  0.067  0.087  0.566  0.566  0.566  0.566    3    0    0    0  GET /tadanaga HTTP/1.1
    3   0.796  0.265333  0.210771  0.103  0.130  0.563  0.563  0.563  0.563    3    0    0    0  GET /katsutaro HTTP/1.1
    8   1.561  0.195125  0.161041  0.061  0.134  0.560  0.560  0.560  0.560    8    0    0    0  GET /nagamichi HTTP/1.1
    3   0.686  0.228667  0.231552  0.057  0.073  0.556  0.556  0.556  0.556    3    0    0    0  GET /takamitsu HTTP/1.1
   23   2.860  0.124348  0.095039  0.072  0.097  0.154  0.164  0.554  0.554   23    0    0    0  GET /kunimitsu HTTP/1.1
    3   0.761  0.253667  0.210957  0.103  0.106  0.552  0.552  0.552  0.552    3    0    0    0  GET /shinichiro HTTP/1.1
   40   5.419  0.135475  0.148533  0.003  0.084  0.457  0.516  0.550  0.550    0   40    0    0  POST /logout HTTP/1.1
   40   6.211  0.155275  0.171782  0.019  0.059  0.482  0.519  0.547  0.547    0   40    0    0  POST / HTTP/1.1

TOP 37 Slow Requests
 1  1.579  GET /search?q=*
 2  1.534  GET /hashtag/*
 3  1.470  GET /hashtag/*
 4  1.167  GET /search?q=*
 5  1.121  GET /search?q=*
 6  1.099  GET /hashtag/*
 7  1.096  GET /hashtag/*
 8  1.092  GET /hashtag/*
 9  1.080  GET /hashtag/*
10  1.077  GET /search?q=*
11  1.070  GET /hashtag/*
12  1.068  GET /hashtag/*
13  1.061  GET /search?q=*
14  1.057  GET /hashtag/*
15  1.055  GET /search?q=*
16  1.055  GET /search?q=*
17  1.055  GET /hashtag/*
18  1.053  GET /hashtag/*
19  1.052  GET /hashtag/*
20  1.050  GET /search?q=*
21  1.050  GET /hashtag/*
22  1.047  GET /hashtag/*
23  1.046  GET /hashtag/*
24  1.046  GET /hashtag/*
25  1.045  GET /search?q=*
26  1.045  GET /hashtag/*
27  1.037  GET /search?q=*
28  1.036  GET /search?q=*
29  1.033  GET /search?q=*
30  1.033  GET /search?q=*
31  1.026  GET /hashtag/*
32  1.024  GET /hashtag/*
33  1.021  GET /hashtag/*
34  1.017  GET /hashtag/*
35  1.013  GET /yasuharu HTTP/1.1
36  1.011  GET /search?q=*
37  0.997  GET /hashtag/*
