Top 20 Sort By Count
Count   Total      Mean    Stddev    Min  P50.0  P90.0  P95.0  P99.0    Max   2xx   3xx  4xx  5xx  Request
 9786   0.000  0.000000  0.000000  0.000  0.000  0.000  0.000  0.000  0.000  9786     0    0    0  GET /favicon.ico HTTP/1.1
 9783   0.000  0.000000  0.000000  0.000  0.000  0.000  0.000  0.000  0.000  9783     0    0    0  GET /js/*
 9781   0.000  0.000000  0.000000  0.000  0.000  0.000  0.000  0.000  0.000  9781     0    0    0  GET /css/*
 5151  77.236  0.014994  0.009792  0.003  0.015  0.027  0.030  0.041  0.219  5151     0    0    0  GET / HTTP/1.1
 2580  54.248  0.021026  0.005773  0.009  0.020  0.028  0.032  0.041  0.058  2580     0    0    0  GET /?append=1&until=*
 1548   5.410  0.003495  0.002524  0.001  0.003  0.007  0.009  0.014  0.017     0  1548    0    0  POST /login HTTP/1.1
 1031  12.104  0.011740  0.003913  0.006  0.011  0.017  0.019  0.025  0.038  1031     0    0    0  GET /search?q=*
 1031  12.037  0.011675  0.003978  0.006  0.010  0.017  0.020  0.026  0.035  1031     0    0    0  GET /hashtag/*
  515   6.406  0.012439  0.004393  0.006  0.011  0.019  0.021  0.026  0.029     0   515    0    0  POST /unfollow HTTP/1.1
  514   3.873  0.007535  0.003547  0.003  0.006  0.012  0.015  0.019  0.029     0   514    0    0  POST / HTTP/1.1
  514   6.457  0.012562  0.004342  0.006  0.011  0.019  0.021  0.025  0.035     0   514    0    0  POST /follow HTTP/1.1
  513   1.216  0.002370  0.001515  0.001  0.002  0.004  0.005  0.009  0.011     0   513    0    0  POST /logout HTTP/1.1
   28   0.472  0.016857  0.005823  0.008  0.015  0.026  0.027  0.032  0.032    28     0    0    0  GET /toshiyasu HTTP/1.1
   28   0.542  0.019357  0.006867  0.008  0.018  0.031  0.033  0.034  0.034    28     0    0    0  GET /motoaki HTTP/1.1
   28   0.435  0.015536  0.004404  0.008  0.016  0.019  0.026  0.028  0.028    28     0    0    0  GET /kento HTTP/1.1
   28   0.457  0.016321  0.004885  0.010  0.015  0.024  0.027  0.028  0.028    28     0    0    0  GET /sunao HTTP/1.1
   23   0.381  0.016565  0.004744  0.008  0.017  0.020  0.028  0.028  0.028    23     0    0    0  GET /akiyuki HTTP/1.1
   23   0.370  0.016087  0.003717  0.009  0.016  0.023  0.023  0.023  0.023    23     0    0    0  GET /daishin HTTP/1.1
   23   0.390  0.016957  0.006987  0.010  0.015  0.026  0.028  0.041  0.041    23     0    0    0  GET /satonari HTTP/1.1
   23   0.366  0.015913  0.003966  0.010  0.016  0.022  0.022  0.024  0.024    23     0    0    0  GET /shiko HTTP/1.1

Top 20 Sort By Total
Count   Total      Mean    Stddev    Min  P50.0  P90.0  P95.0  P99.0    Max   2xx   3xx  4xx  5xx  Request
 5151  77.236  0.014994  0.009792  0.003  0.015  0.027  0.030  0.041  0.219  5151     0    0    0  GET / HTTP/1.1
 2580  54.248  0.021026  0.005773  0.009  0.020  0.028  0.032  0.041  0.058  2580     0    0    0  GET /?append=1&until=*
 1031  12.104  0.011740  0.003913  0.006  0.011  0.017  0.019  0.025  0.038  1031     0    0    0  GET /search?q=*
 1031  12.037  0.011675  0.003978  0.006  0.010  0.017  0.020  0.026  0.035  1031     0    0    0  GET /hashtag/*
  514   6.457  0.012562  0.004342  0.006  0.011  0.019  0.021  0.025  0.035     0   514    0    0  POST /follow HTTP/1.1
  515   6.406  0.012439  0.004393  0.006  0.011  0.019  0.021  0.026  0.029     0   515    0    0  POST /unfollow HTTP/1.1
 1548   5.410  0.003495  0.002524  0.001  0.003  0.007  0.009  0.014  0.017     0  1548    0    0  POST /login HTTP/1.1
  514   3.873  0.007535  0.003547  0.003  0.006  0.012  0.015  0.019  0.029     0   514    0    0  POST / HTTP/1.1
  513   1.216  0.002370  0.001515  0.001  0.002  0.004  0.005  0.009  0.011     0   513    0    0  POST /logout HTTP/1.1
   28   0.542  0.019357  0.006867  0.008  0.018  0.031  0.033  0.034  0.034    28     0    0    0  GET /motoaki HTTP/1.1
   28   0.472  0.016857  0.005823  0.008  0.015  0.026  0.027  0.032  0.032    28     0    0    0  GET /toshiyasu HTTP/1.1
   23   0.470  0.020435  0.007790  0.011  0.017  0.032  0.034  0.038  0.038    23     0    0    0  GET /mototsugu HTTP/1.1
    1   0.462  0.462000  0.000000  0.462  0.462  0.462  0.462  0.462  0.462     1     0    0    0  GET /initialize HTTP/1.1
   28   0.457  0.016321  0.004885  0.010  0.015  0.024  0.027  0.028  0.028    28     0    0    0  GET /sunao HTTP/1.1
   28   0.435  0.015536  0.004404  0.008  0.016  0.019  0.026  0.028  0.028    28     0    0    0  GET /kento HTTP/1.1
   23   0.418  0.018174  0.006651  0.008  0.017  0.026  0.028  0.039  0.039    23     0    0    0  GET /hiroyasu HTTP/1.1
   23   0.415  0.018043  0.007555  0.009  0.016  0.029  0.031  0.042  0.042    23     0    0    0  GET /sadaharu HTTP/1.1
   23   0.392  0.017043  0.006259  0.009  0.016  0.022  0.027  0.039  0.039    23     0    0    0  GET /shozo HTTP/1.1
   23   0.390  0.016957  0.006987  0.010  0.015  0.026  0.028  0.041  0.041    23     0    0    0  GET /satonari HTTP/1.1
   23   0.385  0.016739  0.004570  0.010  0.016  0.023  0.025  0.026  0.026    23     0    0    0  GET /hideo HTTP/1.1

Top 20 Sort By Mean
Count   Total      Mean    Stddev    Min  P50.0  P90.0  P95.0  P99.0    Max   2xx  3xx  4xx  5xx  Request
    1   0.462  0.462000  0.000000  0.462  0.462  0.462  0.462  0.462  0.462     1    0    0    0  GET /initialize HTTP/1.1
    3   0.074  0.024667  0.013123  0.013  0.018  0.043  0.043  0.043  0.043     3    0    0    0  GET /mantaro HTTP/1.1
    8   0.185  0.023125  0.009740  0.012  0.021  0.039  0.039  0.039  0.039     8    0    0    0  GET /yohei HTTP/1.1
 2580  54.248  0.021026  0.005773  0.009  0.020  0.028  0.032  0.041  0.058  2580    0    0    0  GET /?append=1&until=*
    8   0.168  0.021000  0.008646  0.012  0.020  0.036  0.036  0.036  0.036     8    0    0    0  GET /kazuyoshi HTTP/1.1
    8   0.168  0.021000  0.010770  0.010  0.020  0.045  0.045  0.045  0.045     8    0    0    0  GET /mitsugi HTTP/1.1
    8   0.167  0.020875  0.008838  0.009  0.022  0.038  0.038  0.038  0.038     8    0    0    0  GET /yasutake HTTP/1.1
    8   0.164  0.020500  0.006690  0.009  0.019  0.029  0.029  0.029  0.029     8    0    0    0  GET /michihiro HTTP/1.1
   23   0.470  0.020435  0.007790  0.011  0.017  0.032  0.034  0.038  0.038    23    0    0    0  GET /mototsugu HTTP/1.1
    8   0.163  0.020375  0.005633  0.012  0.023  0.028  0.028  0.028  0.028     8    0    0    0  GET /nobumasa HTTP/1.1
    3   0.061  0.020333  0.011264  0.010  0.015  0.036  0.036  0.036  0.036     3    0    0    0  GET /hirosada HTTP/1.1
    3   0.061  0.020333  0.006549  0.012  0.021  0.028  0.028  0.028  0.028     3    0    0    0  GET /matsushige HTTP/1.1
    8   0.162  0.020250  0.009614  0.008  0.020  0.037  0.037  0.037  0.037     8    0    0    0  GET /toshikatsu HTTP/1.1
    3   0.059  0.019667  0.015797  0.008  0.009  0.042  0.042  0.042  0.042     3    0    0    0  GET /tomohito HTTP/1.1
    3   0.059  0.019667  0.010143  0.012  0.013  0.034  0.034  0.034  0.034     3    0    0    0  GET /kansuke HTTP/1.1
    8   0.157  0.019625  0.007105  0.009  0.020  0.029  0.029  0.029  0.029     8    0    0    0  GET /shiryu HTTP/1.1
   13   0.253  0.019462  0.008233  0.009  0.017  0.034  0.038  0.038  0.038    13    0    0    0  GET /goichi HTTP/1.1
   28   0.542  0.019357  0.006867  0.008  0.018  0.031  0.033  0.034  0.034    28    0    0    0  GET /motoaki HTTP/1.1
    3   0.058  0.019333  0.002867  0.016  0.019  0.023  0.023  0.023  0.023     3    0    0    0  GET /akihiro HTTP/1.1
    3   0.058  0.019333  0.000471  0.019  0.019  0.020  0.020  0.020  0.020     3    0    0    0  GET /jukichi HTTP/1.1

Top 20 Sort By Standard Deviation
Count   Total      Mean    Stddev    Min  P50.0  P90.0  P95.0  P99.0    Max   2xx  3xx  4xx  5xx  Request
    3   0.059  0.019667  0.015797  0.008  0.009  0.042  0.042  0.042  0.042     3    0    0    0  GET /tomohito HTTP/1.1
   13   0.249  0.019154  0.013207  0.008  0.014  0.029  0.060  0.060  0.060    13    0    0    0  GET /kunihiko HTTP/1.1
    3   0.074  0.024667  0.013123  0.013  0.018  0.043  0.043  0.043  0.043     3    0    0    0  GET /mantaro HTTP/1.1
    3   0.055  0.018333  0.012499  0.009  0.010  0.036  0.036  0.036  0.036     3    0    0    0  GET /hiro HTTP/1.1
    3   0.053  0.017667  0.012284  0.008  0.010  0.035  0.035  0.035  0.035     3    0    0    0  GET /yoichiro HTTP/1.1
    3   0.051  0.017000  0.011314  0.009  0.009  0.033  0.033  0.033  0.033     3    0    0    0  GET /shunzo HTTP/1.1
    3   0.061  0.020333  0.011264  0.010  0.015  0.036  0.036  0.036  0.036     3    0    0    0  GET /hirosada HTTP/1.1
    8   0.120  0.015000  0.011158  0.008  0.010  0.043  0.043  0.043  0.043     8    0    0    0  GET /munetaka HTTP/1.1
    3   0.057  0.019000  0.010801  0.009  0.014  0.034  0.034  0.034  0.034     3    0    0    0  GET /nobusuke HTTP/1.1
    8   0.168  0.021000  0.010770  0.010  0.020  0.045  0.045  0.045  0.045     8    0    0    0  GET /mitsugi HTTP/1.1
    3   0.051  0.017000  0.010424  0.006  0.014  0.031  0.031  0.031  0.031     3    0    0    0  GET /gakuto HTTP/1.1
    3   0.059  0.019667  0.010143  0.012  0.013  0.034  0.034  0.034  0.034     3    0    0    0  GET /kansuke HTTP/1.1
 5151  77.236  0.014994  0.009792  0.003  0.015  0.027  0.030  0.041  0.219  5151    0    0    0  GET / HTTP/1.1
    3   0.052  0.017333  0.009741  0.009  0.012  0.031  0.031  0.031  0.031     3    0    0    0  GET /kiyoaki HTTP/1.1
    8   0.185  0.023125  0.009740  0.012  0.021  0.039  0.039  0.039  0.039     8    0    0    0  GET /yohei HTTP/1.1
    8   0.162  0.020250  0.009614  0.008  0.020  0.037  0.037  0.037  0.037     8    0    0    0  GET /toshikatsu HTTP/1.1
    3   0.044  0.014667  0.009568  0.006  0.010  0.028  0.028  0.028  0.028     3    0    0    0  GET /nagaharu HTTP/1.1
   13   0.236  0.018154  0.009558  0.007  0.017  0.024  0.047  0.047  0.047    13    0    0    0  GET /morio HTTP/1.1
    8   0.126  0.015750  0.009189  0.009  0.013  0.039  0.039  0.039  0.039     8    0    0    0  GET /hisao HTTP/1.1
    3   0.040  0.013333  0.008994  0.006  0.008  0.026  0.026  0.026  0.026     3    0    0    0  GET /norifumi HTTP/1.1

Top 20 Sort By Maximum(100 Percentile)
Count   Total      Mean    Stddev    Min  P50.0  P90.0  P95.0  P99.0    Max   2xx  3xx  4xx  5xx  Request
    1   0.462  0.462000  0.000000  0.462  0.462  0.462  0.462  0.462  0.462     1    0    0    0  GET /initialize HTTP/1.1
 5151  77.236  0.014994  0.009792  0.003  0.015  0.027  0.030  0.041  0.219  5151    0    0    0  GET / HTTP/1.1
   13   0.249  0.019154  0.013207  0.008  0.014  0.029  0.060  0.060  0.060    13    0    0    0  GET /kunihiko HTTP/1.1
 2580  54.248  0.021026  0.005773  0.009  0.020  0.028  0.032  0.041  0.058  2580    0    0    0  GET /?append=1&until=*
   18   0.344  0.019111  0.008151  0.010  0.018  0.026  0.047  0.047  0.047    18    0    0    0  GET /nobuhisa HTTP/1.1
   13   0.236  0.018154  0.009558  0.007  0.017  0.024  0.047  0.047  0.047    13    0    0    0  GET /morio HTTP/1.1
    8   0.168  0.021000  0.010770  0.010  0.020  0.045  0.045  0.045  0.045     8    0    0    0  GET /mitsugi HTTP/1.1
   13   0.229  0.017615  0.008687  0.009  0.016  0.023  0.044  0.044  0.044    13    0    0    0  GET /nagamasa HTTP/1.1
    8   0.120  0.015000  0.011158  0.008  0.010  0.043  0.043  0.043  0.043     8    0    0    0  GET /munetaka HTTP/1.1
    3   0.074  0.024667  0.013123  0.013  0.018  0.043  0.043  0.043  0.043     3    0    0    0  GET /mantaro HTTP/1.1
   18   0.301  0.016722  0.007263  0.009  0.016  0.022  0.042  0.042  0.042    18    0    0    0  GET /katsuteru HTTP/1.1
    3   0.059  0.019667  0.015797  0.008  0.009  0.042  0.042  0.042  0.042     3    0    0    0  GET /tomohito HTTP/1.1
   23   0.415  0.018043  0.007555  0.009  0.016  0.029  0.031  0.042  0.042    23    0    0    0  GET /sadaharu HTTP/1.1
   23   0.390  0.016957  0.006987  0.010  0.015  0.026  0.028  0.041  0.041    23    0    0    0  GET /satonari HTTP/1.1
   13   0.219  0.016846  0.007420  0.009  0.016  0.022  0.040  0.040  0.040    13    0    0    0  GET /gentaro HTTP/1.1
    8   0.185  0.023125  0.009740  0.012  0.021  0.039  0.039  0.039  0.039     8    0    0    0  GET /yohei HTTP/1.1
   18   0.290  0.016111  0.006773  0.010  0.015  0.023  0.039  0.039  0.039    18    0    0    0  GET /wataru HTTP/1.1
   23   0.392  0.017043  0.006259  0.009  0.016  0.022  0.027  0.039  0.039    23    0    0    0  GET /shozo HTTP/1.1
   23   0.418  0.018174  0.006651  0.008  0.017  0.026  0.028  0.039  0.039    23    0    0    0  GET /hiroyasu HTTP/1.1
    8   0.126  0.015750  0.009189  0.009  0.013  0.039  0.039  0.039  0.039     8    0    0    0  GET /hisao HTTP/1.1

TOP 37 Slow Requests
 1  0.462  GET /initialize HTTP/1.1
 2  0.219  GET / HTTP/1.1
 3  0.060  GET /kunihiko HTTP/1.1
 4  0.058  GET /?append=1&until=*
 5  0.057  GET / HTTP/1.1
 6  0.057  GET /?append=1&until=*
 7  0.056  GET / HTTP/1.1
 8  0.056  GET / HTTP/1.1
 9  0.055  GET / HTTP/1.1
10  0.052  GET / HTTP/1.1
11  0.051  GET / HTTP/1.1
12  0.051  GET / HTTP/1.1
13  0.051  GET / HTTP/1.1
14  0.051  GET / HTTP/1.1
15  0.050  GET / HTTP/1.1
16  0.050  GET /?append=1&until=*
17  0.050  GET /?append=1&until=*
18  0.049  GET / HTTP/1.1
19  0.049  GET / HTTP/1.1
20  0.049  GET / HTTP/1.1
21  0.048  GET /?append=1&until=*
22  0.048  GET / HTTP/1.1
23  0.048  GET /?append=1&until=*
24  0.048  GET /?append=1&until=*
25  0.048  GET / HTTP/1.1
26  0.047  GET /nobuhisa HTTP/1.1
27  0.047  GET /?append=1&until=*
28  0.047  GET / HTTP/1.1
29  0.047  GET /morio HTTP/1.1
30  0.047  GET / HTTP/1.1
31  0.047  GET /?append=1&until=*
32  0.047  GET / HTTP/1.1
33  0.046  GET / HTTP/1.1
34  0.046  GET /?append=1&until=*
35  0.046  GET / HTTP/1.1
36  0.046  GET / HTTP/1.1
37  0.046  GET / HTTP/1.1
