Top 20 Sort By Count
Count   Total      Mean    Stddev    Min  P50.0  P90.0  P95.0  P99.0    Max    2xx   3xx  4xx  5xx  Request
12769   0.000  0.000000  0.000000  0.000  0.000  0.000  0.000  0.000  0.000  12769     0    0    0  GET /favicon.ico HTTP/1.1
12764   0.000  0.000000  0.000000  0.000  0.000  0.000  0.000  0.000  0.000  12764     0    0    0  GET /css/*
12764   0.000  0.000000  0.000000  0.000  0.000  0.000  0.000  0.000  0.000  12764     0    0    0  GET /js/*
 6726  68.226  0.010144  0.008821  0.001  0.007  0.023  0.026  0.035  0.054   6726     0    0    0  GET / HTTP/1.1
 3365  57.620  0.017123  0.005791  0.007  0.016  0.025  0.028  0.035  0.058   3365     0    0    0  GET /?append=1&until=*
 2025   5.810  0.002869  0.002837  0.001  0.002  0.007  0.010  0.013  0.021      0  2025    0    0  POST /login HTTP/1.1
 1345   9.824  0.007304  0.004074  0.002  0.006  0.013  0.015  0.019  0.057   1345     0    0    0  GET /search?q=*
 1345  10.115  0.007520  0.003752  0.002  0.006  0.013  0.015  0.020  0.032   1345     0    0    0  GET /hashtag/*
  671   4.632  0.006903  0.003894  0.003  0.005  0.013  0.015  0.019  0.024      0   671    0    0  POST /unfollow HTTP/1.1
  670   1.272  0.001899  0.002038  0.000  0.001  0.003  0.007  0.011  0.013      0   670    0    0  POST /logout HTTP/1.1
  670   2.276  0.003397  0.002999  0.001  0.002  0.008  0.010  0.014  0.024      0   670    0    0  POST / HTTP/1.1
  670   4.698  0.007012  0.003988  0.003  0.005  0.013  0.015  0.020  0.025      0   670    0    0  POST /follow HTTP/1.1
   28   0.261  0.009321  0.005071  0.004  0.007  0.017  0.022  0.027  0.027     28     0    0    0  GET /genjiro HTTP/1.1
   28   0.303  0.010821  0.004536  0.005  0.011  0.017  0.018  0.023  0.023     28     0    0    0  GET /senkichi HTTP/1.1
   23   0.229  0.009957  0.004554  0.003  0.009  0.017  0.018  0.018  0.018     23     0    0    0  GET /masakuni HTTP/1.1
   23   0.220  0.009565  0.003597  0.005  0.008  0.015  0.015  0.016  0.016     23     0    0    0  GET /tomoaki HTTP/1.1
   23   0.260  0.011304  0.005952  0.003  0.009  0.017  0.018  0.030  0.030     23     0    0    0  GET /masazumi HTTP/1.1
   23   0.228  0.009913  0.004252  0.005  0.009  0.014  0.020  0.020  0.020     23     0    0    0  GET /shizuo HTTP/1.1
   23   0.231  0.010043  0.004912  0.004  0.008  0.016  0.018  0.025  0.025     23     0    0    0  GET /ichiei HTTP/1.1
   23   0.230  0.010000  0.004054  0.003  0.009  0.016  0.017  0.018  0.018     23     0    0    0  GET /tadaoki HTTP/1.1

Top 20 Sort By Total
Count   Total      Mean    Stddev    Min  P50.0  P90.0  P95.0  P99.0    Max   2xx   3xx  4xx  5xx  Request
 6726  68.226  0.010144  0.008821  0.001  0.007  0.023  0.026  0.035  0.054  6726     0    0    0  GET / HTTP/1.1
 3365  57.620  0.017123  0.005791  0.007  0.016  0.025  0.028  0.035  0.058  3365     0    0    0  GET /?append=1&until=*
 1345  10.115  0.007520  0.003752  0.002  0.006  0.013  0.015  0.020  0.032  1345     0    0    0  GET /hashtag/*
 1345   9.824  0.007304  0.004074  0.002  0.006  0.013  0.015  0.019  0.057  1345     0    0    0  GET /search?q=*
 2025   5.810  0.002869  0.002837  0.001  0.002  0.007  0.010  0.013  0.021     0  2025    0    0  POST /login HTTP/1.1
  670   4.698  0.007012  0.003988  0.003  0.005  0.013  0.015  0.020  0.025     0   670    0    0  POST /follow HTTP/1.1
  671   4.632  0.006903  0.003894  0.003  0.005  0.013  0.015  0.019  0.024     0   671    0    0  POST /unfollow HTTP/1.1
  670   2.276  0.003397  0.002999  0.001  0.002  0.008  0.010  0.014  0.024     0   670    0    0  POST / HTTP/1.1
  670   1.272  0.001899  0.002038  0.000  0.001  0.003  0.007  0.011  0.013     0   670    0    0  POST /logout HTTP/1.1
    1   0.492  0.492000  0.000000  0.492  0.492  0.492  0.492  0.492  0.492     1     0    0    0  GET /initialize HTTP/1.1
   28   0.303  0.010821  0.004536  0.005  0.011  0.017  0.018  0.023  0.023    28     0    0    0  GET /senkichi HTTP/1.1
   23   0.283  0.012304  0.006003  0.004  0.012  0.022  0.024  0.025  0.025    23     0    0    0  GET /hayato HTTP/1.1
   28   0.261  0.009321  0.005071  0.004  0.007  0.017  0.022  0.027  0.027    28     0    0    0  GET /genjiro HTTP/1.1
   23   0.260  0.011304  0.006003  0.004  0.012  0.016  0.024  0.029  0.029    23     0    0    0  GET /nobuteru HTTP/1.1
   23   0.260  0.011304  0.005952  0.003  0.009  0.017  0.018  0.030  0.030    23     0    0    0  GET /masazumi HTTP/1.1
   18   0.251  0.013944  0.010809  0.003  0.011  0.030  0.041  0.041  0.041    18     0    0    0  GET /toshihiro HTTP/1.1
   23   0.243  0.010565  0.004680  0.003  0.009  0.018  0.019  0.020  0.020    23     0    0    0  GET /kiyoji HTTP/1.1
   23   0.240  0.010435  0.003705  0.004  0.009  0.017  0.017  0.019  0.019    23     0    0    0  GET /mitsuteru HTTP/1.1
   23   0.231  0.010043  0.004912  0.004  0.008  0.016  0.018  0.025  0.025    23     0    0    0  GET /ichiei HTTP/1.1
   23   0.230  0.010000  0.004054  0.003  0.009  0.016  0.017  0.018  0.018    23     0    0    0  GET /tadaoki HTTP/1.1

Top 20 Sort By Mean
Count   Total      Mean    Stddev    Min  P50.0  P90.0  P95.0  P99.0    Max   2xx  3xx  4xx  5xx  Request
    1   0.492  0.492000  0.000000  0.492  0.492  0.492  0.492  0.492  0.492     1    0    0    0  GET /initialize HTTP/1.1
    3   0.063  0.021000  0.016673  0.005  0.014  0.044  0.044  0.044  0.044     3    0    0    0  GET /shinsuke HTTP/1.1
    8   0.159  0.019875  0.012742  0.006  0.023  0.040  0.040  0.040  0.040     8    0    0    0  GET /mitsumori HTTP/1.1
    3   0.057  0.019000  0.007789  0.009  0.020  0.028  0.028  0.028  0.028     3    0    0    0  GET /tadafumi HTTP/1.1
    3   0.056  0.018667  0.015628  0.003  0.013  0.040  0.040  0.040  0.040     3    0    0    0  GET /tomoyasu HTTP/1.1
    3   0.054  0.018000  0.015578  0.006  0.008  0.040  0.040  0.040  0.040     3    0    0    0  GET /terunobu HTTP/1.1
 3365  57.620  0.017123  0.005791  0.007  0.016  0.025  0.028  0.035  0.058  3365    0    0    0  GET /?append=1&until=*
    3   0.049  0.016333  0.005437  0.009  0.018  0.022  0.022  0.022  0.022     3    0    0    0  GET /shojiro HTTP/1.1
    3   0.048  0.016000  0.010198  0.006  0.012  0.030  0.030  0.030  0.030     3    0    0    0  GET /iemasa HTTP/1.1
    5   0.079  0.015800  0.018691  0.005  0.006  0.053  0.053  0.053  0.053     5    0    0    0  GET /masaie HTTP/1.1
   13   0.204  0.015692  0.005783  0.006  0.015  0.021  0.030  0.030  0.030    13    0    0    0  GET /nobuaki HTTP/1.1
    8   0.118  0.014750  0.004323  0.005  0.017  0.019  0.019  0.019  0.019     8    0    0    0  GET /tsuneharu HTTP/1.1
    3   0.043  0.014333  0.003300  0.010  0.015  0.018  0.018  0.018  0.018     3    0    0    0  GET /mahiro HTTP/1.1
    3   0.043  0.014333  0.012552  0.004  0.007  0.032  0.032  0.032  0.032     3    0    0    0  GET /tokujiro HTTP/1.1
    3   0.042  0.014000  0.009092  0.004  0.012  0.026  0.026  0.026  0.026     3    0    0    0  GET /fumio HTTP/1.1
   18   0.251  0.013944  0.010809  0.003  0.011  0.030  0.041  0.041  0.041    18    0    0    0  GET /toshihiro HTTP/1.1
    8   0.110  0.013750  0.006016  0.003  0.017  0.020  0.020  0.020  0.020     8    0    0    0  GET /tetsu HTTP/1.1
    3   0.041  0.013667  0.008219  0.003  0.015  0.023  0.023  0.023  0.023     3    0    0    0  GET /kagenori HTTP/1.1
    8   0.109  0.013625  0.008092  0.004  0.015  0.027  0.027  0.027  0.027     8    0    0    0  GET /yoritaka HTTP/1.1
    8   0.109  0.013625  0.007123  0.004  0.016  0.023  0.023  0.023  0.023     8    0    0    0  GET /kazushi HTTP/1.1

Top 20 Sort By Standard Deviation
Count   Total      Mean    Stddev    Min  P50.0  P90.0  P95.0  P99.0    Max   2xx  3xx  4xx  5xx  Request
    5   0.079  0.015800  0.018691  0.005  0.006  0.053  0.053  0.053  0.053     5    0    0    0  GET /masaie HTTP/1.1
    3   0.063  0.021000  0.016673  0.005  0.014  0.044  0.044  0.044  0.044     3    0    0    0  GET /shinsuke HTTP/1.1
    3   0.056  0.018667  0.015628  0.003  0.013  0.040  0.040  0.040  0.040     3    0    0    0  GET /tomoyasu HTTP/1.1
    3   0.054  0.018000  0.015578  0.006  0.008  0.040  0.040  0.040  0.040     3    0    0    0  GET /terunobu HTTP/1.1
    8   0.159  0.019875  0.012742  0.006  0.023  0.040  0.040  0.040  0.040     8    0    0    0  GET /mitsumori HTTP/1.1
    3   0.043  0.014333  0.012552  0.004  0.007  0.032  0.032  0.032  0.032     3    0    0    0  GET /tokujiro HTTP/1.1
   18   0.251  0.013944  0.010809  0.003  0.011  0.030  0.041  0.041  0.041    18    0    0    0  GET /toshihiro HTTP/1.1
    3   0.034  0.011333  0.010371  0.004  0.004  0.026  0.026  0.026  0.026     3    0    0    0  GET /sunao HTTP/1.1
    3   0.048  0.016000  0.010198  0.006  0.012  0.030  0.030  0.030  0.030     3    0    0    0  GET /iemasa HTTP/1.1
    3   0.040  0.013333  0.009672  0.006  0.007  0.027  0.027  0.027  0.027     3    0    0    0  GET /heisuke HTTP/1.1
    3   0.029  0.009667  0.009428  0.003  0.003  0.023  0.023  0.023  0.023     3    0    0    0  GET /mikuni HTTP/1.1
    3   0.042  0.014000  0.009092  0.004  0.012  0.026  0.026  0.026  0.026     3    0    0    0  GET /fumio HTTP/1.1
 6726  68.226  0.010144  0.008821  0.001  0.007  0.023  0.026  0.035  0.054  6726    0    0    0  GET / HTTP/1.1
   13   0.153  0.011769  0.008505  0.002  0.009  0.019  0.036  0.036  0.036    13    0    0    0  GET /giichi HTTP/1.1
   13   0.147  0.011308  0.008498  0.005  0.007  0.030  0.030  0.030  0.030    13    0    0    0  GET /michiaki HTTP/1.1
    3   0.041  0.013667  0.008219  0.003  0.015  0.023  0.023  0.023  0.023     3    0    0    0  GET /kagenori HTTP/1.1
    8   0.109  0.013625  0.008092  0.004  0.015  0.027  0.027  0.027  0.027     8    0    0    0  GET /yoritaka HTTP/1.1
    3   0.029  0.009667  0.008055  0.003  0.005  0.021  0.021  0.021  0.021     3    0    0    0  GET /sadazane HTTP/1.1
   13   0.134  0.010308  0.008004  0.003  0.008  0.021  0.034  0.034  0.034    13    0    0    0  GET /hiromasa HTTP/1.1
   13   0.147  0.011308  0.007819  0.003  0.009  0.018  0.034  0.034  0.034    13    0    0    0  GET /hirotomo HTTP/1.1

Top 20 Sort By Maximum(100 Percentile)
Count   Total      Mean    Stddev    Min  P50.0  P90.0  P95.0  P99.0    Max   2xx  3xx  4xx  5xx  Request
    1   0.492  0.492000  0.000000  0.492  0.492  0.492  0.492  0.492  0.492     1    0    0    0  GET /initialize HTTP/1.1
 3365  57.620  0.017123  0.005791  0.007  0.016  0.025  0.028  0.035  0.058  3365    0    0    0  GET /?append=1&until=*
 1345   9.824  0.007304  0.004074  0.002  0.006  0.013  0.015  0.019  0.057  1345    0    0    0  GET /search?q=*
 6726  68.226  0.010144  0.008821  0.001  0.007  0.023  0.026  0.035  0.054  6726    0    0    0  GET / HTTP/1.1
    5   0.079  0.015800  0.018691  0.005  0.006  0.053  0.053  0.053  0.053     5    0    0    0  GET /masaie HTTP/1.1
    3   0.063  0.021000  0.016673  0.005  0.014  0.044  0.044  0.044  0.044     3    0    0    0  GET /shinsuke HTTP/1.1
   18   0.251  0.013944  0.010809  0.003  0.011  0.030  0.041  0.041  0.041    18    0    0    0  GET /toshihiro HTTP/1.1
    3   0.054  0.018000  0.015578  0.006  0.008  0.040  0.040  0.040  0.040     3    0    0    0  GET /terunobu HTTP/1.1
    3   0.056  0.018667  0.015628  0.003  0.013  0.040  0.040  0.040  0.040     3    0    0    0  GET /tomoyasu HTTP/1.1
    8   0.159  0.019875  0.012742  0.006  0.023  0.040  0.040  0.040  0.040     8    0    0    0  GET /mitsumori HTTP/1.1
   13   0.153  0.011769  0.008505  0.002  0.009  0.019  0.036  0.036  0.036    13    0    0    0  GET /giichi HTTP/1.1
   13   0.147  0.011308  0.007819  0.003  0.009  0.018  0.034  0.034  0.034    13    0    0    0  GET /hirotomo HTTP/1.1
   13   0.156  0.012000  0.007243  0.006  0.009  0.017  0.034  0.034  0.034    13    0    0    0  GET /kotaro HTTP/1.1
   13   0.134  0.010308  0.008004  0.003  0.008  0.021  0.034  0.034  0.034    13    0    0    0  GET /hiromasa HTTP/1.1
   18   0.210  0.011667  0.007616  0.003  0.008  0.021  0.033  0.033  0.033    18    0    0    0  GET /shigekazu HTTP/1.1
   13   0.130  0.010000  0.007264  0.003  0.008  0.014  0.033  0.033  0.033    13    0    0    0  GET /tadateru HTTP/1.1
   18   0.173  0.009611  0.006482  0.004  0.008  0.015  0.033  0.033  0.033    18    0    0    0  GET /akio HTTP/1.1
    3   0.043  0.014333  0.012552  0.004  0.007  0.032  0.032  0.032  0.032     3    0    0    0  GET /tokujiro HTTP/1.1
 1345  10.115  0.007520  0.003752  0.002  0.006  0.013  0.015  0.020  0.032  1345    0    0    0  GET /hashtag/*
   23   0.260  0.011304  0.005952  0.003  0.009  0.017  0.018  0.030  0.030    23    0    0    0  GET /masazumi HTTP/1.1

TOP 37 Slow Requests
 1  0.492  GET /initialize HTTP/1.1
 2  0.058  GET /?append=1&until=*
 3  0.057  GET /search?q=*
 4  0.054  GET / HTTP/1.1
 5  0.053  GET /masaie HTTP/1.1
 6  0.051  GET / HTTP/1.1
 7  0.047  GET /search?q=*
 8  0.046  GET /?append=1&until=*
 9  0.046  GET / HTTP/1.1
10  0.046  GET / HTTP/1.1
11  0.046  GET / HTTP/1.1
12  0.046  GET /search?q=*
13  0.046  GET /?append=1&until=*
14  0.045  GET / HTTP/1.1
15  0.045  GET /?append=1&until=*
16  0.044  GET /?append=1&until=*
17  0.044  GET /shinsuke HTTP/1.1
18  0.044  GET / HTTP/1.1
19  0.043  GET /?append=1&until=*
20  0.043  GET /?append=1&until=*
21  0.043  GET / HTTP/1.1
22  0.043  GET / HTTP/1.1
23  0.042  GET / HTTP/1.1
24  0.042  GET / HTTP/1.1
25  0.042  GET / HTTP/1.1
26  0.042  GET / HTTP/1.1
27  0.042  GET /?append=1&until=*
28  0.042  GET / HTTP/1.1
29  0.042  GET / HTTP/1.1
30  0.042  GET / HTTP/1.1
31  0.041  GET / HTTP/1.1
32  0.041  GET / HTTP/1.1
33  0.041  GET /?append=1&until=*
34  0.041  GET / HTTP/1.1
35  0.041  GET / HTTP/1.1
36  0.041  GET /?append=1&until=*
37  0.041  GET /toshihiro HTTP/1.1
