Top 20 Sort By Count
Count   Total      Mean    Stddev    Min  P50.0  P90.0  P95.0  P99.0    Max  2xx  3xx  4xx  5xx  Request
  315  59.817  0.189895  0.281739  0.000  0.031  0.646  0.874  1.097  1.272  315    0    0    0  GET /js/script.js HTTP/1.1
  315  23.896  0.075860  0.162356  0.001  0.005  0.226  0.341  0.876  0.980  315    0    0    0  GET /favicon.ico HTTP/1.1
  314  19.359  0.061653  0.188784  0.000  0.004  0.213  0.358  0.942  1.258  314    0    0    0  GET /css/style.css HTTP/1.1
  174  45.093  0.259155  0.321970  0.003  0.032  0.857  0.866  1.086  1.250  174    0    0    0  GET / HTTP/1.1
   59   1.350  0.022881  0.099262  0.001  0.004  0.007  0.010  0.652  0.652    0   59    0    0  POST /login HTTP/1.1
   28   1.909  0.068179  0.045843  0.028  0.058  0.110  0.115  0.246  0.246   28    0    0    0  GET /hidenori HTTP/1.1
   23   2.010  0.087391  0.075151  0.028  0.083  0.113  0.113  0.413  0.413   23    0    0    0  GET /nariakira HTTP/1.1
   15   0.402  0.026800  0.052758  0.002  0.008  0.037  0.219  0.219  0.219    0   15    0    0  POST / HTTP/1.1
   15   0.360  0.024000  0.075376  0.001  0.004  0.006  0.306  0.306  0.306    0   15    0    0  POST /logout HTTP/1.1
   15   0.205  0.013667  0.008600  0.006  0.012  0.022  0.042  0.042  0.042    0   15    0    0  POST /follow HTTP/1.1
   15   0.256  0.017067  0.015780  0.006  0.012  0.042  0.067  0.067  0.067    0   15    0    0  POST /unfollow HTTP/1.1
   15   1.040  0.069333  0.032722  0.031  0.058  0.114  0.119  0.119  0.119   15    0    0    0  GET /toshihiro HTTP/1.1
    8   0.881  0.110125  0.130476  0.029  0.036  0.367  0.367  0.367  0.367    8    0    0    0  GET /yashiro HTTP/1.1
    7   6.152  0.878857  0.472045  0.332  0.940  1.599  1.599  1.599  1.599    7    0    0    0  GET /search?q=%E3%82%B9%E3%83%9D%E3%83%BC%E3%83%84 HTTP/1.1
    7   8.583  1.226143  0.242832  0.840  1.251  1.527  1.527  1.527  1.527    7    0    0    0  GET /hashtag/travel HTTP/1.1
    5   4.092  0.818400  0.352863  0.355  0.660  1.263  1.263  1.263  1.263    5    0    0    0  GET /search?q=%E5%8B%9F%E9%9B%86 HTTP/1.1
    5   0.430  0.086000  0.003286  0.083  0.084  0.090  0.090  0.090  0.090    5    0    0    0  GET /shuhei HTTP/1.1
    5   0.557  0.111400  0.001960  0.110  0.110  0.115  0.115  0.115  0.115    5    0    0    0  GET /hakaru HTTP/1.1
    5   4.856  0.971200  0.406632  0.382  0.919  1.526  1.526  1.526  1.526    5    0    0    0  GET /hashtag/%E3%82%B9%E3%83%9D%E3%83%BC%E3%83%84 HTTP/1.1
    4   3.741  0.935250  0.415858  0.284  1.130  1.414  1.414  1.414  1.414    4    0    0    0  GET /hashtag/%E3%81%8A%E3%81%99%E3%81%99%E3%82%81 HTTP/1.1

Top 20 Sort By Total
Count   Total      Mean    Stddev    Min  P50.0  P90.0  P95.0  P99.0    Max  2xx  3xx  4xx  5xx  Request
  315  59.817  0.189895  0.281739  0.000  0.031  0.646  0.874  1.097  1.272  315    0    0    0  GET /js/script.js HTTP/1.1
  174  45.093  0.259155  0.321970  0.003  0.032  0.857  0.866  1.086  1.250  174    0    0    0  GET / HTTP/1.1
  315  23.896  0.075860  0.162356  0.001  0.005  0.226  0.341  0.876  0.980  315    0    0    0  GET /favicon.ico HTTP/1.1
  314  19.359  0.061653  0.188784  0.000  0.004  0.213  0.358  0.942  1.258  314    0    0    0  GET /css/style.css HTTP/1.1
    7   8.583  1.226143  0.242832  0.840  1.251  1.527  1.527  1.527  1.527    7    0    0    0  GET /hashtag/travel HTTP/1.1
    7   6.152  0.878857  0.472045  0.332  0.940  1.599  1.599  1.599  1.599    7    0    0    0  GET /search?q=%E3%82%B9%E3%83%9D%E3%83%BC%E3%83%84 HTTP/1.1
    5   4.856  0.971200  0.406632  0.382  0.919  1.526  1.526  1.526  1.526    5    0    0    0  GET /hashtag/%E3%82%B9%E3%83%9D%E3%83%BC%E3%83%84 HTTP/1.1
    5   4.092  0.818400  0.352863  0.355  0.660  1.263  1.263  1.263  1.263    5    0    0    0  GET /search?q=%E5%8B%9F%E9%9B%86 HTTP/1.1
    4   4.063  1.015750  0.466064  0.306  1.255  1.565  1.565  1.565  1.565    4    0    0    0  GET /search?q=%E6%B5%B7%E5%A4%96 HTTP/1.1
    4   3.741  0.935250  0.415858  0.284  1.130  1.414  1.414  1.414  1.414    4    0    0    0  GET /hashtag/%E3%81%8A%E3%81%99%E3%81%99%E3%82%81 HTTP/1.1
    3   3.157  1.052333  0.289516  0.643  1.249  1.265  1.265  1.265  1.265    3    0    0    0  GET /hashtag/%E5%8B%9F%E9%9B%86 HTTP/1.1
    3   3.115  1.038333  0.521833  0.320  1.251  1.544  1.544  1.544  1.544    3    0    0    0  GET /hashtag/foods HTTP/1.1
    3   2.886  0.962000  0.267533  0.623  0.986  1.277  1.277  1.277  1.277    3    0    0    0  GET /hashtag/%E3%83%80%E3%82%A4%E3%82%A8%E3%83%83%E3%83%88 HTTP/1.1
    3   2.772  0.924000  0.487472  0.342  0.895  1.535  1.535  1.535  1.535    3    0    0    0  GET /search?q=travel HTTP/1.1
    2   2.720  1.360000  0.149000  1.211  1.509  1.509  1.509  1.509  1.509    2    0    0    0  GET /hashtag/%E7%BE%8E%E5%91%B3%E3%81%97%E3%81%84 HTTP/1.1
    4   2.619  0.654750  0.398497  0.312  0.700  1.289  1.289  1.289  1.289    4    0    0    0  GET /search?q=foods HTTP/1.1
    3   2.573  0.857667  0.390529  0.341  0.947  1.285  1.285  1.285  1.285    3    0    0    0  GET /hashtag/sports HTTP/1.1
    3   2.238  0.746000  0.287682  0.345  0.887  1.006  1.006  1.006  1.006    3    0    0    0  GET /search?q=%E7%BE%8E%E5%91%B3%E3%81%97%E3%81%84 HTTP/1.1
   23   2.010  0.087391  0.075151  0.028  0.083  0.113  0.113  0.413  0.413   23    0    0    0  GET /nariakira HTTP/1.1
    2   2.005  1.002500  0.254500  0.748  1.257  1.257  1.257  1.257  1.257    2    0    0    0  GET /search?q=sports HTTP/1.1

Top 20 Sort By Mean
Count  Total      Mean    Stddev    Min  P50.0  P90.0  P95.0  P99.0    Max  2xx  3xx  4xx  5xx  Request
    2  2.720  1.360000  0.149000  1.211  1.509  1.509  1.509  1.509  1.509    2    0    0    0  GET /hashtag/%E7%BE%8E%E5%91%B3%E3%81%97%E3%81%84 HTTP/1.1
    1  1.282  1.282000  0.000000  1.282  1.282  1.282  1.282  1.282  1.282    1    0    0    0  GET /hashtag/%E9%A3%9F%E4%BA%8B HTTP/1.1
    7  8.583  1.226143  0.242832  0.840  1.251  1.527  1.527  1.527  1.527    7    0    0    0  GET /hashtag/travel HTTP/1.1
    1  1.114  1.114000  0.000000  1.114  1.114  1.114  1.114  1.114  1.114    1    0    0    0  GET /?append=1&until=2016-12-30+04%3A20%3A04 HTTP/1.1
    1  1.113  1.113000  0.000000  1.113  1.113  1.113  1.113  1.113  1.113    1    0    0    0  GET /?append=1&until=2016-12-25+13%3A32%3A08 HTTP/1.1
    1  1.112  1.112000  0.000000  1.112  1.112  1.112  1.112  1.112  1.112    1    0    0    0  GET /?append=1&until=2016-12-27+14%3A59%3A34 HTTP/1.1
    1  1.111  1.111000  0.000000  1.111  1.111  1.111  1.111  1.111  1.111    1    0    0    0  GET /?append=1&until=2016-12-25+11%3A46%3A08 HTTP/1.1
    1  1.110  1.110000  0.000000  1.110  1.110  1.110  1.110  1.110  1.110    1    0    0    0  GET /?append=1&until=2016-12-26+13%3A56%3A36 HTTP/1.1
    1  1.109  1.109000  0.000000  1.109  1.109  1.109  1.109  1.109  1.109    1    0    0    0  GET /?append=1&until=2016-12-27+04%3A07%3A55 HTTP/1.1
    1  1.109  1.109000  0.000000  1.109  1.109  1.109  1.109  1.109  1.109    1    0    0    0  GET /?append=1&until=2016-12-28+02%3A15%3A18 HTTP/1.1
    1  1.108  1.108000  0.000000  1.108  1.108  1.108  1.108  1.108  1.108    1    0    0    0  GET /?append=1&until=2016-12-26+17%3A03%3A23 HTTP/1.1
    1  1.106  1.106000  0.000000  1.106  1.106  1.106  1.106  1.106  1.106    1    0    0    0  GET /?append=1&until=2016-12-28+00%3A13%3A05 HTTP/1.1
    1  1.106  1.106000  0.000000  1.106  1.106  1.106  1.106  1.106  1.106    1    0    0    0  GET /?append=1&until=2016-12-29+12%3A59%3A21 HTTP/1.1
    1  1.106  1.106000  0.000000  1.106  1.106  1.106  1.106  1.106  1.106    1    0    0    0  GET /?append=1&until=2016-12-27+23%3A17%3A29 HTTP/1.1
    1  1.105  1.105000  0.000000  1.105  1.105  1.105  1.105  1.105  1.105    1    0    0    0  GET /?append=1&until=2016-12-30+07%3A41%3A04 HTTP/1.1
    1  1.105  1.105000  0.000000  1.105  1.105  1.105  1.105  1.105  1.105    1    0    0    0  GET /?append=1&until=2016-12-27+15%3A48%3A52 HTTP/1.1
    1  1.105  1.105000  0.000000  1.105  1.105  1.105  1.105  1.105  1.105    1    0    0    0  GET /?append=1&until=2016-12-27+16%3A09%3A21 HTTP/1.1
    1  1.105  1.105000  0.000000  1.105  1.105  1.105  1.105  1.105  1.105    1    0    0    0  GET /?append=1&until=2016-12-27+22%3A00%3A35 HTTP/1.1
    1  1.105  1.105000  0.000000  1.105  1.105  1.105  1.105  1.105  1.105    1    0    0    0  GET /?append=1&until=2016-12-28+00%3A46%3A35 HTTP/1.1
    1  1.104  1.104000  0.000000  1.104  1.104  1.104  1.104  1.104  1.104    1    0    0    0  GET /?append=1&until=2016-12-28+06%3A19%3A42 HTTP/1.1

Top 20 Sort By Standard Deviation
Count   Total      Mean    Stddev    Min  P50.0  P90.0  P95.0  P99.0    Max  2xx  3xx  4xx  5xx  Request
    2   1.805  0.902500  0.602500  0.300  1.505  1.505  1.505  1.505  1.505    2    0    0    0  GET /hashtag/%E6%97%85%E8%A1%8C HTTP/1.1
    3   1.290  0.430000  0.568519  0.025  0.031  1.234  1.234  1.234  1.234    3    0    0    0  GET /takeichi HTTP/1.1
    3   3.115  1.038333  0.521833  0.320  1.251  1.544  1.544  1.544  1.544    3    0    0    0  GET /hashtag/foods HTTP/1.1
    3   2.772  0.924000  0.487472  0.342  0.895  1.535  1.535  1.535  1.535    3    0    0    0  GET /search?q=travel HTTP/1.1
    7   6.152  0.878857  0.472045  0.332  0.940  1.599  1.599  1.599  1.599    7    0    0    0  GET /search?q=%E3%82%B9%E3%83%9D%E3%83%BC%E3%83%84 HTTP/1.1
    4   4.063  1.015750  0.466064  0.306  1.255  1.565  1.565  1.565  1.565    4    0    0    0  GET /search?q=%E6%B5%B7%E5%A4%96 HTTP/1.1
    4   3.741  0.935250  0.415858  0.284  1.130  1.414  1.414  1.414  1.414    4    0    0    0  GET /hashtag/%E3%81%8A%E3%81%99%E3%81%99%E3%82%81 HTTP/1.1
    5   4.856  0.971200  0.406632  0.382  0.919  1.526  1.526  1.526  1.526    5    0    0    0  GET /hashtag/%E3%82%B9%E3%83%9D%E3%83%BC%E3%83%84 HTTP/1.1
    4   2.619  0.654750  0.398497  0.312  0.700  1.289  1.289  1.289  1.289    4    0    0    0  GET /search?q=foods HTTP/1.1
    3   2.573  0.857667  0.390529  0.341  0.947  1.285  1.285  1.285  1.285    3    0    0    0  GET /hashtag/sports HTTP/1.1
    5   4.092  0.818400  0.352863  0.355  0.660  1.263  1.263  1.263  1.263    5    0    0    0  GET /search?q=%E5%8B%9F%E9%9B%86 HTTP/1.1
  174  45.093  0.259155  0.321970  0.003  0.032  0.857  0.866  1.086  1.250  174    0    0    0  GET / HTTP/1.1
    3   3.157  1.052333  0.289516  0.643  1.249  1.265  1.265  1.265  1.265    3    0    0    0  GET /hashtag/%E5%8B%9F%E9%9B%86 HTTP/1.1
    3   2.238  0.746000  0.287682  0.345  0.887  1.006  1.006  1.006  1.006    3    0    0    0  GET /search?q=%E7%BE%8E%E5%91%B3%E3%81%97%E3%81%84 HTTP/1.1
  315  59.817  0.189895  0.281739  0.000  0.031  0.646  0.874  1.097  1.272  315    0    0    0  GET /js/script.js HTTP/1.1
    3   2.886  0.962000  0.267533  0.623  0.986  1.277  1.277  1.277  1.277    3    0    0    0  GET /hashtag/%E3%83%80%E3%82%A4%E3%82%A8%E3%83%83%E3%83%88 HTTP/1.1
    3   1.895  0.631667  0.264953  0.307  0.632  0.956  0.956  0.956  0.956    3    0    0    0  GET /search?q=%E9%A3%9F%E4%BA%8B HTTP/1.1
    2   2.005  1.002500  0.254500  0.748  1.257  1.257  1.257  1.257  1.257    2    0    0    0  GET /search?q=sports HTTP/1.1
    7   8.583  1.226143  0.242832  0.840  1.251  1.527  1.527  1.527  1.527    7    0    0    0  GET /hashtag/travel HTTP/1.1
    3   0.532  0.177333  0.210483  0.028  0.029  0.475  0.475  0.475  0.475    3    0    0    0  GET /kagenori HTTP/1.1

Top 20 Sort By Maximum(100 Percentile)
Count   Total      Mean    Stddev    Min  P50.0  P90.0  P95.0  P99.0    Max  2xx  3xx  4xx  5xx  Request
    7   6.152  0.878857  0.472045  0.332  0.940  1.599  1.599  1.599  1.599    7    0    0    0  GET /search?q=%E3%82%B9%E3%83%9D%E3%83%BC%E3%83%84 HTTP/1.1
    4   4.063  1.015750  0.466064  0.306  1.255  1.565  1.565  1.565  1.565    4    0    0    0  GET /search?q=%E6%B5%B7%E5%A4%96 HTTP/1.1
    3   3.115  1.038333  0.521833  0.320  1.251  1.544  1.544  1.544  1.544    3    0    0    0  GET /hashtag/foods HTTP/1.1
    3   2.772  0.924000  0.487472  0.342  0.895  1.535  1.535  1.535  1.535    3    0    0    0  GET /search?q=travel HTTP/1.1
    7   8.583  1.226143  0.242832  0.840  1.251  1.527  1.527  1.527  1.527    7    0    0    0  GET /hashtag/travel HTTP/1.1
    5   4.856  0.971200  0.406632  0.382  0.919  1.526  1.526  1.526  1.526    5    0    0    0  GET /hashtag/%E3%82%B9%E3%83%9D%E3%83%BC%E3%83%84 HTTP/1.1
    2   2.720  1.360000  0.149000  1.211  1.509  1.509  1.509  1.509  1.509    2    0    0    0  GET /hashtag/%E7%BE%8E%E5%91%B3%E3%81%97%E3%81%84 HTTP/1.1
    2   1.805  0.902500  0.602500  0.300  1.505  1.505  1.505  1.505  1.505    2    0    0    0  GET /hashtag/%E6%97%85%E8%A1%8C HTTP/1.1
    4   3.741  0.935250  0.415858  0.284  1.130  1.414  1.414  1.414  1.414    4    0    0    0  GET /hashtag/%E3%81%8A%E3%81%99%E3%81%99%E3%82%81 HTTP/1.1
    4   2.619  0.654750  0.398497  0.312  0.700  1.289  1.289  1.289  1.289    4    0    0    0  GET /search?q=foods HTTP/1.1
    3   2.573  0.857667  0.390529  0.341  0.947  1.285  1.285  1.285  1.285    3    0    0    0  GET /hashtag/sports HTTP/1.1
    1   1.282  1.282000  0.000000  1.282  1.282  1.282  1.282  1.282  1.282    1    0    0    0  GET /hashtag/%E9%A3%9F%E4%BA%8B HTTP/1.1
    3   2.886  0.962000  0.267533  0.623  0.986  1.277  1.277  1.277  1.277    3    0    0    0  GET /hashtag/%E3%83%80%E3%82%A4%E3%82%A8%E3%83%83%E3%83%88 HTTP/1.1
  315  59.817  0.189895  0.281739  0.000  0.031  0.646  0.874  1.097  1.272  315    0    0    0  GET /js/script.js HTTP/1.1
    3   3.157  1.052333  0.289516  0.643  1.249  1.265  1.265  1.265  1.265    3    0    0    0  GET /hashtag/%E5%8B%9F%E9%9B%86 HTTP/1.1
    5   4.092  0.818400  0.352863  0.355  0.660  1.263  1.263  1.263  1.263    5    0    0    0  GET /search?q=%E5%8B%9F%E9%9B%86 HTTP/1.1
  314  19.359  0.061653  0.188784  0.000  0.004  0.213  0.358  0.942  1.258  314    0    0    0  GET /css/style.css HTTP/1.1
    2   2.005  1.002500  0.254500  0.748  1.257  1.257  1.257  1.257  1.257    2    0    0    0  GET /search?q=sports HTTP/1.1
  174  45.093  0.259155  0.321970  0.003  0.032  0.857  0.866  1.086  1.250  174    0    0    0  GET / HTTP/1.1
    3   1.290  0.430000  0.568519  0.025  0.031  1.234  1.234  1.234  1.234    3    0    0    0  GET /takeichi HTTP/1.1

TOP 37 Slow Requests
 1  1.599  GET /search?q=%E3%82%B9%E3%83%9D%E3%83%BC%E3%83%84 HTTP/1.1
 2  1.565  GET /search?q=%E6%B5%B7%E5%A4%96 HTTP/1.1
 3  1.544  GET /hashtag/foods HTTP/1.1
 4  1.535  GET /search?q=travel HTTP/1.1
 5  1.527  GET /hashtag/travel HTTP/1.1
 6  1.526  GET /hashtag/%E3%82%B9%E3%83%9D%E3%83%BC%E3%83%84 HTTP/1.1
 7  1.524  GET /hashtag/travel HTTP/1.1
 8  1.509  GET /hashtag/%E7%BE%8E%E5%91%B3%E3%81%97%E3%81%84 HTTP/1.1
 9  1.505  GET /hashtag/%E6%97%85%E8%A1%8C HTTP/1.1
10  1.414  GET /hashtag/%E3%81%8A%E3%81%99%E3%81%99%E3%82%81 HTTP/1.1
11  1.302  GET /hashtag/%E3%82%B9%E3%83%9D%E3%83%BC%E3%83%84 HTTP/1.1
12  1.289  GET /search?q=foods HTTP/1.1
13  1.285  GET /hashtag/sports HTTP/1.1
14  1.282  GET /hashtag/%E9%A3%9F%E4%BA%8B HTTP/1.1
15  1.281  GET /hashtag/travel HTTP/1.1
16  1.277  GET /hashtag/%E3%83%80%E3%82%A4%E3%82%A8%E3%83%83%E3%83%88 HTTP/1.1
17  1.272  GET /js/script.js HTTP/1.1
18  1.265  GET /hashtag/%E5%8B%9F%E9%9B%86 HTTP/1.1
19  1.263  GET /search?q=%E5%8B%9F%E9%9B%86 HTTP/1.1
20  1.258  GET /css/style.css HTTP/1.1
21  1.257  GET /search?q=sports HTTP/1.1
22  1.255  GET /search?q=%E6%B5%B7%E5%A4%96 HTTP/1.1
23  1.251  GET /hashtag/travel HTTP/1.1
24  1.251  GET /hashtag/foods HTTP/1.1
25  1.250  GET / HTTP/1.1
26  1.249  GET /search?q=%E3%82%B9%E3%83%9D%E3%83%BC%E3%83%84 HTTP/1.1
27  1.249  GET /hashtag/%E5%8B%9F%E9%9B%86 HTTP/1.1
28  1.241  GET /search?q=%E3%82%B9%E3%83%9D%E3%83%BC%E3%83%84 HTTP/1.1
29  1.234  GET /takeichi HTTP/1.1
30  1.222  GET /js/script.js HTTP/1.1
31  1.218  GET /hashtag/travel HTTP/1.1
32  1.218  GET /css/style.css HTTP/1.1
33  1.211  GET /hashtag/%E7%BE%8E%E5%91%B3%E3%81%97%E3%81%84 HTTP/1.1
34  1.198  GET /search?q=%E5%8B%9F%E9%9B%86 HTTP/1.1
35  1.196  GET /js/script.js HTTP/1.1
36  1.130  GET /hashtag/%E3%81%8A%E3%81%99%E3%81%99%E3%82%81 HTTP/1.1
37  1.114  GET /?append=1&until=2016-12-30+04%3A20%3A04 HTTP/1.1
