Top 20 Sort By Count
Count   Total      Mean    Stddev    Min  P50.0  P90.0  P95.0  P99.0    Max   2xx  3xx  4xx  5xx  Request
 2778   0.000  0.000000  0.000000  0.000  0.000  0.000  0.000  0.000  0.000  2778    0    0    0  GET /favicon.ico HTTP/1.1
 2777   0.000  0.000000  0.000000  0.000  0.000  0.000  0.000  0.000  0.000  2777    0    0    0  GET /js/*
 2774   0.000  0.000000  0.000000  0.000  0.000  0.000  0.000  0.000  0.000  2774    0    0    0  GET /css/*
 1466  62.976  0.042958  0.025205  0.002  0.042  0.079  0.088  0.106  0.132  1466    0    0    0  GET / HTTP/1.1
  740  42.094  0.056884  0.018947  0.016  0.055  0.082  0.090  0.104  0.137   740    0    0    0  GET /?append=1&until=*
  445  13.258  0.029793  0.017720  0.002  0.026  0.056  0.060  0.078  0.087     0  445    0    0  POST /login HTTP/1.1
  293  13.035  0.044488  0.019177  0.015  0.041  0.071  0.076  0.102  0.142   293    0    0    0  GET /search?q=*
  293  13.969  0.047676  0.018845  0.016  0.046  0.073  0.078  0.102  0.119   293    0    0    0  GET /hashtag/*
  146   6.206  0.042507  0.018772  0.007  0.040  0.064  0.070  0.091  0.099     0  146    0    0  POST /unfollow HTTP/1.1
  145   6.095  0.042034  0.020031  0.008  0.043  0.069  0.075  0.088  0.090     0  145    0    0  POST /follow HTTP/1.1
  144   4.733  0.032868  0.018394  0.003  0.029  0.060  0.067  0.074  0.077     0  144    0    0  POST / HTTP/1.1
  144   4.526  0.031431  0.020127  0.001  0.029  0.057  0.062  0.090  0.111     0  144    0    0  POST /logout HTTP/1.1
   28   2.583  0.092250  0.022982  0.049  0.090  0.134  0.138  0.143  0.143    28    0    0    0  GET /haruki HTTP/1.1
   28   2.441  0.087179  0.013261  0.063  0.087  0.104  0.105  0.118  0.118    28    0    0    0  GET /masafumi HTTP/1.1
   23   2.245  0.097609  0.021589  0.053  0.095  0.126  0.140  0.142  0.142    23    0    0    0  GET /akihisa HTTP/1.1
   23   2.114  0.091913  0.016213  0.062  0.091  0.112  0.113  0.115  0.115    23    0    0    0  GET /masaaki HTTP/1.1
   23   2.091  0.090913  0.022519  0.055  0.088  0.130  0.133  0.145  0.145    23    0    0    0  GET /motoki HTTP/1.1
   23   2.223  0.096652  0.019130  0.077  0.088  0.129  0.137  0.142  0.142    23    0    0    0  GET /ikki HTTP/1.1
   23   2.153  0.093609  0.020719  0.050  0.094  0.118  0.123  0.135  0.135    23    0    0    0  GET /muneo HTTP/1.1
   23   2.070  0.090000  0.019003  0.061  0.089  0.115  0.118  0.131  0.131    23    0    0    0  GET /kiyohiro HTTP/1.1

Top 20 Sort By Total
Count   Total      Mean    Stddev    Min  P50.0  P90.0  P95.0  P99.0    Max   2xx  3xx  4xx  5xx  Request
 1466  62.976  0.042958  0.025205  0.002  0.042  0.079  0.088  0.106  0.132  1466    0    0    0  GET / HTTP/1.1
  740  42.094  0.056884  0.018947  0.016  0.055  0.082  0.090  0.104  0.137   740    0    0    0  GET /?append=1&until=*
  293  13.969  0.047676  0.018845  0.016  0.046  0.073  0.078  0.102  0.119   293    0    0    0  GET /hashtag/*
  445  13.258  0.029793  0.017720  0.002  0.026  0.056  0.060  0.078  0.087     0  445    0    0  POST /login HTTP/1.1
  293  13.035  0.044488  0.019177  0.015  0.041  0.071  0.076  0.102  0.142   293    0    0    0  GET /search?q=*
  146   6.206  0.042507  0.018772  0.007  0.040  0.064  0.070  0.091  0.099     0  146    0    0  POST /unfollow HTTP/1.1
  145   6.095  0.042034  0.020031  0.008  0.043  0.069  0.075  0.088  0.090     0  145    0    0  POST /follow HTTP/1.1
  144   4.733  0.032868  0.018394  0.003  0.029  0.060  0.067  0.074  0.077     0  144    0    0  POST / HTTP/1.1
  144   4.526  0.031431  0.020127  0.001  0.029  0.057  0.062  0.090  0.111     0  144    0    0  POST /logout HTTP/1.1
   28   2.583  0.092250  0.022982  0.049  0.090  0.134  0.138  0.143  0.143    28    0    0    0  GET /haruki HTTP/1.1
   28   2.441  0.087179  0.013261  0.063  0.087  0.104  0.105  0.118  0.118    28    0    0    0  GET /masafumi HTTP/1.1
   23   2.245  0.097609  0.021589  0.053  0.095  0.126  0.140  0.142  0.142    23    0    0    0  GET /akihisa HTTP/1.1
   23   2.223  0.096652  0.019130  0.077  0.088  0.129  0.137  0.142  0.142    23    0    0    0  GET /ikki HTTP/1.1
   23   2.153  0.093609  0.020719  0.050  0.094  0.118  0.123  0.135  0.135    23    0    0    0  GET /muneo HTTP/1.1
   23   2.144  0.093217  0.019397  0.065  0.090  0.125  0.128  0.135  0.135    23    0    0    0  GET /yasumi HTTP/1.1
   23   2.114  0.091913  0.016213  0.062  0.091  0.112  0.113  0.115  0.115    23    0    0    0  GET /masaaki HTTP/1.1
   23   2.091  0.090913  0.022519  0.055  0.088  0.130  0.133  0.145  0.145    23    0    0    0  GET /motoki HTTP/1.1
   23   2.070  0.090000  0.019003  0.061  0.089  0.115  0.118  0.131  0.131    23    0    0    0  GET /kiyohiro HTTP/1.1
   23   1.896  0.082435  0.015452  0.057  0.082  0.106  0.107  0.107  0.107    23    0    0    0  GET /haruchika HTTP/1.1
   18   1.819  0.101056  0.025720  0.064  0.108  0.146  0.149  0.149  0.149    18    0    0    0  GET /hironobu HTTP/1.1

Top 20 Sort By Mean
Count  Total      Mean    Stddev    Min  P50.0  P90.0  P95.0  P99.0    Max  2xx  3xx  4xx  5xx  Request
    1  0.180  0.180000  0.000000  0.180  0.180  0.180  0.180  0.180  0.180    1    0    0    0  GET /initialize HTTP/1.1
    5  0.606  0.121200  0.012319  0.104  0.121  0.138  0.138  0.138  0.138    5    0    0    0  GET /shuhei HTTP/1.1
    5  0.556  0.111200  0.016845  0.086  0.111  0.139  0.139  0.139  0.139    5    0    0    0  GET /masaie HTTP/1.1
    3  0.311  0.103667  0.019669  0.076  0.115  0.120  0.120  0.120  0.120    3    0    0    0  GET /kazuya HTTP/1.1
   13  1.327  0.102077  0.021678  0.066  0.104  0.130  0.137  0.137  0.137   13    0    0    0  GET /motozane HTTP/1.1
    3  0.305  0.101667  0.004497  0.096  0.102  0.107  0.107  0.107  0.107    3    0    0    0  GET /takanobu HTTP/1.1
    3  0.304  0.101333  0.016049  0.079  0.109  0.116  0.116  0.116  0.116    3    0    0    0  GET /junki HTTP/1.1
   18  1.819  0.101056  0.025720  0.064  0.108  0.146  0.149  0.149  0.149   18    0    0    0  GET /hironobu HTTP/1.1
    3  0.302  0.100667  0.006342  0.092  0.103  0.107  0.107  0.107  0.107    3    0    0    0  GET /takefumi HTTP/1.1
    3  0.302  0.100667  0.017153  0.080  0.100  0.122  0.122  0.122  0.122    3    0    0    0  GET /tatsushi HTTP/1.1
    8  0.796  0.099500  0.031389  0.066  0.098  0.171  0.171  0.171  0.171    8    0    0    0  GET /yorinobu HTTP/1.1
    8  0.795  0.099375  0.010897  0.082  0.100  0.114  0.114  0.114  0.114    8    0    0    0  GET /takauji HTTP/1.1
   13  1.291  0.099308  0.021914  0.059  0.102  0.122  0.132  0.132  0.132   13    0    0    0  GET /yoritsugu HTTP/1.1
    8  0.794  0.099250  0.020204  0.071  0.097  0.139  0.139  0.139  0.139    8    0    0    0  GET /mitsumori HTTP/1.1
    8  0.793  0.099125  0.023267  0.068  0.118  0.129  0.129  0.129  0.129    8    0    0    0  GET /masahiro HTTP/1.1
   13  1.280  0.098462  0.031600  0.046  0.096  0.153  0.155  0.155  0.155   13    0    0    0  GET /shinta HTTP/1.1
    3  0.294  0.098000  0.027821  0.074  0.083  0.137  0.137  0.137  0.137    3    0    0    0  GET /tadayo HTTP/1.1
   23  2.245  0.097609  0.021589  0.053  0.095  0.126  0.140  0.142  0.142   23    0    0    0  GET /akihisa HTTP/1.1
   15  1.464  0.097600  0.020552  0.066  0.101  0.128  0.130  0.130  0.130   15    0    0    0  GET /toshihiro HTTP/1.1
    3  0.291  0.097000  0.007257  0.087  0.100  0.104  0.104  0.104  0.104    3    0    0    0  GET /nobutaka HTTP/1.1

Top 20 Sort By Standard Deviation
Count   Total      Mean    Stddev    Min  P50.0  P90.0  P95.0  P99.0    Max   2xx  3xx  4xx  5xx  Request
    3   0.251  0.083667  0.035706  0.055  0.062  0.134  0.134  0.134  0.134     3    0    0    0  GET /katsutoshi HTTP/1.1
   13   1.280  0.098462  0.031600  0.046  0.096  0.153  0.155  0.155  0.155    13    0    0    0  GET /shinta HTTP/1.1
    8   0.796  0.099500  0.031389  0.066  0.098  0.171  0.171  0.171  0.171     8    0    0    0  GET /yorinobu HTTP/1.1
    3   0.230  0.076667  0.030269  0.050  0.061  0.119  0.119  0.119  0.119     3    0    0    0  GET /sogen HTTP/1.1
    3   0.294  0.098000  0.027821  0.074  0.083  0.137  0.137  0.137  0.137     3    0    0    0  GET /tadayo HTTP/1.1
    3   0.235  0.078333  0.027158  0.053  0.066  0.116  0.116  0.116  0.116     3    0    0    0  GET /taiji HTTP/1.1
    8   0.724  0.090500  0.025831  0.053  0.084  0.135  0.135  0.135  0.135     8    0    0    0  GET /shigenori HTTP/1.1
   18   1.819  0.101056  0.025720  0.064  0.108  0.146  0.149  0.149  0.149    18    0    0    0  GET /hironobu HTTP/1.1
    2   0.159  0.079500  0.025500  0.054  0.105  0.105  0.105  0.105  0.105     2    0    0    0  GET /ryusuke HTTP/1.1
 1466  62.976  0.042958  0.025205  0.002  0.042  0.079  0.088  0.106  0.132  1466    0    0    0  GET / HTTP/1.1
    3   0.241  0.080333  0.024797  0.055  0.072  0.114  0.114  0.114  0.114     3    0    0    0  GET /shigeo HTTP/1.1
   13   1.231  0.094692  0.023753  0.053  0.091  0.117  0.137  0.137  0.137    13    0    0    0  GET /ryutaro HTTP/1.1
   18   1.713  0.095167  0.023507  0.059  0.094  0.129  0.139  0.139  0.139    18    0    0    0  GET /tatsuhito HTTP/1.1
    3   0.225  0.075000  0.023424  0.056  0.061  0.108  0.108  0.108  0.108     3    0    0    0  GET /takahisa HTTP/1.1
    3   0.222  0.074000  0.023338  0.057  0.058  0.107  0.107  0.107  0.107     3    0    0    0  GET /yasuro HTTP/1.1
    8   0.793  0.099125  0.023267  0.068  0.118  0.129  0.129  0.129  0.129     8    0    0    0  GET /masahiro HTTP/1.1
   28   2.583  0.092250  0.022982  0.049  0.090  0.134  0.138  0.143  0.143    28    0    0    0  GET /haruki HTTP/1.1
    8   0.747  0.093375  0.022814  0.062  0.097  0.138  0.138  0.138  0.138     8    0    0    0  GET /rentaro HTTP/1.1
   13   1.154  0.088769  0.022780  0.057  0.081  0.121  0.122  0.122  0.122    13    0    0    0  GET /katsusuke HTTP/1.1
    8   0.740  0.092500  0.022705  0.067  0.089  0.125  0.125  0.125  0.125     8    0    0    0  GET /kiyohiko HTTP/1.1

Top 20 Sort By Maximum(100 Percentile)
Count   Total      Mean    Stddev    Min  P50.0  P90.0  P95.0  P99.0    Max  2xx  3xx  4xx  5xx  Request
    1   0.180  0.180000  0.000000  0.180  0.180  0.180  0.180  0.180  0.180    1    0    0    0  GET /initialize HTTP/1.1
    8   0.796  0.099500  0.031389  0.066  0.098  0.171  0.171  0.171  0.171    8    0    0    0  GET /yorinobu HTTP/1.1
   13   1.280  0.098462  0.031600  0.046  0.096  0.153  0.155  0.155  0.155   13    0    0    0  GET /shinta HTTP/1.1
   18   1.819  0.101056  0.025720  0.064  0.108  0.146  0.149  0.149  0.149   18    0    0    0  GET /hironobu HTTP/1.1
   23   2.091  0.090913  0.022519  0.055  0.088  0.130  0.133  0.145  0.145   23    0    0    0  GET /motoki HTTP/1.1
   28   2.583  0.092250  0.022982  0.049  0.090  0.134  0.138  0.143  0.143   28    0    0    0  GET /haruki HTTP/1.1
   13   1.212  0.093231  0.018893  0.071  0.091  0.111  0.142  0.142  0.142   13    0    0    0  GET /hitoshi HTTP/1.1
   23   2.223  0.096652  0.019130  0.077  0.088  0.129  0.137  0.142  0.142   23    0    0    0  GET /ikki HTTP/1.1
  293  13.035  0.044488  0.019177  0.015  0.041  0.071  0.076  0.102  0.142  293    0    0    0  GET /search?q=*
   23   2.245  0.097609  0.021589  0.053  0.095  0.126  0.140  0.142  0.142   23    0    0    0  GET /akihisa HTTP/1.1
   18   1.644  0.091333  0.018708  0.052  0.094  0.111  0.140  0.140  0.140   18    0    0    0  GET /hiroyuki HTTP/1.1
    8   0.794  0.099250  0.020204  0.071  0.097  0.139  0.139  0.139  0.139    8    0    0    0  GET /mitsumori HTTP/1.1
   18   1.713  0.095167  0.023507  0.059  0.094  0.129  0.139  0.139  0.139   18    0    0    0  GET /tatsuhito HTTP/1.1
    5   0.556  0.111200  0.016845  0.086  0.111  0.139  0.139  0.139  0.139    5    0    0    0  GET /masaie HTTP/1.1
    5   0.606  0.121200  0.012319  0.104  0.121  0.138  0.138  0.138  0.138    5    0    0    0  GET /shuhei HTTP/1.1
    8   0.747  0.093375  0.022814  0.062  0.097  0.138  0.138  0.138  0.138    8    0    0    0  GET /rentaro HTTP/1.1
   13   1.327  0.102077  0.021678  0.066  0.104  0.130  0.137  0.137  0.137   13    0    0    0  GET /motozane HTTP/1.1
  740  42.094  0.056884  0.018947  0.016  0.055  0.082  0.090  0.104  0.137  740    0    0    0  GET /?append=1&until=*
    3   0.294  0.098000  0.027821  0.074  0.083  0.137  0.137  0.137  0.137    3    0    0    0  GET /tadayo HTTP/1.1
   13   1.231  0.094692  0.023753  0.053  0.091  0.117  0.137  0.137  0.137   13    0    0    0  GET /ryutaro HTTP/1.1

TOP 37 Slow Requests
 1  0.180  GET /initialize HTTP/1.1
 2  0.171  GET /yorinobu HTTP/1.1
 3  0.155  GET /shinta HTTP/1.1
 4  0.153  GET /shinta HTTP/1.1
 5  0.149  GET /hironobu HTTP/1.1
 6  0.146  GET /hironobu HTTP/1.1
 7  0.145  GET /motoki HTTP/1.1
 8  0.143  GET /haruki HTTP/1.1
 9  0.142  GET /ikki HTTP/1.1
10  0.142  GET /akihisa HTTP/1.1
11  0.142  GET /search?q=*
12  0.142  GET /hitoshi HTTP/1.1
13  0.140  GET /hiroyuki HTTP/1.1
14  0.140  GET /akihisa HTTP/1.1
15  0.139  GET /hironobu HTTP/1.1
16  0.139  GET /masaie HTTP/1.1
17  0.139  GET /mitsumori HTTP/1.1
18  0.139  GET /tatsuhito HTTP/1.1
19  0.138  GET /rentaro HTTP/1.1
20  0.138  GET /haruki HTTP/1.1
21  0.138  GET /shuhei HTTP/1.1
22  0.137  GET /ikki HTTP/1.1
23  0.137  GET /?append=1&until=*
24  0.137  GET /tadayo HTTP/1.1
25  0.137  GET /ryutaro HTTP/1.1
26  0.137  GET /motozane HTTP/1.1
27  0.135  GET /yasumi HTTP/1.1
28  0.135  GET /shigenori HTTP/1.1
29  0.135  GET /muneo HTTP/1.1
30  0.134  GET /katsutoshi HTTP/1.1
31  0.134  GET /haruki HTTP/1.1
32  0.133  GET /motoki HTTP/1.1
33  0.132  GET /yoritsugu HTTP/1.1
34  0.132  GET / HTTP/1.1
35  0.131  GET /shuhei HTTP/1.1
36  0.131  GET /kiyohiro HTTP/1.1
37  0.131  GET / HTTP/1.1
